[1591920000] LOG ROTATION: DAILY
[1591920000] LOG VERSION: 2.0
[1591920000] CURRENT HOST STATE: Dial4trade.in;UP;HARD;1;PING OK - Packet loss = 0%, RTA = 0.77 ms
[1591920000] CURRENT HOST STATE: localhost;UP;HARD;1;PING OK - Packet loss = 0%, RTA = 0.04 ms
[1591920000] CURRENT SERVICE STATE: Dial4trade.in;Apache Monitoring;OK;HARD;1;httpd is runing ! ! !
[1591920000] CURRENT SERVICE STATE: Dial4trade.in;CPU Load;OK;HARD;1;OK - load average: 0.00, 0.01, 0.05
[1591920000] CURRENT SERVICE STATE: Dial4trade.in;Current Users;OK;HARD;1;USERS OK - 0 users currently logged in
[1591920000] CURRENT SERVICE STATE: Dial4trade.in;FTP Monitoring;OK;HARD;1;vsftpd is running fine ! ! !
[1591920000] CURRENT SERVICE STATE: Dial4trade.in;Memory monitoring;OK;HARD;1;53.23%
[1591920000] CURRENT SERVICE STATE: Dial4trade.in;PHP-FPM;OK;HARD;1;php-fpm is running fine ! ! !
[1591920000] CURRENT SERVICE STATE: Dial4trade.in;ROOT monitoring;OK;HARD;1;OK - 32% of disk space used.
[1591920000] CURRENT SERVICE STATE: Dial4trade.in;SSH Monitoring;CRITICAL;HARD;3;CHECK_NRPE STATE CRITICAL: Socket timeout after 10 seconds.
[1591920000] CURRENT SERVICE STATE: Dial4trade.in;SWAP Monitoring;OK;HARD;1;SWAP OK - 98% free (1995 MB out of 2047 MB)
[1591920000] CURRENT SERVICE STATE: Dial4trade.in;Total Processes;OK;HARD;1;PROCS OK: 122 processes
[1591920000] CURRENT SERVICE STATE: localhost;Current Load;OK;HARD;1;OK - load average: 0.00, 0.01, 0.05
[1591920000] CURRENT SERVICE STATE: localhost;Current Users;OK;HARD;1;USERS OK - 0 users currently logged in
[1591920000] CURRENT SERVICE STATE: localhost;HTTP;OK;HARD;1;HTTP OK: HTTP/1.1 200 OK - 296 bytes in 0.000 second response time
[1591920000] CURRENT SERVICE STATE: localhost;Memory monitoring;OK;HARD;1;10.21%
[1591920000] CURRENT SERVICE STATE: localhost;PING;OK;HARD;1;PING OK - Packet loss = 0%, RTA = 0.04 ms
[1591920000] CURRENT SERVICE STATE: localhost;Root Partition;OK;HARD;1;DISK OK - free space: / 8349 MB (81.62% inode=99%):
[1591920000] CURRENT SERVICE STATE: localhost;SSH;OK;HARD;1;SSH OK - OpenSSH_7.4 (protocol 2.0)
[1591920000] CURRENT SERVICE STATE: localhost;Swap Usage;OK;HARD;1;SWAP OK - 100% free (511 MB out of 511 MB)
[1591920000] CURRENT SERVICE STATE: localhost;Total Processes;OK;HARD;1;PROCS OK: 34 processes with STATE = RSZDT
[1591920603] Auto-save of retention data completed successfully.
[1591920744] SERVICE NOTIFICATION: nagiosadmin;Dial4trade.in;SSH Monitoring;CRITICAL;notify-service-by-email;CHECK_NRPE STATE CRITICAL: Socket timeout after 10 seconds.
[1591920744] wproc: NOTIFY job 147827 from worker Core Worker 23139 is a non-check helper but exited with return code 75
[1591920744] wproc:   host=Dial4trade.in; service=SSH Monitoring; contact=nagiosadmin
[1591920744] wproc:   early_timeout=0; exited_ok=1; wait_status=19200; error_code=0;
[1591920744] wproc:   stderr line 01: sendmail: invalid option -- 's'
[1591920744] wproc:   stderr line 02: sendmail: invalid option -- 's'
[1591920744] wproc:   stderr line 03: sendmail: fatal: usage: sendmail [options]
[1591920744] wproc:   stderr line 04: /usr/bin/printf: write error: Broken pipe
[1591924203] Auto-save of retention data completed successfully.
[1591924344] SERVICE NOTIFICATION: nagiosadmin;Dial4trade.in;SSH Monitoring;CRITICAL;notify-service-by-email;CHECK_NRPE STATE CRITICAL: Socket timeout after 10 seconds.
[1591924344] wproc: NOTIFY job 147875 from worker Core Worker 23140 is a non-check helper but exited with return code 75
[1591924344] wproc:   host=Dial4trade.in; service=SSH Monitoring; contact=nagiosadmin
[1591924344] wproc:   early_timeout=0; exited_ok=1; wait_status=19200; error_code=0;
[1591924344] wproc:   stderr line 01: sendmail: invalid option -- 's'
[1591924344] wproc:   stderr line 02: sendmail: invalid option -- 's'
[1591924344] wproc:   stderr line 03: sendmail: fatal: usage: sendmail [options]
[1591924344] wproc:   stderr line 04: /usr/bin/printf: write error: Broken pipe
[1591927803] Auto-save of retention data completed successfully.
[1591927944] SERVICE NOTIFICATION: nagiosadmin;Dial4trade.in;SSH Monitoring;CRITICAL;notify-service-by-email;CHECK_NRPE STATE CRITICAL: Socket timeout after 10 seconds.
[1591927944] wproc: NOTIFY job 147924 from worker Core Worker 23141 is a non-check helper but exited with return code 75
[1591927944] wproc:   host=Dial4trade.in; service=SSH Monitoring; contact=nagiosadmin
[1591927944] wproc:   early_timeout=0; exited_ok=1; wait_status=19200; error_code=0;
[1591927944] wproc:   stderr line 01: sendmail: invalid option -- 's'
[1591927944] wproc:   stderr line 02: sendmail: invalid option -- 's'
[1591927944] wproc:   stderr line 03: sendmail: fatal: usage: sendmail [options]
[1591927944] wproc:   stderr line 04: /usr/bin/printf: write error: Broken pipe
[1591931403] Auto-save of retention data completed successfully.
[1591931544] SERVICE NOTIFICATION: nagiosadmin;Dial4trade.in;SSH Monitoring;CRITICAL;notify-service-by-email;CHECK_NRPE STATE CRITICAL: Socket timeout after 10 seconds.
[1591931544] wproc: NOTIFY job 147972 from worker Core Worker 23142 is a non-check helper but exited with return code 75
[1591931544] wproc:   host=Dial4trade.in; service=SSH Monitoring; contact=nagiosadmin
[1591931544] wproc:   early_timeout=0; exited_ok=1; wait_status=19200; error_code=0;
[1591931544] wproc:   stderr line 01: sendmail: invalid option -- 's'
[1591931544] wproc:   stderr line 02: sendmail: invalid option -- 's'
[1591931544] wproc:   stderr line 03: sendmail: fatal: usage: sendmail [options]
[1591931544] wproc:   stderr line 04: /usr/bin/printf: write error: Broken pipe
[1591935003] Auto-save of retention data completed successfully.
[1591935144] SERVICE NOTIFICATION: nagiosadmin;Dial4trade.in;SSH Monitoring;CRITICAL;notify-service-by-email;CHECK_NRPE STATE CRITICAL: Socket timeout after 10 seconds.
[1591935144] wproc: NOTIFY job 148020 from worker Core Worker 23139 is a non-check helper but exited with return code 75
[1591935144] wproc:   host=Dial4trade.in; service=SSH Monitoring; contact=nagiosadmin
[1591935144] wproc:   early_timeout=0; exited_ok=1; wait_status=19200; error_code=0;
[1591935144] wproc:   stderr line 01: sendmail: invalid option -- 's'
[1591935144] wproc:   stderr line 02: sendmail: invalid option -- 's'
[1591935144] wproc:   stderr line 03: sendmail: fatal: usage: sendmail [options]
[1591935144] wproc:   stderr line 04: /usr/bin/printf: write error: Broken pipe
[1591938603] Auto-save of retention data completed successfully.
[1591938744] SERVICE NOTIFICATION: nagiosadmin;Dial4trade.in;SSH Monitoring;CRITICAL;notify-service-by-email;CHECK_NRPE STATE CRITICAL: Socket timeout after 10 seconds.
[1591938744] wproc: NOTIFY job 148068 from worker Core Worker 23140 is a non-check helper but exited with return code 75
[1591938744] wproc:   host=Dial4trade.in; service=SSH Monitoring; contact=nagiosadmin
[1591938744] wproc:   early_timeout=0; exited_ok=1; wait_status=19200; error_code=0;
[1591938744] wproc:   stderr line 01: sendmail: invalid option -- 's'
[1591938744] wproc:   stderr line 02: sendmail: invalid option -- 's'
[1591938744] wproc:   stderr line 03: sendmail: fatal: usage: sendmail [options]
[1591938744] wproc:   stderr line 04: /usr/bin/printf: write error: Broken pipe
[1591942203] Auto-save of retention data completed successfully.
[1591942344] SERVICE NOTIFICATION: nagiosadmin;Dial4trade.in;SSH Monitoring;CRITICAL;notify-service-by-email;CHECK_NRPE STATE CRITICAL: Socket timeout after 10 seconds.
[1591942344] wproc: NOTIFY job 148117 from worker Core Worker 23141 is a non-check helper but exited with return code 75
[1591942344] wproc:   host=Dial4trade.in; service=SSH Monitoring; contact=nagiosadmin
[1591942344] wproc:   early_timeout=0; exited_ok=1; wait_status=19200; error_code=0;
[1591942344] wproc:   stderr line 01: sendmail: invalid option -- 's'
[1591942344] wproc:   stderr line 02: sendmail: invalid option -- 's'
[1591942344] wproc:   stderr line 03: sendmail: fatal: usage: sendmail [options]
[1591942344] wproc:   stderr line 04: /usr/bin/printf: write error: Broken pipe
[1591945803] Auto-save of retention data completed successfully.
[1591945944] SERVICE NOTIFICATION: nagiosadmin;Dial4trade.in;SSH Monitoring;CRITICAL;notify-service-by-email;CHECK_NRPE STATE CRITICAL: Socket timeout after 10 seconds.
[1591945944] wproc: NOTIFY job 148165 from worker Core Worker 23142 is a non-check helper but exited with return code 75
[1591945944] wproc:   host=Dial4trade.in; service=SSH Monitoring; contact=nagiosadmin
[1591945944] wproc:   early_timeout=0; exited_ok=1; wait_status=19200; error_code=0;
[1591945944] wproc:   stderr line 01: sendmail: invalid option -- 's'
[1591945944] wproc:   stderr line 02: sendmail: invalid option -- 's'
[1591945944] wproc:   stderr line 03: sendmail: fatal: usage: sendmail [options]
[1591945944] wproc:   stderr line 04: /usr/bin/printf: write error: Broken pipe
[1591949403] Auto-save of retention data completed successfully.
[1591949544] SERVICE NOTIFICATION: nagiosadmin;Dial4trade.in;SSH Monitoring;CRITICAL;notify-service-by-email;CHECK_NRPE STATE CRITICAL: Socket timeout after 10 seconds.
[1591949544] wproc: NOTIFY job 148213 from worker Core Worker 23139 is a non-check helper but exited with return code 75
[1591949544] wproc:   host=Dial4trade.in; service=SSH Monitoring; contact=nagiosadmin
[1591949544] wproc:   early_timeout=0; exited_ok=1; wait_status=19200; error_code=0;
[1591949544] wproc:   stderr line 01: sendmail: invalid option -- 's'
[1591949544] wproc:   stderr line 02: sendmail: invalid option -- 's'
[1591949544] wproc:   stderr line 03: sendmail: fatal: usage: sendmail [options]
[1591949544] wproc:   stderr line 04: /usr/bin/printf: write error: Broken pipe
[1591953003] Auto-save of retention data completed successfully.
[1591953144] SERVICE NOTIFICATION: nagiosadmin;Dial4trade.in;SSH Monitoring;CRITICAL;notify-service-by-email;CHECK_NRPE STATE CRITICAL: Socket timeout after 10 seconds.
[1591953144] wproc: NOTIFY job 148261 from worker Core Worker 23140 is a non-check helper but exited with return code 75
[1591953144] wproc:   host=Dial4trade.in; service=SSH Monitoring; contact=nagiosadmin
[1591953144] wproc:   early_timeout=0; exited_ok=1; wait_status=19200; error_code=0;
[1591953144] wproc:   stderr line 01: sendmail: invalid option -- 's'
[1591953144] wproc:   stderr line 02: sendmail: invalid option -- 's'
[1591953144] wproc:   stderr line 03: sendmail: fatal: usage: sendmail [options]
[1591953144] wproc:   stderr line 04: /usr/bin/printf: write error: Broken pipe
