[1585094400] LOG ROTATION: DAILY
[1585094400] LOG VERSION: 2.0
[1585094400] CURRENT HOST STATE: Dial4trade.in;UP;HARD;1;PING OK - Packet loss = 0%, RTA = 0.91 ms
[1585094400] CURRENT HOST STATE: localhost;UP;HARD;1;PING OK - Packet loss = 0%, RTA = 0.04 ms
[1585094400] CURRENT SERVICE STATE: Dial4trade.in;Apache Monitoring;OK;HARD;1;httpd is runing ! ! !
[1585094400] CURRENT SERVICE STATE: Dial4trade.in;CPU Load;OK;HARD;1;OK - load average: 0.00, 0.01, 0.05
[1585094400] CURRENT SERVICE STATE: Dial4trade.in;Current Users;OK;HARD;1;USERS OK - 0 users currently logged in
[1585094400] CURRENT SERVICE STATE: Dial4trade.in;FTP Monitoring;OK;HARD;1;vsftpd is running fine ! ! !
[1585094400] CURRENT SERVICE STATE: Dial4trade.in;Memory monitoring;OK;HARD;1;32.73%
[1585094400] CURRENT SERVICE STATE: Dial4trade.in;PHP-FPM;OK;HARD;1;php-fpm is running fine ! ! !
[1585094400] CURRENT SERVICE STATE: Dial4trade.in;ROOT monitoring;OK;HARD;1;OK - 34% of disk space used.
[1585094400] CURRENT SERVICE STATE: Dial4trade.in;SSH Monitoring;CRITICAL;HARD;3;CHECK_NRPE STATE CRITICAL: Socket timeout after 10 seconds.
[1585094400] CURRENT SERVICE STATE: Dial4trade.in;SWAP Monitoring;OK;HARD;1;SWAP OK - 98% free (2006 MB out of 2047 MB)
[1585094400] CURRENT SERVICE STATE: Dial4trade.in;Total Processes;OK;HARD;1;PROCS OK: 121 processes
[1585094400] CURRENT SERVICE STATE: localhost;Current Load;OK;HARD;1;OK - load average: 0.00, 0.01, 0.05
[1585094400] CURRENT SERVICE STATE: localhost;Current Users;OK;HARD;1;USERS OK - 0 users currently logged in
[1585094400] CURRENT SERVICE STATE: localhost;HTTP;OK;HARD;1;HTTP OK: HTTP/1.1 200 OK - 296 bytes in 0.000 second response time
[1585094400] CURRENT SERVICE STATE: localhost;Memory monitoring;OK;HARD;1;9.61%
[1585094400] CURRENT SERVICE STATE: localhost;PING;OK;HARD;1;PING OK - Packet loss = 0%, RTA = 0.04 ms
[1585094400] CURRENT SERVICE STATE: localhost;Root Partition;OK;HARD;1;DISK OK - free space: / 8350 MB (81.64% inode=99%):
[1585094400] CURRENT SERVICE STATE: localhost;SSH;OK;HARD;1;SSH OK - OpenSSH_7.4 (protocol 2.0)
[1585094400] CURRENT SERVICE STATE: localhost;Swap Usage;OK;HARD;1;SWAP OK - 100% free (511 MB out of 511 MB)
[1585094400] CURRENT SERVICE STATE: localhost;Total Processes;OK;HARD;1;PROCS OK: 34 processes with STATE = RSZDT
[1585095003] Auto-save of retention data completed successfully.
[1585095140] SERVICE NOTIFICATION: nagiosadmin;Dial4trade.in;SSH Monitoring;CRITICAL;notify-service-by-email;CHECK_NRPE STATE CRITICAL: Socket timeout after 10 seconds.
[1585095140] wproc: NOTIFY job 56332 from worker Core Worker 23142 is a non-check helper but exited with return code 75
[1585095140] wproc:   host=Dial4trade.in; service=SSH Monitoring; contact=nagiosadmin
[1585095140] wproc:   early_timeout=0; exited_ok=1; wait_status=19200; error_code=0;
[1585095140] wproc:   stderr line 01: sendmail: invalid option -- 's'
[1585095140] wproc:   stderr line 02: sendmail: invalid option -- 's'
[1585095140] wproc:   stderr line 03: sendmail: fatal: usage: sendmail [options]
[1585095140] wproc:   stderr line 04: /usr/bin/printf: write error: Broken pipe
[1585098603] Auto-save of retention data completed successfully.
[1585098740] SERVICE NOTIFICATION: nagiosadmin;Dial4trade.in;SSH Monitoring;CRITICAL;notify-service-by-email;CHECK_NRPE STATE CRITICAL: Socket timeout after 10 seconds.
[1585098740] wproc: NOTIFY job 56380 from worker Core Worker 23139 is a non-check helper but exited with return code 75
[1585098740] wproc:   host=Dial4trade.in; service=SSH Monitoring; contact=nagiosadmin
[1585098740] wproc:   early_timeout=0; exited_ok=1; wait_status=19200; error_code=0;
[1585098740] wproc:   stderr line 01: sendmail: invalid option -- 's'
[1585098740] wproc:   stderr line 02: sendmail: invalid option -- 's'
[1585098740] wproc:   stderr line 03: sendmail: fatal: usage: sendmail [options]
[1585098740] wproc:   stderr line 04: /usr/bin/printf: write error: Broken pipe
[1585102203] Auto-save of retention data completed successfully.
[1585102340] SERVICE NOTIFICATION: nagiosadmin;Dial4trade.in;SSH Monitoring;CRITICAL;notify-service-by-email;CHECK_NRPE STATE CRITICAL: Socket timeout after 10 seconds.
[1585102340] wproc: NOTIFY job 56428 from worker Core Worker 23140 is a non-check helper but exited with return code 75
[1585102340] wproc:   host=Dial4trade.in; service=SSH Monitoring; contact=nagiosadmin
[1585102340] wproc:   early_timeout=0; exited_ok=1; wait_status=19200; error_code=0;
[1585102340] wproc:   stderr line 01: sendmail: invalid option -- 's'
[1585102340] wproc:   stderr line 02: sendmail: invalid option -- 's'
[1585102340] wproc:   stderr line 03: sendmail: fatal: usage: sendmail [options]
[1585102340] wproc:   stderr line 04: /usr/bin/printf: write error: Broken pipe
[1585105803] Auto-save of retention data completed successfully.
[1585105940] SERVICE NOTIFICATION: nagiosadmin;Dial4trade.in;SSH Monitoring;CRITICAL;notify-service-by-email;CHECK_NRPE STATE CRITICAL: Socket timeout after 10 seconds.
[1585105940] wproc: NOTIFY job 56477 from worker Core Worker 23141 is a non-check helper but exited with return code 75
[1585105940] wproc:   host=Dial4trade.in; service=SSH Monitoring; contact=nagiosadmin
[1585105940] wproc:   early_timeout=0; exited_ok=1; wait_status=19200; error_code=0;
[1585105940] wproc:   stderr line 01: sendmail: invalid option -- 's'
[1585105940] wproc:   stderr line 02: sendmail: invalid option -- 's'
[1585105940] wproc:   stderr line 03: sendmail: fatal: usage: sendmail [options]
[1585105940] wproc:   stderr line 04: /usr/bin/printf: write error: Broken pipe
[1585109403] Auto-save of retention data completed successfully.
[1585109540] SERVICE NOTIFICATION: nagiosadmin;Dial4trade.in;SSH Monitoring;CRITICAL;notify-service-by-email;CHECK_NRPE STATE CRITICAL: Socket timeout after 10 seconds.
[1585109540] wproc: NOTIFY job 56525 from worker Core Worker 23142 is a non-check helper but exited with return code 75
[1585109540] wproc:   host=Dial4trade.in; service=SSH Monitoring; contact=nagiosadmin
[1585109540] wproc:   early_timeout=0; exited_ok=1; wait_status=19200; error_code=0;
[1585109540] wproc:   stderr line 01: sendmail: invalid option -- 's'
[1585109540] wproc:   stderr line 02: sendmail: invalid option -- 's'
[1585109540] wproc:   stderr line 03: sendmail: fatal: usage: sendmail [options]
[1585109540] wproc:   stderr line 04: /usr/bin/printf: write error: Broken pipe
[1585113003] Auto-save of retention data completed successfully.
[1585113140] SERVICE NOTIFICATION: nagiosadmin;Dial4trade.in;SSH Monitoring;CRITICAL;notify-service-by-email;CHECK_NRPE STATE CRITICAL: Socket timeout after 10 seconds.
[1585113140] wproc: NOTIFY job 56573 from worker Core Worker 23139 is a non-check helper but exited with return code 75
[1585113140] wproc:   host=Dial4trade.in; service=SSH Monitoring; contact=nagiosadmin
[1585113140] wproc:   early_timeout=0; exited_ok=1; wait_status=19200; error_code=0;
[1585113140] wproc:   stderr line 01: sendmail: invalid option -- 's'
[1585113140] wproc:   stderr line 02: sendmail: invalid option -- 's'
[1585113140] wproc:   stderr line 03: sendmail: fatal: usage: sendmail [options]
[1585113140] wproc:   stderr line 04: /usr/bin/printf: write error: Broken pipe
[1585116603] Auto-save of retention data completed successfully.
[1585116740] SERVICE NOTIFICATION: nagiosadmin;Dial4trade.in;SSH Monitoring;CRITICAL;notify-service-by-email;CHECK_NRPE STATE CRITICAL: Socket timeout after 10 seconds.
[1585116740] wproc: NOTIFY job 56621 from worker Core Worker 23140 is a non-check helper but exited with return code 75
[1585116740] wproc:   host=Dial4trade.in; service=SSH Monitoring; contact=nagiosadmin
[1585116740] wproc:   early_timeout=0; exited_ok=1; wait_status=19200; error_code=0;
[1585116740] wproc:   stderr line 01: sendmail: invalid option -- 's'
[1585116740] wproc:   stderr line 02: sendmail: invalid option -- 's'
[1585116740] wproc:   stderr line 03: sendmail: fatal: usage: sendmail [options]
[1585116740] wproc:   stderr line 04: /usr/bin/printf: write error: Broken pipe
[1585120203] Auto-save of retention data completed successfully.
[1585120340] SERVICE NOTIFICATION: nagiosadmin;Dial4trade.in;SSH Monitoring;CRITICAL;notify-service-by-email;CHECK_NRPE STATE CRITICAL: Socket timeout after 10 seconds.
[1585120340] wproc: NOTIFY job 56670 from worker Core Worker 23141 is a non-check helper but exited with return code 75
[1585120340] wproc:   host=Dial4trade.in; service=SSH Monitoring; contact=nagiosadmin
[1585120340] wproc:   early_timeout=0; exited_ok=1; wait_status=19200; error_code=0;
[1585120340] wproc:   stderr line 01: sendmail: invalid option -- 's'
[1585120340] wproc:   stderr line 02: sendmail: invalid option -- 's'
[1585120340] wproc:   stderr line 03: sendmail: fatal: usage: sendmail [options]
[1585120340] wproc:   stderr line 04: /usr/bin/printf: write error: Broken pipe
[1585123803] Auto-save of retention data completed successfully.
[1585123940] SERVICE NOTIFICATION: nagiosadmin;Dial4trade.in;SSH Monitoring;CRITICAL;notify-service-by-email;CHECK_NRPE STATE CRITICAL: Socket timeout after 10 seconds.
[1585123940] wproc: NOTIFY job 56718 from worker Core Worker 23142 is a non-check helper but exited with return code 75
[1585123940] wproc:   host=Dial4trade.in; service=SSH Monitoring; contact=nagiosadmin
[1585123940] wproc:   early_timeout=0; exited_ok=1; wait_status=19200; error_code=0;
[1585123940] wproc:   stderr line 01: sendmail: invalid option -- 's'
[1585123940] wproc:   stderr line 02: sendmail: invalid option -- 's'
[1585123940] wproc:   stderr line 03: sendmail: fatal: usage: sendmail [options]
[1585123940] wproc:   stderr line 04: /usr/bin/printf: write error: Broken pipe
[1585127403] Auto-save of retention data completed successfully.
[1585127540] SERVICE NOTIFICATION: nagiosadmin;Dial4trade.in;SSH Monitoring;CRITICAL;notify-service-by-email;CHECK_NRPE STATE CRITICAL: Socket timeout after 10 seconds.
[1585127540] wproc: NOTIFY job 56766 from worker Core Worker 23139 is a non-check helper but exited with return code 75
[1585127540] wproc:   host=Dial4trade.in; service=SSH Monitoring; contact=nagiosadmin
[1585127540] wproc:   early_timeout=0; exited_ok=1; wait_status=19200; error_code=0;
[1585127540] wproc:   stderr line 01: sendmail: invalid option -- 's'
[1585127540] wproc:   stderr line 02: sendmail: invalid option -- 's'
[1585127540] wproc:   stderr line 03: sendmail: fatal: usage: sendmail [options]
[1585127540] wproc:   stderr line 04: /usr/bin/printf: write error: Broken pipe
[1585131003] Auto-save of retention data completed successfully.
[1585131140] SERVICE NOTIFICATION: nagiosadmin;Dial4trade.in;SSH Monitoring;CRITICAL;notify-service-by-email;CHECK_NRPE STATE CRITICAL: Socket timeout after 10 seconds.
[1585131140] wproc: NOTIFY job 56814 from worker Core Worker 23140 is a non-check helper but exited with return code 75
[1585131140] wproc:   host=Dial4trade.in; service=SSH Monitoring; contact=nagiosadmin
[1585131140] wproc:   early_timeout=0; exited_ok=1; wait_status=19200; error_code=0;
[1585131140] wproc:   stderr line 01: sendmail: invalid option -- 's'
[1585131140] wproc:   stderr line 02: sendmail: invalid option -- 's'
[1585131140] wproc:   stderr line 03: sendmail: fatal: usage: sendmail [options]
[1585131140] wproc:   stderr line 04: /usr/bin/printf: write error: Broken pipe
[1585134603] Auto-save of retention data completed successfully.
[1585134740] SERVICE NOTIFICATION: nagiosadmin;Dial4trade.in;SSH Monitoring;CRITICAL;notify-service-by-email;CHECK_NRPE STATE CRITICAL: Socket timeout after 10 seconds.
[1585134740] wproc: NOTIFY job 56863 from worker Core Worker 23141 is a non-check helper but exited with return code 75
[1585134740] wproc:   host=Dial4trade.in; service=SSH Monitoring; contact=nagiosadmin
[1585134740] wproc:   early_timeout=0; exited_ok=1; wait_status=19200; error_code=0;
[1585134740] wproc:   stderr line 01: sendmail: invalid option -- 's'
[1585134740] wproc:   stderr line 02: sendmail: invalid option -- 's'
[1585134740] wproc:   stderr line 03: sendmail: fatal: usage: sendmail [options]
[1585134740] wproc:   stderr line 04: /usr/bin/printf: write error: Broken pipe
[1585138203] Auto-save of retention data completed successfully.
[1585138340] SERVICE NOTIFICATION: nagiosadmin;Dial4trade.in;SSH Monitoring;CRITICAL;notify-service-by-email;CHECK_NRPE STATE CRITICAL: Socket timeout after 10 seconds.
[1585138340] wproc: NOTIFY job 56911 from worker Core Worker 23142 is a non-check helper but exited with return code 75
[1585138340] wproc:   host=Dial4trade.in; service=SSH Monitoring; contact=nagiosadmin
[1585138340] wproc:   early_timeout=0; exited_ok=1; wait_status=19200; error_code=0;
[1585138340] wproc:   stderr line 01: sendmail: invalid option -- 's'
[1585138340] wproc:   stderr line 02: sendmail: invalid option -- 's'
[1585138340] wproc:   stderr line 03: sendmail: fatal: usage: sendmail [options]
[1585138340] wproc:   stderr line 04: /usr/bin/printf: write error: Broken pipe
[1585141803] Auto-save of retention data completed successfully.
[1585141940] SERVICE NOTIFICATION: nagiosadmin;Dial4trade.in;SSH Monitoring;CRITICAL;notify-service-by-email;CHECK_NRPE STATE CRITICAL: Socket timeout after 10 seconds.
[1585141940] wproc: NOTIFY job 56959 from worker Core Worker 23139 is a non-check helper but exited with return code 75
[1585141940] wproc:   host=Dial4trade.in; service=SSH Monitoring; contact=nagiosadmin
[1585141940] wproc:   early_timeout=0; exited_ok=1; wait_status=19200; error_code=0;
[1585141940] wproc:   stderr line 01: sendmail: invalid option -- 's'
[1585141940] wproc:   stderr line 02: sendmail: invalid option -- 's'
[1585141940] wproc:   stderr line 03: sendmail: fatal: usage: sendmail [options]
[1585141940] wproc:   stderr line 04: /usr/bin/printf: write error: Broken pipe
[1585145403] Auto-save of retention data completed successfully.
[1585145540] SERVICE NOTIFICATION: nagiosadmin;Dial4trade.in;SSH Monitoring;CRITICAL;notify-service-by-email;CHECK_NRPE STATE CRITICAL: Socket timeout after 10 seconds.
[1585145540] wproc: NOTIFY job 57007 from worker Core Worker 23140 is a non-check helper but exited with return code 75
[1585145540] wproc:   host=Dial4trade.in; service=SSH Monitoring; contact=nagiosadmin
[1585145540] wproc:   early_timeout=0; exited_ok=1; wait_status=19200; error_code=0;
[1585145540] wproc:   stderr line 01: sendmail: invalid option -- 's'
[1585145540] wproc:   stderr line 02: sendmail: invalid option -- 's'
[1585145540] wproc:   stderr line 03: sendmail: fatal: usage: sendmail [options]
[1585145540] wproc:   stderr line 04: /usr/bin/printf: write error: Broken pipe
[1585149003] Auto-save of retention data completed successfully.
[1585149140] SERVICE NOTIFICATION: nagiosadmin;Dial4trade.in;SSH Monitoring;CRITICAL;notify-service-by-email;CHECK_NRPE STATE CRITICAL: Socket timeout after 10 seconds.
[1585149140] wproc: NOTIFY job 57056 from worker Core Worker 23141 is a non-check helper but exited with return code 75
[1585149140] wproc:   host=Dial4trade.in; service=SSH Monitoring; contact=nagiosadmin
[1585149140] wproc:   early_timeout=0; exited_ok=1; wait_status=19200; error_code=0;
[1585149140] wproc:   stderr line 01: sendmail: invalid option -- 's'
[1585149140] wproc:   stderr line 02: sendmail: invalid option -- 's'
[1585149140] wproc:   stderr line 03: sendmail: fatal: usage: sendmail [options]
[1585149140] wproc:   stderr line 04: /usr/bin/printf: write error: Broken pipe
[1585152603] Auto-save of retention data completed successfully.
[1585152740] SERVICE NOTIFICATION: nagiosadmin;Dial4trade.in;SSH Monitoring;CRITICAL;notify-service-by-email;CHECK_NRPE STATE CRITICAL: Socket timeout after 10 seconds.
[1585152740] wproc: NOTIFY job 57104 from worker Core Worker 23142 is a non-check helper but exited with return code 75
[1585152740] wproc:   host=Dial4trade.in; service=SSH Monitoring; contact=nagiosadmin
[1585152740] wproc:   early_timeout=0; exited_ok=1; wait_status=19200; error_code=0;
[1585152740] wproc:   stderr line 01: sendmail: invalid option -- 's'
[1585152740] wproc:   stderr line 02: sendmail: invalid option -- 's'
[1585152740] wproc:   stderr line 03: sendmail: fatal: usage: sendmail [options]
[1585152740] wproc:   stderr line 04: /usr/bin/printf: write error: Broken pipe
[1585156203] Auto-save of retention data completed successfully.
[1585156340] SERVICE NOTIFICATION: nagiosadmin;Dial4trade.in;SSH Monitoring;CRITICAL;notify-service-by-email;CHECK_NRPE STATE CRITICAL: Socket timeout after 10 seconds.
[1585156340] wproc: NOTIFY job 57152 from worker Core Worker 23139 is a non-check helper but exited with return code 75
[1585156340] wproc:   host=Dial4trade.in; service=SSH Monitoring; contact=nagiosadmin
[1585156340] wproc:   early_timeout=0; exited_ok=1; wait_status=19200; error_code=0;
[1585156340] wproc:   stderr line 01: sendmail: invalid option -- 's'
[1585156340] wproc:   stderr line 02: sendmail: invalid option -- 's'
[1585156340] wproc:   stderr line 03: sendmail: fatal: usage: sendmail [options]
[1585156340] wproc:   stderr line 04: /usr/bin/printf: write error: Broken pipe
[1585159803] Auto-save of retention data completed successfully.
[1585159940] SERVICE NOTIFICATION: nagiosadmin;Dial4trade.in;SSH Monitoring;CRITICAL;notify-service-by-email;CHECK_NRPE STATE CRITICAL: Socket timeout after 10 seconds.
[1585159940] wproc: NOTIFY job 57200 from worker Core Worker 23140 is a non-check helper but exited with return code 75
[1585159940] wproc:   host=Dial4trade.in; service=SSH Monitoring; contact=nagiosadmin
[1585159940] wproc:   early_timeout=0; exited_ok=1; wait_status=19200; error_code=0;
[1585159940] wproc:   stderr line 01: sendmail: invalid option -- 's'
[1585159940] wproc:   stderr line 02: sendmail: invalid option -- 's'
[1585159940] wproc:   stderr line 03: sendmail: fatal: usage: sendmail [options]
[1585159940] wproc:   stderr line 04: /usr/bin/printf: write error: Broken pipe
[1585163403] Auto-save of retention data completed successfully.
[1585163540] SERVICE NOTIFICATION: nagiosadmin;Dial4trade.in;SSH Monitoring;CRITICAL;notify-service-by-email;CHECK_NRPE STATE CRITICAL: Socket timeout after 10 seconds.
[1585163540] wproc: NOTIFY job 57249 from worker Core Worker 23141 is a non-check helper but exited with return code 75
[1585163540] wproc:   host=Dial4trade.in; service=SSH Monitoring; contact=nagiosadmin
[1585163540] wproc:   early_timeout=0; exited_ok=1; wait_status=19200; error_code=0;
[1585163540] wproc:   stderr line 01: sendmail: invalid option -- 's'
[1585163540] wproc:   stderr line 02: sendmail: invalid option -- 's'
[1585163540] wproc:   stderr line 03: sendmail: fatal: usage: sendmail [options]
[1585163540] wproc:   stderr line 04: /usr/bin/printf: write error: Broken pipe
[1585167003] Auto-save of retention data completed successfully.
[1585167140] SERVICE NOTIFICATION: nagiosadmin;Dial4trade.in;SSH Monitoring;CRITICAL;notify-service-by-email;CHECK_NRPE STATE CRITICAL: Socket timeout after 10 seconds.
[1585167140] wproc: NOTIFY job 57297 from worker Core Worker 23142 is a non-check helper but exited with return code 75
[1585167140] wproc:   host=Dial4trade.in; service=SSH Monitoring; contact=nagiosadmin
[1585167140] wproc:   early_timeout=0; exited_ok=1; wait_status=19200; error_code=0;
[1585167140] wproc:   stderr line 01: sendmail: invalid option -- 's'
[1585167140] wproc:   stderr line 02: sendmail: invalid option -- 's'
[1585167140] wproc:   stderr line 03: sendmail: fatal: usage: sendmail [options]
[1585167140] wproc:   stderr line 04: /usr/bin/printf: write error: Broken pipe
[1585170603] Auto-save of retention data completed successfully.
[1585170740] SERVICE NOTIFICATION: nagiosadmin;Dial4trade.in;SSH Monitoring;CRITICAL;notify-service-by-email;CHECK_NRPE STATE CRITICAL: Socket timeout after 10 seconds.
[1585170740] wproc: NOTIFY job 57345 from worker Core Worker 23139 is a non-check helper but exited with return code 75
[1585170740] wproc:   host=Dial4trade.in; service=SSH Monitoring; contact=nagiosadmin
[1585170740] wproc:   early_timeout=0; exited_ok=1; wait_status=19200; error_code=0;
[1585170740] wproc:   stderr line 01: sendmail: invalid option -- 's'
[1585170740] wproc:   stderr line 02: sendmail: invalid option -- 's'
[1585170740] wproc:   stderr line 03: sendmail: fatal: usage: sendmail [options]
[1585170740] wproc:   stderr line 04: /usr/bin/printf: write error: Broken pipe
[1585174203] Auto-save of retention data completed successfully.
[1585174340] SERVICE NOTIFICATION: nagiosadmin;Dial4trade.in;SSH Monitoring;CRITICAL;notify-service-by-email;CHECK_NRPE STATE CRITICAL: Socket timeout after 10 seconds.
[1585174340] wproc: NOTIFY job 57393 from worker Core Worker 23140 is a non-check helper but exited with return code 75
[1585174340] wproc:   host=Dial4trade.in; service=SSH Monitoring; contact=nagiosadmin
[1585174340] wproc:   early_timeout=0; exited_ok=1; wait_status=19200; error_code=0;
[1585174340] wproc:   stderr line 01: sendmail: invalid option -- 's'
[1585174340] wproc:   stderr line 02: sendmail: invalid option -- 's'
[1585174340] wproc:   stderr line 03: sendmail: fatal: usage: sendmail [options]
[1585174340] wproc:   stderr line 04: /usr/bin/printf: write error: Broken pipe
[1585177803] Auto-save of retention data completed successfully.
[1585177940] SERVICE NOTIFICATION: nagiosadmin;Dial4trade.in;SSH Monitoring;CRITICAL;notify-service-by-email;CHECK_NRPE STATE CRITICAL: Socket timeout after 10 seconds.
[1585177940] wproc: NOTIFY job 57442 from worker Core Worker 23141 is a non-check helper but exited with return code 75
[1585177940] wproc:   host=Dial4trade.in; service=SSH Monitoring; contact=nagiosadmin
[1585177940] wproc:   early_timeout=0; exited_ok=1; wait_status=19200; error_code=0;
[1585177940] wproc:   stderr line 01: sendmail: invalid option -- 's'
[1585177940] wproc:   stderr line 02: sendmail: invalid option -- 's'
[1585177940] wproc:   stderr line 03: sendmail: fatal: usage: sendmail [options]
[1585177940] wproc:   stderr line 04: /usr/bin/printf: write error: Broken pipe
