[1588204800] LOG ROTATION: DAILY
[1588204800] LOG VERSION: 2.0
[1588204800] CURRENT HOST STATE: Dial4trade.in;UP;HARD;1;PING OK - Packet loss = 0%, RTA = 0.82 ms
[1588204800] CURRENT HOST STATE: localhost;UP;HARD;1;PING OK - Packet loss = 0%, RTA = 0.04 ms
[1588204800] CURRENT SERVICE STATE: Dial4trade.in;Apache Monitoring;OK;HARD;1;httpd is runing ! ! !
[1588204800] CURRENT SERVICE STATE: Dial4trade.in;CPU Load;OK;HARD;1;OK - load average: 0.03, 0.02, 0.05
[1588204800] CURRENT SERVICE STATE: Dial4trade.in;Current Users;OK;HARD;1;USERS OK - 0 users currently logged in
[1588204800] CURRENT SERVICE STATE: Dial4trade.in;FTP Monitoring;OK;HARD;1;vsftpd is running fine ! ! !
[1588204800] CURRENT SERVICE STATE: Dial4trade.in;Memory monitoring;OK;HARD;1;31.31%
[1588204800] CURRENT SERVICE STATE: Dial4trade.in;PHP-FPM;OK;HARD;1;php-fpm is running fine ! ! !
[1588204800] CURRENT SERVICE STATE: Dial4trade.in;ROOT monitoring;OK;HARD;1;OK - 32% of disk space used.
[1588204800] CURRENT SERVICE STATE: Dial4trade.in;SSH Monitoring;CRITICAL;HARD;3;CHECK_NRPE STATE CRITICAL: Socket timeout after 10 seconds.
[1588204800] CURRENT SERVICE STATE: Dial4trade.in;SWAP Monitoring;OK;HARD;1;SWAP OK - 98% free (2000 MB out of 2047 MB)
[1588204800] CURRENT SERVICE STATE: Dial4trade.in;Total Processes;OK;HARD;1;PROCS OK: 121 processes
[1588204800] CURRENT SERVICE STATE: localhost;Current Load;OK;HARD;1;OK - load average: 0.00, 0.01, 0.05
[1588204800] CURRENT SERVICE STATE: localhost;Current Users;OK;HARD;1;USERS OK - 0 users currently logged in
[1588204800] CURRENT SERVICE STATE: localhost;HTTP;OK;HARD;1;HTTP OK: HTTP/1.1 200 OK - 296 bytes in 0.000 second response time
[1588204800] CURRENT SERVICE STATE: localhost;Memory monitoring;OK;HARD;1;9.91%
[1588204800] CURRENT SERVICE STATE: localhost;PING;OK;HARD;1;PING OK - Packet loss = 0%, RTA = 0.04 ms
[1588204800] CURRENT SERVICE STATE: localhost;Root Partition;OK;HARD;1;DISK OK - free space: / 8348 MB (81.61% inode=99%):
[1588204800] CURRENT SERVICE STATE: localhost;SSH;OK;HARD;1;SSH OK - OpenSSH_7.4 (protocol 2.0)
[1588204800] CURRENT SERVICE STATE: localhost;Swap Usage;OK;HARD;1;SWAP OK - 100% free (511 MB out of 511 MB)
[1588204800] CURRENT SERVICE STATE: localhost;Total Processes;OK;HARD;1;PROCS OK: 34 processes with STATE = RSZDT
[1588204940] SERVICE NOTIFICATION: nagiosadmin;Dial4trade.in;SSH Monitoring;CRITICAL;notify-service-by-email;CHECK_NRPE STATE CRITICAL: Socket timeout after 10 seconds.
[1588204940] wproc: NOTIFY job 98018 from worker Core Worker 23141 is a non-check helper but exited with return code 75
[1588204940] wproc:   host=Dial4trade.in; service=SSH Monitoring; contact=nagiosadmin
[1588204940] wproc:   early_timeout=0; exited_ok=1; wait_status=19200; error_code=0;
[1588204940] wproc:   stderr line 01: sendmail: invalid option -- 's'
[1588204940] wproc:   stderr line 02: sendmail: invalid option -- 's'
[1588204940] wproc:   stderr line 03: sendmail: fatal: usage: sendmail [options]
[1588204940] wproc:   stderr line 04: /usr/bin/printf: write error: Broken pipe
[1588205403] Auto-save of retention data completed successfully.
[1588208540] SERVICE NOTIFICATION: nagiosadmin;Dial4trade.in;SSH Monitoring;CRITICAL;notify-service-by-email;CHECK_NRPE STATE CRITICAL: Socket timeout after 10 seconds.
[1588208540] wproc: NOTIFY job 98066 from worker Core Worker 23142 is a non-check helper but exited with return code 75
[1588208540] wproc:   host=Dial4trade.in; service=SSH Monitoring; contact=nagiosadmin
[1588208540] wproc:   early_timeout=0; exited_ok=1; wait_status=19200; error_code=0;
[1588208540] wproc:   stderr line 01: sendmail: invalid option -- 's'
[1588208540] wproc:   stderr line 02: sendmail: invalid option -- 's'
[1588208540] wproc:   stderr line 03: sendmail: fatal: usage: sendmail [options]
[1588208540] wproc:   stderr line 04: /usr/bin/printf: write error: Broken pipe
[1588209003] Auto-save of retention data completed successfully.
[1588212140] SERVICE NOTIFICATION: nagiosadmin;Dial4trade.in;SSH Monitoring;CRITICAL;notify-service-by-email;CHECK_NRPE STATE CRITICAL: Socket timeout after 10 seconds.
[1588212140] wproc: NOTIFY job 98114 from worker Core Worker 23139 is a non-check helper but exited with return code 75
[1588212140] wproc:   host=Dial4trade.in; service=SSH Monitoring; contact=nagiosadmin
[1588212140] wproc:   early_timeout=0; exited_ok=1; wait_status=19200; error_code=0;
[1588212140] wproc:   stderr line 01: sendmail: invalid option -- 's'
[1588212140] wproc:   stderr line 02: sendmail: invalid option -- 's'
[1588212140] wproc:   stderr line 03: sendmail: fatal: usage: sendmail [options]
[1588212140] wproc:   stderr line 04: /usr/bin/printf: write error: Broken pipe
[1588212603] Auto-save of retention data completed successfully.
[1588215740] SERVICE NOTIFICATION: nagiosadmin;Dial4trade.in;SSH Monitoring;CRITICAL;notify-service-by-email;CHECK_NRPE STATE CRITICAL: Socket timeout after 10 seconds.
[1588215740] wproc: NOTIFY job 98162 from worker Core Worker 23140 is a non-check helper but exited with return code 75
[1588215740] wproc:   host=Dial4trade.in; service=SSH Monitoring; contact=nagiosadmin
[1588215740] wproc:   early_timeout=0; exited_ok=1; wait_status=19200; error_code=0;
[1588215740] wproc:   stderr line 01: sendmail: invalid option -- 's'
[1588215740] wproc:   stderr line 02: sendmail: invalid option -- 's'
[1588215740] wproc:   stderr line 03: sendmail: fatal: usage: sendmail [options]
[1588215740] wproc:   stderr line 04: /usr/bin/printf: write error: Broken pipe
[1588216203] Auto-save of retention data completed successfully.
[1588219340] SERVICE NOTIFICATION: nagiosadmin;Dial4trade.in;SSH Monitoring;CRITICAL;notify-service-by-email;CHECK_NRPE STATE CRITICAL: Socket timeout after 10 seconds.
[1588219340] wproc: NOTIFY job 98211 from worker Core Worker 23141 is a non-check helper but exited with return code 75
[1588219340] wproc:   host=Dial4trade.in; service=SSH Monitoring; contact=nagiosadmin
[1588219340] wproc:   early_timeout=0; exited_ok=1; wait_status=19200; error_code=0;
[1588219340] wproc:   stderr line 01: sendmail: invalid option -- 's'
[1588219340] wproc:   stderr line 02: sendmail: invalid option -- 's'
[1588219340] wproc:   stderr line 03: sendmail: fatal: usage: sendmail [options]
[1588219340] wproc:   stderr line 04: /usr/bin/printf: write error: Broken pipe
[1588219803] Auto-save of retention data completed successfully.
[1588222940] SERVICE NOTIFICATION: nagiosadmin;Dial4trade.in;SSH Monitoring;CRITICAL;notify-service-by-email;CHECK_NRPE STATE CRITICAL: Socket timeout after 10 seconds.
[1588222940] wproc: NOTIFY job 98259 from worker Core Worker 23142 is a non-check helper but exited with return code 75
[1588222940] wproc:   host=Dial4trade.in; service=SSH Monitoring; contact=nagiosadmin
[1588222940] wproc:   early_timeout=0; exited_ok=1; wait_status=19200; error_code=0;
[1588222940] wproc:   stderr line 01: sendmail: invalid option -- 's'
[1588222940] wproc:   stderr line 02: sendmail: invalid option -- 's'
[1588222940] wproc:   stderr line 03: sendmail: fatal: usage: sendmail [options]
[1588223403] Auto-save of retention data completed successfully.
[1588226540] SERVICE NOTIFICATION: nagiosadmin;Dial4trade.in;SSH Monitoring;CRITICAL;notify-service-by-email;CHECK_NRPE STATE CRITICAL: Socket timeout after 10 seconds.
[1588226540] wproc: NOTIFY job 98307 from worker Core Worker 23139 is a non-check helper but exited with return code 75
[1588226540] wproc:   host=Dial4trade.in; service=SSH Monitoring; contact=nagiosadmin
[1588226540] wproc:   early_timeout=0; exited_ok=1; wait_status=19200; error_code=0;
[1588226540] wproc:   stderr line 01: sendmail: invalid option -- 's'
[1588226540] wproc:   stderr line 02: sendmail: invalid option -- 's'
[1588226540] wproc:   stderr line 03: sendmail: fatal: usage: sendmail [options]
[1588226540] wproc:   stderr line 04: /usr/bin/printf: write error: Broken pipe
[1588227003] Auto-save of retention data completed successfully.
[1588230140] SERVICE NOTIFICATION: nagiosadmin;Dial4trade.in;SSH Monitoring;CRITICAL;notify-service-by-email;CHECK_NRPE STATE CRITICAL: Socket timeout after 10 seconds.
[1588230140] wproc: NOTIFY job 98355 from worker Core Worker 23140 is a non-check helper but exited with return code 75
[1588230140] wproc:   host=Dial4trade.in; service=SSH Monitoring; contact=nagiosadmin
[1588230140] wproc:   early_timeout=0; exited_ok=1; wait_status=19200; error_code=0;
[1588230140] wproc:   stderr line 01: sendmail: invalid option -- 's'
[1588230140] wproc:   stderr line 02: sendmail: invalid option -- 's'
[1588230140] wproc:   stderr line 03: sendmail: fatal: usage: sendmail [options]
[1588230140] wproc:   stderr line 04: /usr/bin/printf: write error: Broken pipe
[1588230603] Auto-save of retention data completed successfully.
[1588233740] SERVICE NOTIFICATION: nagiosadmin;Dial4trade.in;SSH Monitoring;CRITICAL;notify-service-by-email;CHECK_NRPE STATE CRITICAL: Socket timeout after 10 seconds.
[1588233740] wproc: NOTIFY job 98404 from worker Core Worker 23141 is a non-check helper but exited with return code 75
[1588233740] wproc:   host=Dial4trade.in; service=SSH Monitoring; contact=nagiosadmin
[1588233740] wproc:   early_timeout=0; exited_ok=1; wait_status=19200; error_code=0;
[1588233740] wproc:   stderr line 01: sendmail: invalid option -- 's'
[1588233740] wproc:   stderr line 02: sendmail: invalid option -- 's'
[1588233740] wproc:   stderr line 03: sendmail: fatal: usage: sendmail [options]
[1588233740] wproc:   stderr line 04: /usr/bin/printf: write error: Broken pipe
[1588234203] Auto-save of retention data completed successfully.
[1588237340] SERVICE NOTIFICATION: nagiosadmin;Dial4trade.in;SSH Monitoring;CRITICAL;notify-service-by-email;CHECK_NRPE STATE CRITICAL: Socket timeout after 10 seconds.
[1588237340] wproc: NOTIFY job 98452 from worker Core Worker 23142 is a non-check helper but exited with return code 75
[1588237340] wproc:   host=Dial4trade.in; service=SSH Monitoring; contact=nagiosadmin
[1588237340] wproc:   early_timeout=0; exited_ok=1; wait_status=19200; error_code=0;
[1588237340] wproc:   stderr line 01: sendmail: invalid option -- 's'
[1588237340] wproc:   stderr line 02: sendmail: invalid option -- 's'
[1588237340] wproc:   stderr line 03: sendmail: fatal: usage: sendmail [options]
[1588237340] wproc:   stderr line 04: /usr/bin/printf: write error: Broken pipe
[1588237803] Auto-save of retention data completed successfully.
[1588240940] SERVICE NOTIFICATION: nagiosadmin;Dial4trade.in;SSH Monitoring;CRITICAL;notify-service-by-email;CHECK_NRPE STATE CRITICAL: Socket timeout after 10 seconds.
[1588240940] wproc: NOTIFY job 98500 from worker Core Worker 23139 is a non-check helper but exited with return code 75
[1588240940] wproc:   host=Dial4trade.in; service=SSH Monitoring; contact=nagiosadmin
[1588240940] wproc:   early_timeout=0; exited_ok=1; wait_status=19200; error_code=0;
[1588240940] wproc:   stderr line 01: sendmail: invalid option -- 's'
[1588240940] wproc:   stderr line 02: sendmail: invalid option -- 's'
[1588240940] wproc:   stderr line 03: sendmail: fatal: usage: sendmail [options]
[1588240940] wproc:   stderr line 04: /usr/bin/printf: write error: Broken pipe
[1588241403] Auto-save of retention data completed successfully.
[1588244540] SERVICE NOTIFICATION: nagiosadmin;Dial4trade.in;SSH Monitoring;CRITICAL;notify-service-by-email;CHECK_NRPE STATE CRITICAL: Socket timeout after 10 seconds.
[1588244540] wproc: NOTIFY job 98548 from worker Core Worker 23140 is a non-check helper but exited with return code 75
[1588244540] wproc:   host=Dial4trade.in; service=SSH Monitoring; contact=nagiosadmin
[1588244540] wproc:   early_timeout=0; exited_ok=1; wait_status=19200; error_code=0;
[1588244540] wproc:   stderr line 01: sendmail: invalid option -- 's'
[1588244540] wproc:   stderr line 02: sendmail: invalid option -- 's'
[1588244540] wproc:   stderr line 03: sendmail: fatal: usage: sendmail [options]
[1588244540] wproc:   stderr line 04: /usr/bin/printf: write error: Broken pipe
[1588245003] Auto-save of retention data completed successfully.
[1588248140] SERVICE NOTIFICATION: nagiosadmin;Dial4trade.in;SSH Monitoring;CRITICAL;notify-service-by-email;CHECK_NRPE STATE CRITICAL: Socket timeout after 10 seconds.
[1588248140] wproc: NOTIFY job 98597 from worker Core Worker 23141 is a non-check helper but exited with return code 75
[1588248140] wproc:   host=Dial4trade.in; service=SSH Monitoring; contact=nagiosadmin
[1588248140] wproc:   early_timeout=0; exited_ok=1; wait_status=19200; error_code=0;
[1588248140] wproc:   stderr line 01: sendmail: invalid option -- 's'
[1588248140] wproc:   stderr line 02: sendmail: invalid option -- 's'
[1588248140] wproc:   stderr line 03: sendmail: fatal: usage: sendmail [options]
[1588248140] wproc:   stderr line 04: /usr/bin/printf: write error: Broken pipe
[1588248603] Auto-save of retention data completed successfully.
[1588251740] SERVICE NOTIFICATION: nagiosadmin;Dial4trade.in;SSH Monitoring;CRITICAL;notify-service-by-email;CHECK_NRPE STATE CRITICAL: Socket timeout after 10 seconds.
[1588251740] wproc: NOTIFY job 98645 from worker Core Worker 23142 is a non-check helper but exited with return code 75
[1588251740] wproc:   host=Dial4trade.in; service=SSH Monitoring; contact=nagiosadmin
[1588251740] wproc:   early_timeout=0; exited_ok=1; wait_status=19200; error_code=0;
[1588251740] wproc:   stderr line 01: sendmail: invalid option -- 's'
[1588251740] wproc:   stderr line 02: sendmail: invalid option -- 's'
[1588251740] wproc:   stderr line 03: sendmail: fatal: usage: sendmail [options]
[1588251740] wproc:   stderr line 04: /usr/bin/printf: write error: Broken pipe
[1588252203] Auto-save of retention data completed successfully.
[1588255340] SERVICE NOTIFICATION: nagiosadmin;Dial4trade.in;SSH Monitoring;CRITICAL;notify-service-by-email;CHECK_NRPE STATE CRITICAL: Socket timeout after 10 seconds.
[1588255340] wproc: NOTIFY job 98693 from worker Core Worker 23139 is a non-check helper but exited with return code 75
[1588255340] wproc:   host=Dial4trade.in; service=SSH Monitoring; contact=nagiosadmin
[1588255340] wproc:   early_timeout=0; exited_ok=1; wait_status=19200; error_code=0;
[1588255340] wproc:   stderr line 01: sendmail: invalid option -- 's'
[1588255340] wproc:   stderr line 02: sendmail: invalid option -- 's'
[1588255340] wproc:   stderr line 03: sendmail: fatal: usage: sendmail [options]
[1588255340] wproc:   stderr line 04: /usr/bin/printf: write error: Broken pipe
[1588255803] Auto-save of retention data completed successfully.
[1588258940] SERVICE NOTIFICATION: nagiosadmin;Dial4trade.in;SSH Monitoring;CRITICAL;notify-service-by-email;CHECK_NRPE STATE CRITICAL: Socket timeout after 10 seconds.
[1588258940] wproc: NOTIFY job 98741 from worker Core Worker 23140 is a non-check helper but exited with return code 75
[1588258940] wproc:   host=Dial4trade.in; service=SSH Monitoring; contact=nagiosadmin
[1588258940] wproc:   early_timeout=0; exited_ok=1; wait_status=19200; error_code=0;
[1588258940] wproc:   stderr line 01: sendmail: invalid option -- 's'
[1588258940] wproc:   stderr line 02: sendmail: invalid option -- 's'
[1588258940] wproc:   stderr line 03: sendmail: fatal: usage: sendmail [options]
[1588258940] wproc:   stderr line 04: /usr/bin/printf: write error: Broken pipe
[1588259403] Auto-save of retention data completed successfully.
[1588262540] SERVICE NOTIFICATION: nagiosadmin;Dial4trade.in;SSH Monitoring;CRITICAL;notify-service-by-email;CHECK_NRPE STATE CRITICAL: Socket timeout after 10 seconds.
[1588262540] wproc: NOTIFY job 98790 from worker Core Worker 23141 is a non-check helper but exited with return code 75
[1588262540] wproc:   host=Dial4trade.in; service=SSH Monitoring; contact=nagiosadmin
[1588262540] wproc:   early_timeout=0; exited_ok=1; wait_status=19200; error_code=0;
[1588262540] wproc:   stderr line 01: sendmail: invalid option -- 's'
[1588262540] wproc:   stderr line 02: sendmail: invalid option -- 's'
[1588262540] wproc:   stderr line 03: sendmail: fatal: usage: sendmail [options]
[1588262540] wproc:   stderr line 04: /usr/bin/printf: write error: Broken pipe
[1588263003] Auto-save of retention data completed successfully.
[1588266140] SERVICE NOTIFICATION: nagiosadmin;Dial4trade.in;SSH Monitoring;CRITICAL;notify-service-by-email;CHECK_NRPE STATE CRITICAL: Socket timeout after 10 seconds.
[1588266140] wproc: NOTIFY job 98838 from worker Core Worker 23142 is a non-check helper but exited with return code 75
[1588266140] wproc:   host=Dial4trade.in; service=SSH Monitoring; contact=nagiosadmin
[1588266140] wproc:   early_timeout=0; exited_ok=1; wait_status=19200; error_code=0;
[1588266140] wproc:   stderr line 01: sendmail: invalid option -- 's'
[1588266140] wproc:   stderr line 02: sendmail: invalid option -- 's'
[1588266140] wproc:   stderr line 03: sendmail: fatal: usage: sendmail [options]
[1588266140] wproc:   stderr line 04: /usr/bin/printf: write error: Broken pipe
[1588266603] Auto-save of retention data completed successfully.
[1588269740] SERVICE NOTIFICATION: nagiosadmin;Dial4trade.in;SSH Monitoring;CRITICAL;notify-service-by-email;CHECK_NRPE STATE CRITICAL: Socket timeout after 10 seconds.
[1588269740] wproc: NOTIFY job 98886 from worker Core Worker 23139 is a non-check helper but exited with return code 75
[1588269740] wproc:   host=Dial4trade.in; service=SSH Monitoring; contact=nagiosadmin
[1588269740] wproc:   early_timeout=0; exited_ok=1; wait_status=19200; error_code=0;
[1588269740] wproc:   stderr line 01: sendmail: invalid option -- 's'
[1588269740] wproc:   stderr line 02: sendmail: invalid option -- 's'
[1588269740] wproc:   stderr line 03: sendmail: fatal: usage: sendmail [options]
[1588269740] wproc:   stderr line 04: /usr/bin/printf: write error: Broken pipe
[1588270203] Auto-save of retention data completed successfully.
[1588273340] SERVICE NOTIFICATION: nagiosadmin;Dial4trade.in;SSH Monitoring;CRITICAL;notify-service-by-email;CHECK_NRPE STATE CRITICAL: Socket timeout after 10 seconds.
[1588273340] wproc: NOTIFY job 98934 from worker Core Worker 23140 is a non-check helper but exited with return code 75
[1588273340] wproc:   host=Dial4trade.in; service=SSH Monitoring; contact=nagiosadmin
[1588273340] wproc:   early_timeout=0; exited_ok=1; wait_status=19200; error_code=0;
[1588273340] wproc:   stderr line 01: sendmail: invalid option -- 's'
[1588273340] wproc:   stderr line 02: sendmail: invalid option -- 's'
[1588273340] wproc:   stderr line 03: sendmail: fatal: usage: sendmail [options]
[1588273340] wproc:   stderr line 04: /usr/bin/printf: write error: Broken pipe
[1588273803] Auto-save of retention data completed successfully.
[1588276940] SERVICE NOTIFICATION: nagiosadmin;Dial4trade.in;SSH Monitoring;CRITICAL;notify-service-by-email;CHECK_NRPE STATE CRITICAL: Socket timeout after 10 seconds.
[1588276940] wproc: NOTIFY job 98983 from worker Core Worker 23141 is a non-check helper but exited with return code 75
[1588276940] wproc:   host=Dial4trade.in; service=SSH Monitoring; contact=nagiosadmin
[1588276940] wproc:   early_timeout=0; exited_ok=1; wait_status=19200; error_code=0;
[1588276940] wproc:   stderr line 01: sendmail: invalid option -- 's'
[1588276940] wproc:   stderr line 02: sendmail: invalid option -- 's'
[1588276940] wproc:   stderr line 03: sendmail: fatal: usage: sendmail [options]
[1588276940] wproc:   stderr line 04: /usr/bin/printf: write error: Broken pipe
[1588277403] Auto-save of retention data completed successfully.
[1588280540] SERVICE NOTIFICATION: nagiosadmin;Dial4trade.in;SSH Monitoring;CRITICAL;notify-service-by-email;CHECK_NRPE STATE CRITICAL: Socket timeout after 10 seconds.
[1588280540] wproc: NOTIFY job 99031 from worker Core Worker 23142 is a non-check helper but exited with return code 75
[1588280540] wproc:   host=Dial4trade.in; service=SSH Monitoring; contact=nagiosadmin
[1588280540] wproc:   early_timeout=0; exited_ok=1; wait_status=19200; error_code=0;
[1588280540] wproc:   stderr line 01: sendmail: invalid option -- 's'
[1588280540] wproc:   stderr line 02: sendmail: invalid option -- 's'
[1588280540] wproc:   stderr line 03: sendmail: fatal: usage: sendmail [options]
[1588280540] wproc:   stderr line 04: /usr/bin/printf: write error: Broken pipe
[1588281003] Auto-save of retention data completed successfully.
[1588284140] SERVICE NOTIFICATION: nagiosadmin;Dial4trade.in;SSH Monitoring;CRITICAL;notify-service-by-email;CHECK_NRPE STATE CRITICAL: Socket timeout after 10 seconds.
[1588284140] wproc: NOTIFY job 99079 from worker Core Worker 23139 is a non-check helper but exited with return code 75
[1588284140] wproc:   host=Dial4trade.in; service=SSH Monitoring; contact=nagiosadmin
[1588284140] wproc:   early_timeout=0; exited_ok=1; wait_status=19200; error_code=0;
[1588284140] wproc:   stderr line 01: sendmail: invalid option -- 's'
[1588284140] wproc:   stderr line 02: sendmail: invalid option -- 's'
[1588284140] wproc:   stderr line 03: sendmail: fatal: usage: sendmail [options]
[1588284140] wproc:   stderr line 04: /usr/bin/printf: write error: Broken pipe
[1588284603] Auto-save of retention data completed successfully.
[1588287740] SERVICE NOTIFICATION: nagiosadmin;Dial4trade.in;SSH Monitoring;CRITICAL;notify-service-by-email;CHECK_NRPE STATE CRITICAL: Socket timeout after 10 seconds.
[1588287740] wproc: NOTIFY job 99127 from worker Core Worker 23140 is a non-check helper but exited with return code 75
[1588287740] wproc:   host=Dial4trade.in; service=SSH Monitoring; contact=nagiosadmin
[1588287740] wproc:   early_timeout=0; exited_ok=1; wait_status=19200; error_code=0;
[1588287740] wproc:   stderr line 01: sendmail: invalid option -- 's'
[1588287740] wproc:   stderr line 02: sendmail: invalid option -- 's'
[1588287740] wproc:   stderr line 03: sendmail: fatal: usage: sendmail [options]
[1588287740] wproc:   stderr line 04: /usr/bin/printf: write error: Broken pipe
[1588288203] Auto-save of retention data completed successfully.
