[1582416000] LOG ROTATION: DAILY
[1582416000] LOG VERSION: 2.0
[1582416000] CURRENT HOST STATE: Dial4trade.in;UP;HARD;1;PING OK - Packet loss = 0%, RTA = 0.77 ms
[1582416000] CURRENT HOST STATE: localhost;UP;HARD;1;PING OK - Packet loss = 0%, RTA = 0.04 ms
[1582416000] CURRENT SERVICE STATE: Dial4trade.in;Apache Monitoring;OK;HARD;1;httpd is runing ! ! !
[1582416000] CURRENT SERVICE STATE: Dial4trade.in;CPU Load;OK;HARD;1;OK - load average: 0.00, 0.01, 0.05
[1582416000] CURRENT SERVICE STATE: Dial4trade.in;Current Users;OK;HARD;1;USERS OK - 0 users currently logged in
[1582416000] CURRENT SERVICE STATE: Dial4trade.in;FTP Monitoring;OK;HARD;1;vsftpd is running fine ! ! !
[1582416000] CURRENT SERVICE STATE: Dial4trade.in;Memory monitoring;OK;HARD;1;42.63%
[1582416000] CURRENT SERVICE STATE: Dial4trade.in;PHP-FPM;OK;HARD;1;php-fpm is running fine ! ! !
[1582416000] CURRENT SERVICE STATE: Dial4trade.in;ROOT monitoring;OK;HARD;1;OK - 42% of disk space used.
[1582416000] CURRENT SERVICE STATE: Dial4trade.in;SSH Monitoring;CRITICAL;HARD;3;CHECK_NRPE STATE CRITICAL: Socket timeout after 10 seconds.
[1582416000] CURRENT SERVICE STATE: Dial4trade.in;SWAP Monitoring;OK;HARD;1;SWAP OK - 98% free (2005 MB out of 2047 MB)
[1582416000] CURRENT SERVICE STATE: Dial4trade.in;Total Processes;OK;HARD;1;PROCS OK: 99 processes
[1582416000] CURRENT SERVICE STATE: localhost;Current Load;OK;HARD;1;OK - load average: 0.00, 0.01, 0.05
[1582416000] CURRENT SERVICE STATE: localhost;Current Users;OK;HARD;1;USERS OK - 0 users currently logged in
[1582416000] CURRENT SERVICE STATE: localhost;HTTP;OK;HARD;1;HTTP OK: HTTP/1.1 200 OK - 296 bytes in 0.000 second response time
[1582416000] CURRENT SERVICE STATE: localhost;Memory monitoring;OK;HARD;1;9.40%
[1582416000] CURRENT SERVICE STATE: localhost;PING;OK;HARD;1;PING OK - Packet loss = 0%, RTA = 0.04 ms
[1582416000] CURRENT SERVICE STATE: localhost;Root Partition;OK;HARD;1;DISK OK - free space: / 8356 MB (81.69% inode=99%):
[1582416000] CURRENT SERVICE STATE: localhost;SSH;OK;HARD;1;SSH OK - OpenSSH_7.4 (protocol 2.0)
[1582416000] CURRENT SERVICE STATE: localhost;Swap Usage;OK;HARD;1;SWAP OK - 100% free (511 MB out of 511 MB)
[1582416000] CURRENT SERVICE STATE: localhost;Total Processes;OK;HARD;1;PROCS OK: 34 processes with STATE = RSZDT
[1582416603] Auto-save of retention data completed successfully.
[1582417069] SERVICE NOTIFICATION: nagiosadmin;Dial4trade.in;SSH Monitoring;CRITICAL;notify-service-by-email;CHECK_NRPE STATE CRITICAL: Socket timeout after 10 seconds.
[1582417069] wproc: NOTIFY job 20424 from worker Core Worker 23142 is a non-check helper but exited with return code 75
[1582417069] wproc:   host=Dial4trade.in; service=SSH Monitoring; contact=nagiosadmin
[1582417069] wproc:   early_timeout=0; exited_ok=1; wait_status=19200; error_code=0;
[1582417069] wproc:   stderr line 01: sendmail: invalid option -- 's'
[1582417069] wproc:   stderr line 02: sendmail: invalid option -- 's'
[1582417069] wproc:   stderr line 03: sendmail: fatal: usage: sendmail [options]
[1582417069] wproc:   stderr line 04: /usr/bin/printf: write error: Broken pipe
[1582420203] Auto-save of retention data completed successfully.
[1582420669] SERVICE NOTIFICATION: nagiosadmin;Dial4trade.in;SSH Monitoring;CRITICAL;notify-service-by-email;CHECK_NRPE STATE CRITICAL: Socket timeout after 10 seconds.
[1582420669] wproc: NOTIFY job 20472 from worker Core Worker 23139 is a non-check helper but exited with return code 75
[1582420669] wproc:   host=Dial4trade.in; service=SSH Monitoring; contact=nagiosadmin
[1582420669] wproc:   early_timeout=0; exited_ok=1; wait_status=19200; error_code=0;
[1582420669] wproc:   stderr line 01: sendmail: invalid option -- 's'
[1582420669] wproc:   stderr line 02: sendmail: invalid option -- 's'
[1582420669] wproc:   stderr line 03: sendmail: fatal: usage: sendmail [options]
[1582423803] Auto-save of retention data completed successfully.
[1582424269] SERVICE NOTIFICATION: nagiosadmin;Dial4trade.in;SSH Monitoring;CRITICAL;notify-service-by-email;CHECK_NRPE STATE CRITICAL: Socket timeout after 10 seconds.
[1582424269] wproc: NOTIFY job 20520 from worker Core Worker 23140 is a non-check helper but exited with return code 75
[1582424269] wproc:   host=Dial4trade.in; service=SSH Monitoring; contact=nagiosadmin
[1582424269] wproc:   early_timeout=0; exited_ok=1; wait_status=19200; error_code=0;
[1582424269] wproc:   stderr line 01: sendmail: invalid option -- 's'
[1582424269] wproc:   stderr line 02: sendmail: invalid option -- 's'
[1582424269] wproc:   stderr line 03: sendmail: fatal: usage: sendmail [options]
[1582424269] wproc:   stderr line 04: /usr/bin/printf: write error: Broken pipe
[1582427403] Auto-save of retention data completed successfully.
[1582427869] SERVICE NOTIFICATION: nagiosadmin;Dial4trade.in;SSH Monitoring;CRITICAL;notify-service-by-email;CHECK_NRPE STATE CRITICAL: Socket timeout after 10 seconds.
[1582427869] wproc: NOTIFY job 20569 from worker Core Worker 23141 is a non-check helper but exited with return code 75
[1582427869] wproc:   host=Dial4trade.in; service=SSH Monitoring; contact=nagiosadmin
[1582427869] wproc:   early_timeout=0; exited_ok=1; wait_status=19200; error_code=0;
[1582427869] wproc:   stderr line 01: sendmail: invalid option -- 's'
[1582427869] wproc:   stderr line 02: sendmail: invalid option -- 's'
[1582427869] wproc:   stderr line 03: sendmail: fatal: usage: sendmail [options]
[1582427869] wproc:   stderr line 04: /usr/bin/printf: write error: Broken pipe
[1582431003] Auto-save of retention data completed successfully.
[1582431469] SERVICE NOTIFICATION: nagiosadmin;Dial4trade.in;SSH Monitoring;CRITICAL;notify-service-by-email;CHECK_NRPE STATE CRITICAL: Socket timeout after 10 seconds.
[1582431469] wproc: NOTIFY job 20617 from worker Core Worker 23142 is a non-check helper but exited with return code 75
[1582431469] wproc:   host=Dial4trade.in; service=SSH Monitoring; contact=nagiosadmin
[1582431469] wproc:   early_timeout=0; exited_ok=1; wait_status=19200; error_code=0;
[1582431469] wproc:   stderr line 01: sendmail: invalid option -- 's'
[1582431469] wproc:   stderr line 02: sendmail: invalid option -- 's'
[1582431469] wproc:   stderr line 03: sendmail: fatal: usage: sendmail [options]
[1582431469] wproc:   stderr line 04: /usr/bin/printf: write error: Broken pipe
[1582434603] Auto-save of retention data completed successfully.
[1582435069] SERVICE NOTIFICATION: nagiosadmin;Dial4trade.in;SSH Monitoring;CRITICAL;notify-service-by-email;CHECK_NRPE STATE CRITICAL: Socket timeout after 10 seconds.
[1582435069] wproc: NOTIFY job 20665 from worker Core Worker 23139 is a non-check helper but exited with return code 75
[1582435069] wproc:   host=Dial4trade.in; service=SSH Monitoring; contact=nagiosadmin
[1582435069] wproc:   early_timeout=0; exited_ok=1; wait_status=19200; error_code=0;
[1582435069] wproc:   stderr line 01: sendmail: invalid option -- 's'
[1582435069] wproc:   stderr line 02: sendmail: invalid option -- 's'
[1582435069] wproc:   stderr line 03: sendmail: fatal: usage: sendmail [options]
[1582435069] wproc:   stderr line 04: /usr/bin/printf: write error: Broken pipe
[1582438203] Auto-save of retention data completed successfully.
[1582438669] SERVICE NOTIFICATION: nagiosadmin;Dial4trade.in;SSH Monitoring;CRITICAL;notify-service-by-email;CHECK_NRPE STATE CRITICAL: Socket timeout after 10 seconds.
[1582438669] wproc: NOTIFY job 20713 from worker Core Worker 23140 is a non-check helper but exited with return code 75
[1582438669] wproc:   host=Dial4trade.in; service=SSH Monitoring; contact=nagiosadmin
[1582438669] wproc:   early_timeout=0; exited_ok=1; wait_status=19200; error_code=0;
[1582438669] wproc:   stderr line 01: sendmail: invalid option -- 's'
[1582438669] wproc:   stderr line 02: sendmail: invalid option -- 's'
[1582438669] wproc:   stderr line 03: sendmail: fatal: usage: sendmail [options]
[1582438669] wproc:   stderr line 04: /usr/bin/printf: write error: Broken pipe
[1582441803] Auto-save of retention data completed successfully.
[1582442269] SERVICE NOTIFICATION: nagiosadmin;Dial4trade.in;SSH Monitoring;CRITICAL;notify-service-by-email;CHECK_NRPE STATE CRITICAL: Socket timeout after 10 seconds.
[1582442269] wproc: NOTIFY job 20762 from worker Core Worker 23141 is a non-check helper but exited with return code 75
[1582442269] wproc:   host=Dial4trade.in; service=SSH Monitoring; contact=nagiosadmin
[1582442269] wproc:   early_timeout=0; exited_ok=1; wait_status=19200; error_code=0;
[1582442269] wproc:   stderr line 01: sendmail: invalid option -- 's'
[1582442269] wproc:   stderr line 02: sendmail: invalid option -- 's'
[1582442269] wproc:   stderr line 03: sendmail: fatal: usage: sendmail [options]
[1582442269] wproc:   stderr line 04: /usr/bin/printf: write error: Broken pipe
[1582445403] Auto-save of retention data completed successfully.
[1582445869] SERVICE NOTIFICATION: nagiosadmin;Dial4trade.in;SSH Monitoring;CRITICAL;notify-service-by-email;CHECK_NRPE STATE CRITICAL: Socket timeout after 10 seconds.
[1582445869] wproc: NOTIFY job 20810 from worker Core Worker 23142 is a non-check helper but exited with return code 75
[1582445869] wproc:   host=Dial4trade.in; service=SSH Monitoring; contact=nagiosadmin
[1582445869] wproc:   early_timeout=0; exited_ok=1; wait_status=19200; error_code=0;
[1582445869] wproc:   stderr line 01: sendmail: invalid option -- 's'
[1582445869] wproc:   stderr line 02: sendmail: invalid option -- 's'
[1582445869] wproc:   stderr line 03: sendmail: fatal: usage: sendmail [options]
[1582445869] wproc:   stderr line 04: /usr/bin/printf: write error: Broken pipe
[1582449003] Auto-save of retention data completed successfully.
[1582449469] SERVICE NOTIFICATION: nagiosadmin;Dial4trade.in;SSH Monitoring;CRITICAL;notify-service-by-email;CHECK_NRPE STATE CRITICAL: Socket timeout after 10 seconds.
[1582449469] wproc: NOTIFY job 20858 from worker Core Worker 23139 is a non-check helper but exited with return code 75
[1582449469] wproc:   host=Dial4trade.in; service=SSH Monitoring; contact=nagiosadmin
[1582449469] wproc:   early_timeout=0; exited_ok=1; wait_status=19200; error_code=0;
[1582449469] wproc:   stderr line 01: sendmail: invalid option -- 's'
[1582449469] wproc:   stderr line 02: sendmail: invalid option -- 's'
[1582449469] wproc:   stderr line 03: sendmail: fatal: usage: sendmail [options]
[1582449469] wproc:   stderr line 04: /usr/bin/printf: write error: Broken pipe
[1582452603] Auto-save of retention data completed successfully.
[1582453069] SERVICE NOTIFICATION: nagiosadmin;Dial4trade.in;SSH Monitoring;CRITICAL;notify-service-by-email;CHECK_NRPE STATE CRITICAL: Socket timeout after 10 seconds.
[1582453069] wproc: NOTIFY job 20906 from worker Core Worker 23140 is a non-check helper but exited with return code 75
[1582453069] wproc:   host=Dial4trade.in; service=SSH Monitoring; contact=nagiosadmin
[1582453069] wproc:   early_timeout=0; exited_ok=1; wait_status=19200; error_code=0;
[1582453069] wproc:   stderr line 01: sendmail: invalid option -- 's'
[1582453069] wproc:   stderr line 02: sendmail: invalid option -- 's'
[1582453069] wproc:   stderr line 03: sendmail: fatal: usage: sendmail [options]
[1582453069] wproc:   stderr line 04: /usr/bin/printf: write error: Broken pipe
[1582456203] Auto-save of retention data completed successfully.
[1582456669] SERVICE NOTIFICATION: nagiosadmin;Dial4trade.in;SSH Monitoring;CRITICAL;notify-service-by-email;CHECK_NRPE STATE CRITICAL: Socket timeout after 10 seconds.
[1582456669] wproc: NOTIFY job 20955 from worker Core Worker 23141 is a non-check helper but exited with return code 75
[1582456669] wproc:   host=Dial4trade.in; service=SSH Monitoring; contact=nagiosadmin
[1582456669] wproc:   early_timeout=0; exited_ok=1; wait_status=19200; error_code=0;
[1582456669] wproc:   stderr line 01: sendmail: invalid option -- 's'
[1582456669] wproc:   stderr line 02: sendmail: invalid option -- 's'
[1582456669] wproc:   stderr line 03: sendmail: fatal: usage: sendmail [options]
[1582456669] wproc:   stderr line 04: /usr/bin/printf: write error: Broken pipe
[1582459803] Auto-save of retention data completed successfully.
[1582460269] SERVICE NOTIFICATION: nagiosadmin;Dial4trade.in;SSH Monitoring;CRITICAL;notify-service-by-email;CHECK_NRPE STATE CRITICAL: Socket timeout after 10 seconds.
[1582460269] wproc: NOTIFY job 21003 from worker Core Worker 23142 is a non-check helper but exited with return code 75
[1582460269] wproc:   host=Dial4trade.in; service=SSH Monitoring; contact=nagiosadmin
[1582460269] wproc:   early_timeout=0; exited_ok=1; wait_status=19200; error_code=0;
[1582460269] wproc:   stderr line 01: sendmail: invalid option -- 's'
[1582460269] wproc:   stderr line 02: sendmail: invalid option -- 's'
[1582460269] wproc:   stderr line 03: sendmail: fatal: usage: sendmail [options]
[1582460269] wproc:   stderr line 04: /usr/bin/printf: write error: Broken pipe
[1582463403] Auto-save of retention data completed successfully.
[1582463869] SERVICE NOTIFICATION: nagiosadmin;Dial4trade.in;SSH Monitoring;CRITICAL;notify-service-by-email;CHECK_NRPE STATE CRITICAL: Socket timeout after 10 seconds.
[1582463869] wproc: NOTIFY job 21051 from worker Core Worker 23139 is a non-check helper but exited with return code 75
[1582463869] wproc:   host=Dial4trade.in; service=SSH Monitoring; contact=nagiosadmin
[1582463869] wproc:   early_timeout=0; exited_ok=1; wait_status=19200; error_code=0;
[1582463869] wproc:   stderr line 01: sendmail: invalid option -- 's'
[1582463869] wproc:   stderr line 02: sendmail: invalid option -- 's'
[1582463869] wproc:   stderr line 03: sendmail: fatal: usage: sendmail [options]
[1582463869] wproc:   stderr line 04: /usr/bin/printf: write error: Broken pipe
[1582467003] Auto-save of retention data completed successfully.
[1582467469] SERVICE NOTIFICATION: nagiosadmin;Dial4trade.in;SSH Monitoring;CRITICAL;notify-service-by-email;CHECK_NRPE STATE CRITICAL: Socket timeout after 10 seconds.
[1582467469] wproc: NOTIFY job 21099 from worker Core Worker 23140 is a non-check helper but exited with return code 75
[1582467469] wproc:   host=Dial4trade.in; service=SSH Monitoring; contact=nagiosadmin
[1582467469] wproc:   early_timeout=0; exited_ok=1; wait_status=19200; error_code=0;
[1582467469] wproc:   stderr line 01: sendmail: invalid option -- 's'
[1582467469] wproc:   stderr line 02: sendmail: invalid option -- 's'
[1582467469] wproc:   stderr line 03: sendmail: fatal: usage: sendmail [options]
[1582467469] wproc:   stderr line 04: /usr/bin/printf: write error: Broken pipe
[1582470603] Auto-save of retention data completed successfully.
[1582471069] SERVICE NOTIFICATION: nagiosadmin;Dial4trade.in;SSH Monitoring;CRITICAL;notify-service-by-email;CHECK_NRPE STATE CRITICAL: Socket timeout after 10 seconds.
[1582471069] wproc: NOTIFY job 21148 from worker Core Worker 23141 is a non-check helper but exited with return code 75
[1582471069] wproc:   host=Dial4trade.in; service=SSH Monitoring; contact=nagiosadmin
[1582471069] wproc:   early_timeout=0; exited_ok=1; wait_status=19200; error_code=0;
[1582471069] wproc:   stderr line 01: sendmail: invalid option -- 's'
[1582471069] wproc:   stderr line 02: sendmail: invalid option -- 's'
[1582471069] wproc:   stderr line 03: sendmail: fatal: usage: sendmail [options]
[1582471069] wproc:   stderr line 04: /usr/bin/printf: write error: Broken pipe
[1582474203] Auto-save of retention data completed successfully.
[1582474669] SERVICE NOTIFICATION: nagiosadmin;Dial4trade.in;SSH Monitoring;CRITICAL;notify-service-by-email;CHECK_NRPE STATE CRITICAL: Socket timeout after 10 seconds.
[1582474669] wproc: NOTIFY job 21196 from worker Core Worker 23142 is a non-check helper but exited with return code 75
[1582474669] wproc:   host=Dial4trade.in; service=SSH Monitoring; contact=nagiosadmin
[1582474669] wproc:   early_timeout=0; exited_ok=1; wait_status=19200; error_code=0;
[1582474669] wproc:   stderr line 01: sendmail: invalid option -- 's'
[1582474669] wproc:   stderr line 02: sendmail: invalid option -- 's'
[1582474669] wproc:   stderr line 03: sendmail: fatal: usage: sendmail [options]
[1582474669] wproc:   stderr line 04: /usr/bin/printf: write error: Broken pipe
[1582477803] Auto-save of retention data completed successfully.
[1582478269] SERVICE NOTIFICATION: nagiosadmin;Dial4trade.in;SSH Monitoring;CRITICAL;notify-service-by-email;CHECK_NRPE STATE CRITICAL: Socket timeout after 10 seconds.
[1582478269] wproc: NOTIFY job 21244 from worker Core Worker 23139 is a non-check helper but exited with return code 75
[1582478269] wproc:   host=Dial4trade.in; service=SSH Monitoring; contact=nagiosadmin
[1582478269] wproc:   early_timeout=0; exited_ok=1; wait_status=19200; error_code=0;
[1582478269] wproc:   stderr line 01: sendmail: invalid option -- 's'
[1582478269] wproc:   stderr line 02: sendmail: invalid option -- 's'
[1582478269] wproc:   stderr line 03: sendmail: fatal: usage: sendmail [options]
[1582478269] wproc:   stderr line 04: /usr/bin/printf: write error: Broken pipe
[1582481403] Auto-save of retention data completed successfully.
[1582481869] SERVICE NOTIFICATION: nagiosadmin;Dial4trade.in;SSH Monitoring;CRITICAL;notify-service-by-email;CHECK_NRPE STATE CRITICAL: Socket timeout after 10 seconds.
[1582481869] wproc: NOTIFY job 21292 from worker Core Worker 23140 is a non-check helper but exited with return code 75
[1582481869] wproc:   host=Dial4trade.in; service=SSH Monitoring; contact=nagiosadmin
[1582481869] wproc:   early_timeout=0; exited_ok=1; wait_status=19200; error_code=0;
[1582481869] wproc:   stderr line 01: sendmail: invalid option -- 's'
[1582481869] wproc:   stderr line 02: sendmail: invalid option -- 's'
[1582481869] wproc:   stderr line 03: sendmail: fatal: usage: sendmail [options]
[1582481869] wproc:   stderr line 04: /usr/bin/printf: write error: Broken pipe
[1582485003] Auto-save of retention data completed successfully.
[1582485469] SERVICE NOTIFICATION: nagiosadmin;Dial4trade.in;SSH Monitoring;CRITICAL;notify-service-by-email;CHECK_NRPE STATE CRITICAL: Socket timeout after 10 seconds.
[1582485469] wproc: NOTIFY job 21341 from worker Core Worker 23141 is a non-check helper but exited with return code 75
[1582485469] wproc:   host=Dial4trade.in; service=SSH Monitoring; contact=nagiosadmin
[1582485469] wproc:   early_timeout=0; exited_ok=1; wait_status=19200; error_code=0;
[1582485469] wproc:   stderr line 01: sendmail: invalid option -- 's'
[1582485469] wproc:   stderr line 02: sendmail: invalid option -- 's'
[1582485469] wproc:   stderr line 03: sendmail: fatal: usage: sendmail [options]
[1582485469] wproc:   stderr line 04: /usr/bin/printf: write error: Broken pipe
[1582488603] Auto-save of retention data completed successfully.
[1582489069] SERVICE NOTIFICATION: nagiosadmin;Dial4trade.in;SSH Monitoring;CRITICAL;notify-service-by-email;CHECK_NRPE STATE CRITICAL: Socket timeout after 10 seconds.
[1582489069] wproc: NOTIFY job 21389 from worker Core Worker 23142 is a non-check helper but exited with return code 75
[1582489069] wproc:   host=Dial4trade.in; service=SSH Monitoring; contact=nagiosadmin
[1582489069] wproc:   early_timeout=0; exited_ok=1; wait_status=19200; error_code=0;
[1582489069] wproc:   stderr line 01: sendmail: invalid option -- 's'
[1582489069] wproc:   stderr line 02: sendmail: invalid option -- 's'
[1582489069] wproc:   stderr line 03: sendmail: fatal: usage: sendmail [options]
[1582489069] wproc:   stderr line 04: /usr/bin/printf: write error: Broken pipe
[1582492203] Auto-save of retention data completed successfully.
[1582492669] SERVICE NOTIFICATION: nagiosadmin;Dial4trade.in;SSH Monitoring;CRITICAL;notify-service-by-email;CHECK_NRPE STATE CRITICAL: Socket timeout after 10 seconds.
[1582492669] wproc: NOTIFY job 21437 from worker Core Worker 23139 is a non-check helper but exited with return code 75
[1582492669] wproc:   host=Dial4trade.in; service=SSH Monitoring; contact=nagiosadmin
[1582492669] wproc:   early_timeout=0; exited_ok=1; wait_status=19200; error_code=0;
[1582492669] wproc:   stderr line 01: sendmail: invalid option -- 's'
[1582492669] wproc:   stderr line 02: sendmail: invalid option -- 's'
[1582492669] wproc:   stderr line 03: sendmail: fatal: usage: sendmail [options]
[1582492669] wproc:   stderr line 04: /usr/bin/printf: write error: Broken pipe
[1582495803] Auto-save of retention data completed successfully.
[1582496269] SERVICE NOTIFICATION: nagiosadmin;Dial4trade.in;SSH Monitoring;CRITICAL;notify-service-by-email;CHECK_NRPE STATE CRITICAL: Socket timeout after 10 seconds.
[1582496269] wproc: NOTIFY job 21485 from worker Core Worker 23140 is a non-check helper but exited with return code 75
[1582496269] wproc:   host=Dial4trade.in; service=SSH Monitoring; contact=nagiosadmin
[1582496269] wproc:   early_timeout=0; exited_ok=1; wait_status=19200; error_code=0;
[1582496269] wproc:   stderr line 01: sendmail: invalid option -- 's'
[1582496269] wproc:   stderr line 02: sendmail: invalid option -- 's'
[1582496269] wproc:   stderr line 03: sendmail: fatal: usage: sendmail [options]
[1582496269] wproc:   stderr line 04: /usr/bin/printf: write error: Broken pipe
[1582499403] Auto-save of retention data completed successfully.
[1582499869] SERVICE NOTIFICATION: nagiosadmin;Dial4trade.in;SSH Monitoring;CRITICAL;notify-service-by-email;CHECK_NRPE STATE CRITICAL: Socket timeout after 10 seconds.
[1582499869] wproc: NOTIFY job 21534 from worker Core Worker 23141 is a non-check helper but exited with return code 75
[1582499869] wproc:   host=Dial4trade.in; service=SSH Monitoring; contact=nagiosadmin
[1582499869] wproc:   early_timeout=0; exited_ok=1; wait_status=19200; error_code=0;
[1582499869] wproc:   stderr line 01: sendmail: invalid option -- 's'
[1582499869] wproc:   stderr line 02: sendmail: invalid option -- 's'
[1582499869] wproc:   stderr line 03: sendmail: fatal: usage: sendmail [options]
[1582499869] wproc:   stderr line 04: /usr/bin/printf: write error: Broken pipe
