[1583452800] LOG ROTATION: DAILY
[1583452800] LOG VERSION: 2.0
[1583452800] CURRENT HOST STATE: Dial4trade.in;UP;HARD;1;PING OK - Packet loss = 0%, RTA = 0.79 ms
[1583452800] CURRENT HOST STATE: localhost;UP;HARD;1;PING OK - Packet loss = 0%, RTA = 0.04 ms
[1583452800] CURRENT SERVICE STATE: Dial4trade.in;Apache Monitoring;OK;HARD;1;httpd is runing ! ! !
[1583452800] CURRENT SERVICE STATE: Dial4trade.in;CPU Load;OK;HARD;1;OK - load average: 0.00, 0.01, 0.05
[1583452800] CURRENT SERVICE STATE: Dial4trade.in;Current Users;OK;HARD;1;USERS OK - 0 users currently logged in
[1583452800] CURRENT SERVICE STATE: Dial4trade.in;FTP Monitoring;OK;HARD;1;vsftpd is running fine ! ! !
[1583452800] CURRENT SERVICE STATE: Dial4trade.in;Memory monitoring;OK;HARD;1;57.68%
[1583452800] CURRENT SERVICE STATE: Dial4trade.in;PHP-FPM;OK;HARD;1;php-fpm is running fine ! ! !
[1583452800] CURRENT SERVICE STATE: Dial4trade.in;ROOT monitoring;OK;HARD;1;OK - 40% of disk space used.
[1583452800] CURRENT SERVICE STATE: Dial4trade.in;SSH Monitoring;CRITICAL;HARD;3;CHECK_NRPE STATE CRITICAL: Socket timeout after 10 seconds.
[1583452800] CURRENT SERVICE STATE: Dial4trade.in;SWAP Monitoring;OK;HARD;1;SWAP OK - 98% free (1995 MB out of 2047 MB)
[1583452800] CURRENT SERVICE STATE: Dial4trade.in;Total Processes;OK;HARD;1;PROCS OK: 123 processes
[1583452800] CURRENT SERVICE STATE: localhost;Current Load;OK;HARD;1;OK - load average: 0.00, 0.01, 0.05
[1583452800] CURRENT SERVICE STATE: localhost;Current Users;OK;HARD;1;USERS OK - 0 users currently logged in
[1583452800] CURRENT SERVICE STATE: localhost;HTTP;OK;HARD;1;HTTP OK: HTTP/1.1 200 OK - 296 bytes in 0.001 second response time
[1583452800] CURRENT SERVICE STATE: localhost;Memory monitoring;OK;HARD;1;10.72%
[1583452800] CURRENT SERVICE STATE: localhost;PING;OK;HARD;1;PING OK - Packet loss = 0%, RTA = 0.04 ms
[1583452800] CURRENT SERVICE STATE: localhost;Root Partition;OK;HARD;1;DISK OK - free space: / 8344 MB (81.58% inode=99%):
[1583452800] CURRENT SERVICE STATE: localhost;SSH;OK;HARD;1;SSH OK - OpenSSH_7.4 (protocol 2.0)
[1583452800] CURRENT SERVICE STATE: localhost;Swap Usage;OK;HARD;1;SWAP OK - 100% free (511 MB out of 511 MB)
[1583452800] CURRENT SERVICE STATE: localhost;Total Processes;OK;HARD;1;PROCS OK: 38 processes with STATE = RSZDT
[1583453269] SERVICE NOTIFICATION: nagiosadmin;Dial4trade.in;SSH Monitoring;CRITICAL;notify-service-by-email;CHECK_NRPE STATE CRITICAL: Socket timeout after 10 seconds.
[1583453269] wproc: NOTIFY job 34320 from worker Core Worker 23141 is a non-check helper but exited with return code 75
[1583453269] wproc:   host=Dial4trade.in; service=SSH Monitoring; contact=nagiosadmin
[1583453269] wproc:   early_timeout=0; exited_ok=1; wait_status=19200; error_code=0;
[1583453269] wproc:   stderr line 01: sendmail: invalid option -- 's'
[1583453269] wproc:   stderr line 02: sendmail: invalid option -- 's'
[1583453269] wproc:   stderr line 03: sendmail: fatal: usage: sendmail [options]
[1583453269] wproc:   stderr line 04: /usr/bin/printf: write error: Broken pipe
[1583453403] Auto-save of retention data completed successfully.
[1583456869] SERVICE NOTIFICATION: nagiosadmin;Dial4trade.in;SSH Monitoring;CRITICAL;notify-service-by-email;CHECK_NRPE STATE CRITICAL: Socket timeout after 10 seconds.
[1583456869] wproc: NOTIFY job 34368 from worker Core Worker 23142 is a non-check helper but exited with return code 75
[1583456869] wproc:   host=Dial4trade.in; service=SSH Monitoring; contact=nagiosadmin
[1583456869] wproc:   early_timeout=0; exited_ok=1; wait_status=19200; error_code=0;
[1583456869] wproc:   stderr line 01: sendmail: invalid option -- 's'
[1583456869] wproc:   stderr line 02: sendmail: invalid option -- 's'
[1583456869] wproc:   stderr line 03: sendmail: fatal: usage: sendmail [options]
[1583456869] wproc:   stderr line 04: /usr/bin/printf: write error: Broken pipe
[1583457003] Auto-save of retention data completed successfully.
[1583460469] SERVICE NOTIFICATION: nagiosadmin;Dial4trade.in;SSH Monitoring;CRITICAL;notify-service-by-email;CHECK_NRPE STATE CRITICAL: Socket timeout after 10 seconds.
[1583460469] wproc: NOTIFY job 34416 from worker Core Worker 23139 is a non-check helper but exited with return code 75
[1583460469] wproc:   host=Dial4trade.in; service=SSH Monitoring; contact=nagiosadmin
[1583460469] wproc:   early_timeout=0; exited_ok=1; wait_status=19200; error_code=0;
[1583460469] wproc:   stderr line 01: sendmail: invalid option -- 's'
[1583460469] wproc:   stderr line 02: sendmail: invalid option -- 's'
[1583460469] wproc:   stderr line 03: sendmail: fatal: usage: sendmail [options]
[1583460469] wproc:   stderr line 04: /usr/bin/printf: write error: Broken pipe
[1583460603] Auto-save of retention data completed successfully.
[1583464069] SERVICE NOTIFICATION: nagiosadmin;Dial4trade.in;SSH Monitoring;CRITICAL;notify-service-by-email;CHECK_NRPE STATE CRITICAL: Socket timeout after 10 seconds.
[1583464069] wproc: NOTIFY job 34464 from worker Core Worker 23140 is a non-check helper but exited with return code 75
[1583464069] wproc:   host=Dial4trade.in; service=SSH Monitoring; contact=nagiosadmin
[1583464069] wproc:   early_timeout=0; exited_ok=1; wait_status=19200; error_code=0;
[1583464069] wproc:   stderr line 01: sendmail: invalid option -- 's'
[1583464069] wproc:   stderr line 02: sendmail: invalid option -- 's'
[1583464069] wproc:   stderr line 03: sendmail: fatal: usage: sendmail [options]
[1583464069] wproc:   stderr line 04: /usr/bin/printf: write error: Broken pipe
[1583464203] Auto-save of retention data completed successfully.
[1583466414] SERVICE ALERT: Dial4trade.in;CPU Load;WARNING;SOFT;1;WARNING - load average: 0.16, 0.05, 0.06
[1583466534] SERVICE ALERT: Dial4trade.in;CPU Load;OK;SOFT;2;OK - load average: 0.02, 0.03, 0.05
[1583467669] SERVICE NOTIFICATION: nagiosadmin;Dial4trade.in;SSH Monitoring;CRITICAL;notify-service-by-email;CHECK_NRPE STATE CRITICAL: Socket timeout after 10 seconds.
[1583467669] wproc: NOTIFY job 34513 from worker Core Worker 23139 is a non-check helper but exited with return code 75
[1583467669] wproc:   host=Dial4trade.in; service=SSH Monitoring; contact=nagiosadmin
[1583467669] wproc:   early_timeout=0; exited_ok=1; wait_status=19200; error_code=0;
[1583467669] wproc:   stderr line 01: sendmail: invalid option -- 's'
[1583467669] wproc:   stderr line 02: sendmail: invalid option -- 's'
[1583467669] wproc:   stderr line 03: sendmail: fatal: usage: sendmail [options]
[1583467669] wproc:   stderr line 04: /usr/bin/printf: write error: Broken pipe
[1583467803] Auto-save of retention data completed successfully.
[1583471269] SERVICE NOTIFICATION: nagiosadmin;Dial4trade.in;SSH Monitoring;CRITICAL;notify-service-by-email;CHECK_NRPE STATE CRITICAL: Socket timeout after 10 seconds.
[1583471269] wproc: NOTIFY job 34561 from worker Core Worker 23140 is a non-check helper but exited with return code 75
[1583471269] wproc:   host=Dial4trade.in; service=SSH Monitoring; contact=nagiosadmin
[1583471269] wproc:   early_timeout=0; exited_ok=1; wait_status=19200; error_code=0;
[1583471269] wproc:   stderr line 01: sendmail: invalid option -- 's'
[1583471269] wproc:   stderr line 02: sendmail: invalid option -- 's'
[1583471269] wproc:   stderr line 03: sendmail: fatal: usage: sendmail [options]
[1583471269] wproc:   stderr line 04: /usr/bin/printf: write error: Broken pipe
[1583471403] Auto-save of retention data completed successfully.
[1583474869] SERVICE NOTIFICATION: nagiosadmin;Dial4trade.in;SSH Monitoring;CRITICAL;notify-service-by-email;CHECK_NRPE STATE CRITICAL: Socket timeout after 10 seconds.
[1583474869] wproc: NOTIFY job 34610 from worker Core Worker 23141 is a non-check helper but exited with return code 75
[1583474869] wproc:   host=Dial4trade.in; service=SSH Monitoring; contact=nagiosadmin
[1583474869] wproc:   early_timeout=0; exited_ok=1; wait_status=19200; error_code=0;
[1583474869] wproc:   stderr line 01: sendmail: invalid option -- 's'
[1583474869] wproc:   stderr line 02: sendmail: invalid option -- 's'
[1583474869] wproc:   stderr line 03: sendmail: fatal: usage: sendmail [options]
[1583474869] wproc:   stderr line 04: /usr/bin/printf: write error: Broken pipe
[1583475003] Auto-save of retention data completed successfully.
[1583478469] SERVICE NOTIFICATION: nagiosadmin;Dial4trade.in;SSH Monitoring;CRITICAL;notify-service-by-email;CHECK_NRPE STATE CRITICAL: Socket timeout after 10 seconds.
[1583478469] wproc: NOTIFY job 34658 from worker Core Worker 23142 is a non-check helper but exited with return code 75
[1583478469] wproc:   host=Dial4trade.in; service=SSH Monitoring; contact=nagiosadmin
[1583478469] wproc:   early_timeout=0; exited_ok=1; wait_status=19200; error_code=0;
[1583478469] wproc:   stderr line 01: sendmail: invalid option -- 's'
[1583478469] wproc:   stderr line 02: sendmail: invalid option -- 's'
[1583478469] wproc:   stderr line 03: sendmail: fatal: usage: sendmail [options]
[1583478469] wproc:   stderr line 04: /usr/bin/printf: write error: Broken pipe
[1583478603] Auto-save of retention data completed successfully.
[1583482069] SERVICE NOTIFICATION: nagiosadmin;Dial4trade.in;SSH Monitoring;CRITICAL;notify-service-by-email;CHECK_NRPE STATE CRITICAL: Socket timeout after 10 seconds.
[1583482069] wproc: NOTIFY job 34706 from worker Core Worker 23139 is a non-check helper but exited with return code 75
[1583482069] wproc:   host=Dial4trade.in; service=SSH Monitoring; contact=nagiosadmin
[1583482069] wproc:   early_timeout=0; exited_ok=1; wait_status=19200; error_code=0;
[1583482069] wproc:   stderr line 01: sendmail: invalid option -- 's'
[1583482069] wproc:   stderr line 02: sendmail: invalid option -- 's'
[1583482069] wproc:   stderr line 03: sendmail: fatal: usage: sendmail [options]
[1583482069] wproc:   stderr line 04: /usr/bin/printf: write error: Broken pipe
[1583482203] Auto-save of retention data completed successfully.
[1583485669] SERVICE NOTIFICATION: nagiosadmin;Dial4trade.in;SSH Monitoring;CRITICAL;notify-service-by-email;CHECK_NRPE STATE CRITICAL: Socket timeout after 10 seconds.
[1583485669] wproc: NOTIFY job 34754 from worker Core Worker 23140 is a non-check helper but exited with return code 75
[1583485669] wproc:   host=Dial4trade.in; service=SSH Monitoring; contact=nagiosadmin
[1583485669] wproc:   early_timeout=0; exited_ok=1; wait_status=19200; error_code=0;
[1583485669] wproc:   stderr line 01: sendmail: invalid option -- 's'
[1583485669] wproc:   stderr line 02: sendmail: invalid option -- 's'
[1583485669] wproc:   stderr line 03: sendmail: fatal: usage: sendmail [options]
[1583485669] wproc:   stderr line 04: /usr/bin/printf: write error: Broken pipe
[1583485803] Auto-save of retention data completed successfully.
[1583489269] SERVICE NOTIFICATION: nagiosadmin;Dial4trade.in;SSH Monitoring;CRITICAL;notify-service-by-email;CHECK_NRPE STATE CRITICAL: Socket timeout after 10 seconds.
[1583489269] wproc: NOTIFY job 34803 from worker Core Worker 23141 is a non-check helper but exited with return code 75
[1583489269] wproc:   host=Dial4trade.in; service=SSH Monitoring; contact=nagiosadmin
[1583489269] wproc:   early_timeout=0; exited_ok=1; wait_status=19200; error_code=0;
[1583489269] wproc:   stderr line 01: sendmail: invalid option -- 's'
[1583489269] wproc:   stderr line 02: sendmail: invalid option -- 's'
[1583489269] wproc:   stderr line 03: sendmail: fatal: usage: sendmail [options]
[1583489269] wproc:   stderr line 04: /usr/bin/printf: write error: Broken pipe
[1583489403] Auto-save of retention data completed successfully.
[1583492869] SERVICE NOTIFICATION: nagiosadmin;Dial4trade.in;SSH Monitoring;CRITICAL;notify-service-by-email;CHECK_NRPE STATE CRITICAL: Socket timeout after 10 seconds.
[1583492869] wproc: NOTIFY job 34851 from worker Core Worker 23142 is a non-check helper but exited with return code 75
[1583492869] wproc:   host=Dial4trade.in; service=SSH Monitoring; contact=nagiosadmin
[1583492869] wproc:   early_timeout=0; exited_ok=1; wait_status=19200; error_code=0;
[1583492869] wproc:   stderr line 01: sendmail: invalid option -- 's'
[1583492869] wproc:   stderr line 02: sendmail: invalid option -- 's'
[1583492869] wproc:   stderr line 03: sendmail: fatal: usage: sendmail [options]
[1583492869] wproc:   stderr line 04: /usr/bin/printf: write error: Broken pipe
[1583493003] Auto-save of retention data completed successfully.
[1583496469] SERVICE NOTIFICATION: nagiosadmin;Dial4trade.in;SSH Monitoring;CRITICAL;notify-service-by-email;CHECK_NRPE STATE CRITICAL: Socket timeout after 10 seconds.
[1583496469] wproc: NOTIFY job 34899 from worker Core Worker 23139 is a non-check helper but exited with return code 75
[1583496469] wproc:   host=Dial4trade.in; service=SSH Monitoring; contact=nagiosadmin
[1583496469] wproc:   early_timeout=0; exited_ok=1; wait_status=19200; error_code=0;
[1583496469] wproc:   stderr line 01: sendmail: invalid option -- 's'
[1583496469] wproc:   stderr line 02: sendmail: invalid option -- 's'
[1583496469] wproc:   stderr line 03: sendmail: fatal: usage: sendmail [options]
[1583496469] wproc:   stderr line 04: /usr/bin/printf: write error: Broken pipe
[1583496603] Auto-save of retention data completed successfully.
[1583500069] SERVICE NOTIFICATION: nagiosadmin;Dial4trade.in;SSH Monitoring;CRITICAL;notify-service-by-email;CHECK_NRPE STATE CRITICAL: Socket timeout after 10 seconds.
[1583500069] wproc: NOTIFY job 34947 from worker Core Worker 23140 is a non-check helper but exited with return code 75
[1583500069] wproc:   host=Dial4trade.in; service=SSH Monitoring; contact=nagiosadmin
[1583500069] wproc:   early_timeout=0; exited_ok=1; wait_status=19200; error_code=0;
[1583500069] wproc:   stderr line 01: sendmail: invalid option -- 's'
[1583500069] wproc:   stderr line 02: sendmail: invalid option -- 's'
[1583500069] wproc:   stderr line 03: sendmail: fatal: usage: sendmail [options]
[1583500069] wproc:   stderr line 04: /usr/bin/printf: write error: Broken pipe
[1583500203] Auto-save of retention data completed successfully.
[1583503669] SERVICE NOTIFICATION: nagiosadmin;Dial4trade.in;SSH Monitoring;CRITICAL;notify-service-by-email;CHECK_NRPE STATE CRITICAL: Socket timeout after 10 seconds.
[1583503669] wproc: NOTIFY job 34996 from worker Core Worker 23141 is a non-check helper but exited with return code 75
[1583503669] wproc:   host=Dial4trade.in; service=SSH Monitoring; contact=nagiosadmin
[1583503669] wproc:   early_timeout=0; exited_ok=1; wait_status=19200; error_code=0;
[1583503669] wproc:   stderr line 01: sendmail: invalid option -- 's'
[1583503669] wproc:   stderr line 02: sendmail: invalid option -- 's'
[1583503669] wproc:   stderr line 03: sendmail: fatal: usage: sendmail [options]
[1583503669] wproc:   stderr line 04: /usr/bin/printf: write error: Broken pipe
[1583503803] Auto-save of retention data completed successfully.
[1583507269] SERVICE NOTIFICATION: nagiosadmin;Dial4trade.in;SSH Monitoring;CRITICAL;notify-service-by-email;CHECK_NRPE STATE CRITICAL: Socket timeout after 10 seconds.
[1583507269] wproc: NOTIFY job 35044 from worker Core Worker 23142 is a non-check helper but exited with return code 75
[1583507269] wproc:   host=Dial4trade.in; service=SSH Monitoring; contact=nagiosadmin
[1583507269] wproc:   early_timeout=0; exited_ok=1; wait_status=19200; error_code=0;
[1583507269] wproc:   stderr line 01: sendmail: invalid option -- 's'
[1583507269] wproc:   stderr line 02: sendmail: invalid option -- 's'
[1583507269] wproc:   stderr line 03: sendmail: fatal: usage: sendmail [options]
[1583507269] wproc:   stderr line 04: /usr/bin/printf: write error: Broken pipe
[1583507403] Auto-save of retention data completed successfully.
[1583510869] SERVICE NOTIFICATION: nagiosadmin;Dial4trade.in;SSH Monitoring;CRITICAL;notify-service-by-email;CHECK_NRPE STATE CRITICAL: Socket timeout after 10 seconds.
[1583510869] wproc: NOTIFY job 35092 from worker Core Worker 23139 is a non-check helper but exited with return code 75
[1583510869] wproc:   host=Dial4trade.in; service=SSH Monitoring; contact=nagiosadmin
[1583510869] wproc:   early_timeout=0; exited_ok=1; wait_status=19200; error_code=0;
[1583510869] wproc:   stderr line 01: sendmail: invalid option -- 's'
[1583510869] wproc:   stderr line 02: sendmail: invalid option -- 's'
[1583510869] wproc:   stderr line 03: sendmail: fatal: usage: sendmail [options]
[1583511003] Auto-save of retention data completed successfully.
[1583514469] SERVICE NOTIFICATION: nagiosadmin;Dial4trade.in;SSH Monitoring;CRITICAL;notify-service-by-email;CHECK_NRPE STATE CRITICAL: Socket timeout after 10 seconds.
[1583514469] wproc: NOTIFY job 35140 from worker Core Worker 23140 is a non-check helper but exited with return code 75
[1583514469] wproc:   host=Dial4trade.in; service=SSH Monitoring; contact=nagiosadmin
[1583514469] wproc:   early_timeout=0; exited_ok=1; wait_status=19200; error_code=0;
[1583514469] wproc:   stderr line 01: sendmail: invalid option -- 's'
[1583514469] wproc:   stderr line 02: sendmail: invalid option -- 's'
[1583514469] wproc:   stderr line 03: sendmail: fatal: usage: sendmail [options]
[1583514469] wproc:   stderr line 04: /usr/bin/printf: write error: Broken pipe
[1583514603] Auto-save of retention data completed successfully.
[1583518069] SERVICE NOTIFICATION: nagiosadmin;Dial4trade.in;SSH Monitoring;CRITICAL;notify-service-by-email;CHECK_NRPE STATE CRITICAL: Socket timeout after 10 seconds.
[1583518069] wproc: NOTIFY job 35189 from worker Core Worker 23141 is a non-check helper but exited with return code 75
[1583518069] wproc:   host=Dial4trade.in; service=SSH Monitoring; contact=nagiosadmin
[1583518069] wproc:   early_timeout=0; exited_ok=1; wait_status=19200; error_code=0;
[1583518069] wproc:   stderr line 01: sendmail: invalid option -- 's'
[1583518069] wproc:   stderr line 02: sendmail: invalid option -- 's'
[1583518069] wproc:   stderr line 03: sendmail: fatal: usage: sendmail [options]
[1583518069] wproc:   stderr line 04: /usr/bin/printf: write error: Broken pipe
[1583518203] Auto-save of retention data completed successfully.
[1583521669] SERVICE NOTIFICATION: nagiosadmin;Dial4trade.in;SSH Monitoring;CRITICAL;notify-service-by-email;CHECK_NRPE STATE CRITICAL: Socket timeout after 10 seconds.
[1583521669] wproc: NOTIFY job 35237 from worker Core Worker 23142 is a non-check helper but exited with return code 75
[1583521669] wproc:   host=Dial4trade.in; service=SSH Monitoring; contact=nagiosadmin
[1583521669] wproc:   early_timeout=0; exited_ok=1; wait_status=19200; error_code=0;
[1583521669] wproc:   stderr line 01: sendmail: invalid option -- 's'
[1583521669] wproc:   stderr line 02: sendmail: invalid option -- 's'
[1583521669] wproc:   stderr line 03: sendmail: fatal: usage: sendmail [options]
[1583521669] wproc:   stderr line 04: /usr/bin/printf: write error: Broken pipe
[1583521803] Auto-save of retention data completed successfully.
[1583525269] SERVICE NOTIFICATION: nagiosadmin;Dial4trade.in;SSH Monitoring;CRITICAL;notify-service-by-email;CHECK_NRPE STATE CRITICAL: Socket timeout after 10 seconds.
[1583525269] wproc: NOTIFY job 35285 from worker Core Worker 23139 is a non-check helper but exited with return code 75
[1583525269] wproc:   host=Dial4trade.in; service=SSH Monitoring; contact=nagiosadmin
[1583525269] wproc:   early_timeout=0; exited_ok=1; wait_status=19200; error_code=0;
[1583525269] wproc:   stderr line 01: sendmail: invalid option -- 's'
[1583525269] wproc:   stderr line 02: sendmail: invalid option -- 's'
[1583525269] wproc:   stderr line 03: sendmail: fatal: usage: sendmail [options]
[1583525269] wproc:   stderr line 04: /usr/bin/printf: write error: Broken pipe
[1583525403] Auto-save of retention data completed successfully.
[1583528869] SERVICE NOTIFICATION: nagiosadmin;Dial4trade.in;SSH Monitoring;CRITICAL;notify-service-by-email;CHECK_NRPE STATE CRITICAL: Socket timeout after 10 seconds.
[1583528869] wproc: NOTIFY job 35333 from worker Core Worker 23140 is a non-check helper but exited with return code 75
[1583528869] wproc:   host=Dial4trade.in; service=SSH Monitoring; contact=nagiosadmin
[1583528869] wproc:   early_timeout=0; exited_ok=1; wait_status=19200; error_code=0;
[1583528869] wproc:   stderr line 01: sendmail: invalid option -- 's'
[1583528869] wproc:   stderr line 02: sendmail: invalid option -- 's'
[1583528869] wproc:   stderr line 03: sendmail: fatal: usage: sendmail [options]
[1583528869] wproc:   stderr line 04: /usr/bin/printf: write error: Broken pipe
[1583529003] Auto-save of retention data completed successfully.
[1583532469] SERVICE NOTIFICATION: nagiosadmin;Dial4trade.in;SSH Monitoring;CRITICAL;notify-service-by-email;CHECK_NRPE STATE CRITICAL: Socket timeout after 10 seconds.
[1583532469] wproc: NOTIFY job 35382 from worker Core Worker 23141 is a non-check helper but exited with return code 75
[1583532469] wproc:   host=Dial4trade.in; service=SSH Monitoring; contact=nagiosadmin
[1583532469] wproc:   early_timeout=0; exited_ok=1; wait_status=19200; error_code=0;
[1583532469] wproc:   stderr line 01: sendmail: invalid option -- 's'
[1583532469] wproc:   stderr line 02: sendmail: invalid option -- 's'
[1583532469] wproc:   stderr line 03: sendmail: fatal: usage: sendmail [options]
[1583532469] wproc:   stderr line 04: /usr/bin/printf: write error: Broken pipe
[1583532603] Auto-save of retention data completed successfully.
[1583536069] SERVICE NOTIFICATION: nagiosadmin;Dial4trade.in;SSH Monitoring;CRITICAL;notify-service-by-email;CHECK_NRPE STATE CRITICAL: Socket timeout after 10 seconds.
[1583536069] wproc: NOTIFY job 35430 from worker Core Worker 23142 is a non-check helper but exited with return code 75
[1583536069] wproc:   host=Dial4trade.in; service=SSH Monitoring; contact=nagiosadmin
[1583536069] wproc:   early_timeout=0; exited_ok=1; wait_status=19200; error_code=0;
[1583536069] wproc:   stderr line 01: sendmail: invalid option -- 's'
[1583536069] wproc:   stderr line 02: sendmail: invalid option -- 's'
[1583536069] wproc:   stderr line 03: sendmail: fatal: usage: sendmail [options]
[1583536069] wproc:   stderr line 04: /usr/bin/printf: write error: Broken pipe
[1583536203] Auto-save of retention data completed successfully.
[1583538054] SERVICE ALERT: Dial4trade.in;CPU Load;WARNING;SOFT;1;WARNING - load average: 0.08, 0.05, 0.06
[1583538174] SERVICE ALERT: Dial4trade.in;CPU Load;OK;SOFT;2;OK - load average: 0.01, 0.04, 0.05
