[1585008000] LOG ROTATION: DAILY
[1585008000] LOG VERSION: 2.0
[1585008000] CURRENT HOST STATE: Dial4trade.in;UP;HARD;1;PING OK - Packet loss = 0%, RTA = 0.76 ms
[1585008000] CURRENT HOST STATE: localhost;UP;HARD;1;PING OK - Packet loss = 0%, RTA = 0.04 ms
[1585008000] CURRENT SERVICE STATE: Dial4trade.in;Apache Monitoring;OK;HARD;1;httpd is runing ! ! !
[1585008000] CURRENT SERVICE STATE: Dial4trade.in;CPU Load;OK;HARD;1;OK - load average: 0.00, 0.01, 0.05
[1585008000] CURRENT SERVICE STATE: Dial4trade.in;Current Users;OK;HARD;1;USERS OK - 0 users currently logged in
[1585008000] CURRENT SERVICE STATE: Dial4trade.in;FTP Monitoring;OK;HARD;1;vsftpd is running fine ! ! !
[1585008000] CURRENT SERVICE STATE: Dial4trade.in;Memory monitoring;OK;HARD;1;32.63%
[1585008000] CURRENT SERVICE STATE: Dial4trade.in;PHP-FPM;OK;HARD;1;php-fpm is running fine ! ! !
[1585008000] CURRENT SERVICE STATE: Dial4trade.in;ROOT monitoring;OK;HARD;1;OK - 34% of disk space used.
[1585008000] CURRENT SERVICE STATE: Dial4trade.in;SSH Monitoring;CRITICAL;HARD;3;CHECK_NRPE STATE CRITICAL: Socket timeout after 10 seconds.
[1585008000] CURRENT SERVICE STATE: Dial4trade.in;SWAP Monitoring;OK;HARD;1;SWAP OK - 98% free (2006 MB out of 2047 MB)
[1585008000] CURRENT SERVICE STATE: Dial4trade.in;Total Processes;OK;HARD;1;PROCS OK: 121 processes
[1585008000] CURRENT SERVICE STATE: localhost;Current Load;OK;HARD;1;OK - load average: 0.00, 0.01, 0.05
[1585008000] CURRENT SERVICE STATE: localhost;Current Users;OK;HARD;1;USERS OK - 0 users currently logged in
[1585008000] CURRENT SERVICE STATE: localhost;HTTP;OK;HARD;1;HTTP OK: HTTP/1.1 200 OK - 296 bytes in 0.000 second response time
[1585008000] CURRENT SERVICE STATE: localhost;Memory monitoring;OK;HARD;1;9.61%
[1585008000] CURRENT SERVICE STATE: localhost;PING;OK;HARD;1;PING OK - Packet loss = 0%, RTA = 0.03 ms
[1585008000] CURRENT SERVICE STATE: localhost;Root Partition;OK;HARD;1;DISK OK - free space: / 8352 MB (81.65% inode=99%):
[1585008000] CURRENT SERVICE STATE: localhost;SSH;OK;HARD;1;SSH OK - OpenSSH_7.4 (protocol 2.0)
[1585008000] CURRENT SERVICE STATE: localhost;Swap Usage;OK;HARD;1;SWAP OK - 100% free (511 MB out of 511 MB)
[1585008000] CURRENT SERVICE STATE: localhost;Total Processes;OK;HARD;1;PROCS OK: 34 processes with STATE = RSZDT
[1585008603] Auto-save of retention data completed successfully.
[1585008740] SERVICE NOTIFICATION: nagiosadmin;Dial4trade.in;SSH Monitoring;CRITICAL;notify-service-by-email;CHECK_NRPE STATE CRITICAL: Socket timeout after 10 seconds.
[1585008740] wproc: NOTIFY job 55174 from worker Core Worker 23142 is a non-check helper but exited with return code 75
[1585008740] wproc:   host=Dial4trade.in; service=SSH Monitoring; contact=nagiosadmin
[1585008740] wproc:   early_timeout=0; exited_ok=1; wait_status=19200; error_code=0;
[1585008740] wproc:   stderr line 01: sendmail: invalid option -- 's'
[1585008740] wproc:   stderr line 02: sendmail: invalid option -- 's'
[1585008740] wproc:   stderr line 03: sendmail: fatal: usage: sendmail [options]
[1585008740] wproc:   stderr line 04: /usr/bin/printf: write error: Broken pipe
[1585012203] Auto-save of retention data completed successfully.
[1585012340] SERVICE NOTIFICATION: nagiosadmin;Dial4trade.in;SSH Monitoring;CRITICAL;notify-service-by-email;CHECK_NRPE STATE CRITICAL: Socket timeout after 10 seconds.
[1585012340] wproc: NOTIFY job 55222 from worker Core Worker 23139 is a non-check helper but exited with return code 75
[1585012340] wproc:   host=Dial4trade.in; service=SSH Monitoring; contact=nagiosadmin
[1585012340] wproc:   early_timeout=0; exited_ok=1; wait_status=19200; error_code=0;
[1585012340] wproc:   stderr line 01: sendmail: invalid option -- 's'
[1585012340] wproc:   stderr line 02: sendmail: invalid option -- 's'
[1585012340] wproc:   stderr line 03: sendmail: fatal: usage: sendmail [options]
[1585012340] wproc:   stderr line 04: /usr/bin/printf: write error: Broken pipe
[1585015803] Auto-save of retention data completed successfully.
[1585015940] SERVICE NOTIFICATION: nagiosadmin;Dial4trade.in;SSH Monitoring;CRITICAL;notify-service-by-email;CHECK_NRPE STATE CRITICAL: Socket timeout after 10 seconds.
[1585015940] wproc: NOTIFY job 55270 from worker Core Worker 23140 is a non-check helper but exited with return code 75
[1585015940] wproc:   host=Dial4trade.in; service=SSH Monitoring; contact=nagiosadmin
[1585015940] wproc:   early_timeout=0; exited_ok=1; wait_status=19200; error_code=0;
[1585015940] wproc:   stderr line 01: sendmail: invalid option -- 's'
[1585015940] wproc:   stderr line 02: sendmail: invalid option -- 's'
[1585015940] wproc:   stderr line 03: sendmail: fatal: usage: sendmail [options]
[1585015940] wproc:   stderr line 04: /usr/bin/printf: write error: Broken pipe
[1585019403] Auto-save of retention data completed successfully.
[1585019540] SERVICE NOTIFICATION: nagiosadmin;Dial4trade.in;SSH Monitoring;CRITICAL;notify-service-by-email;CHECK_NRPE STATE CRITICAL: Socket timeout after 10 seconds.
[1585019540] wproc: NOTIFY job 55319 from worker Core Worker 23141 is a non-check helper but exited with return code 75
[1585019540] wproc:   host=Dial4trade.in; service=SSH Monitoring; contact=nagiosadmin
[1585019540] wproc:   early_timeout=0; exited_ok=1; wait_status=19200; error_code=0;
[1585019540] wproc:   stderr line 01: sendmail: invalid option -- 's'
[1585019540] wproc:   stderr line 02: sendmail: invalid option -- 's'
[1585019540] wproc:   stderr line 03: sendmail: fatal: usage: sendmail [options]
[1585019540] wproc:   stderr line 04: /usr/bin/printf: write error: Broken pipe
[1585023003] Auto-save of retention data completed successfully.
[1585023140] SERVICE NOTIFICATION: nagiosadmin;Dial4trade.in;SSH Monitoring;CRITICAL;notify-service-by-email;CHECK_NRPE STATE CRITICAL: Socket timeout after 10 seconds.
[1585023140] wproc: NOTIFY job 55367 from worker Core Worker 23142 is a non-check helper but exited with return code 75
[1585023140] wproc:   host=Dial4trade.in; service=SSH Monitoring; contact=nagiosadmin
[1585023140] wproc:   early_timeout=0; exited_ok=1; wait_status=19200; error_code=0;
[1585023140] wproc:   stderr line 01: sendmail: invalid option -- 's'
[1585023140] wproc:   stderr line 02: sendmail: invalid option -- 's'
[1585023140] wproc:   stderr line 03: sendmail: fatal: usage: sendmail [options]
[1585023140] wproc:   stderr line 04: /usr/bin/printf: write error: Broken pipe
[1585026603] Auto-save of retention data completed successfully.
[1585026740] SERVICE NOTIFICATION: nagiosadmin;Dial4trade.in;SSH Monitoring;CRITICAL;notify-service-by-email;CHECK_NRPE STATE CRITICAL: Socket timeout after 10 seconds.
[1585026740] wproc: NOTIFY job 55415 from worker Core Worker 23139 is a non-check helper but exited with return code 75
[1585026740] wproc:   host=Dial4trade.in; service=SSH Monitoring; contact=nagiosadmin
[1585026740] wproc:   early_timeout=0; exited_ok=1; wait_status=19200; error_code=0;
[1585026740] wproc:   stderr line 01: sendmail: invalid option -- 's'
[1585026740] wproc:   stderr line 02: sendmail: invalid option -- 's'
[1585026740] wproc:   stderr line 03: sendmail: fatal: usage: sendmail [options]
[1585030203] Auto-save of retention data completed successfully.
[1585030340] SERVICE NOTIFICATION: nagiosadmin;Dial4trade.in;SSH Monitoring;CRITICAL;notify-service-by-email;CHECK_NRPE STATE CRITICAL: Socket timeout after 10 seconds.
[1585030340] wproc: NOTIFY job 55463 from worker Core Worker 23140 is a non-check helper but exited with return code 75
[1585030340] wproc:   host=Dial4trade.in; service=SSH Monitoring; contact=nagiosadmin
[1585030340] wproc:   early_timeout=0; exited_ok=1; wait_status=19200; error_code=0;
[1585030340] wproc:   stderr line 01: sendmail: invalid option -- 's'
[1585030340] wproc:   stderr line 02: sendmail: invalid option -- 's'
[1585030340] wproc:   stderr line 03: sendmail: fatal: usage: sendmail [options]
[1585030340] wproc:   stderr line 04: /usr/bin/printf: write error: Broken pipe
[1585033803] Auto-save of retention data completed successfully.
[1585033940] SERVICE NOTIFICATION: nagiosadmin;Dial4trade.in;SSH Monitoring;CRITICAL;notify-service-by-email;CHECK_NRPE STATE CRITICAL: Socket timeout after 10 seconds.
[1585033940] wproc: NOTIFY job 55512 from worker Core Worker 23141 is a non-check helper but exited with return code 75
[1585033940] wproc:   host=Dial4trade.in; service=SSH Monitoring; contact=nagiosadmin
[1585033940] wproc:   early_timeout=0; exited_ok=1; wait_status=19200; error_code=0;
[1585033940] wproc:   stderr line 01: sendmail: invalid option -- 's'
[1585033940] wproc:   stderr line 02: sendmail: invalid option -- 's'
[1585033940] wproc:   stderr line 03: sendmail: fatal: usage: sendmail [options]
[1585033940] wproc:   stderr line 04: /usr/bin/printf: write error: Broken pipe
[1585037403] Auto-save of retention data completed successfully.
[1585037540] SERVICE NOTIFICATION: nagiosadmin;Dial4trade.in;SSH Monitoring;CRITICAL;notify-service-by-email;CHECK_NRPE STATE CRITICAL: Socket timeout after 10 seconds.
[1585037540] wproc: NOTIFY job 55560 from worker Core Worker 23142 is a non-check helper but exited with return code 75
[1585037540] wproc:   host=Dial4trade.in; service=SSH Monitoring; contact=nagiosadmin
[1585037540] wproc:   early_timeout=0; exited_ok=1; wait_status=19200; error_code=0;
[1585037540] wproc:   stderr line 01: sendmail: invalid option -- 's'
[1585037540] wproc:   stderr line 02: sendmail: invalid option -- 's'
[1585037540] wproc:   stderr line 03: sendmail: fatal: usage: sendmail [options]
[1585037540] wproc:   stderr line 04: /usr/bin/printf: write error: Broken pipe
[1585041003] Auto-save of retention data completed successfully.
[1585041140] SERVICE NOTIFICATION: nagiosadmin;Dial4trade.in;SSH Monitoring;CRITICAL;notify-service-by-email;CHECK_NRPE STATE CRITICAL: Socket timeout after 10 seconds.
[1585041140] wproc: NOTIFY job 55608 from worker Core Worker 23139 is a non-check helper but exited with return code 75
[1585041140] wproc:   host=Dial4trade.in; service=SSH Monitoring; contact=nagiosadmin
[1585041140] wproc:   early_timeout=0; exited_ok=1; wait_status=19200; error_code=0;
[1585041140] wproc:   stderr line 01: sendmail: invalid option -- 's'
[1585041140] wproc:   stderr line 02: sendmail: invalid option -- 's'
[1585041140] wproc:   stderr line 03: sendmail: fatal: usage: sendmail [options]
[1585041140] wproc:   stderr line 04: /usr/bin/printf: write error: Broken pipe
[1585044603] Auto-save of retention data completed successfully.
[1585044740] SERVICE NOTIFICATION: nagiosadmin;Dial4trade.in;SSH Monitoring;CRITICAL;notify-service-by-email;CHECK_NRPE STATE CRITICAL: Socket timeout after 10 seconds.
[1585044740] wproc: NOTIFY job 55656 from worker Core Worker 23140 is a non-check helper but exited with return code 75
[1585044740] wproc:   host=Dial4trade.in; service=SSH Monitoring; contact=nagiosadmin
[1585044740] wproc:   early_timeout=0; exited_ok=1; wait_status=19200; error_code=0;
[1585044740] wproc:   stderr line 01: sendmail: invalid option -- 's'
[1585044740] wproc:   stderr line 02: sendmail: invalid option -- 's'
[1585044740] wproc:   stderr line 03: sendmail: fatal: usage: sendmail [options]
[1585044740] wproc:   stderr line 04: /usr/bin/printf: write error: Broken pipe
[1585048203] Auto-save of retention data completed successfully.
[1585048340] SERVICE NOTIFICATION: nagiosadmin;Dial4trade.in;SSH Monitoring;CRITICAL;notify-service-by-email;CHECK_NRPE STATE CRITICAL: Socket timeout after 10 seconds.
[1585048340] wproc: NOTIFY job 55705 from worker Core Worker 23141 is a non-check helper but exited with return code 75
[1585048340] wproc:   host=Dial4trade.in; service=SSH Monitoring; contact=nagiosadmin
[1585048340] wproc:   early_timeout=0; exited_ok=1; wait_status=19200; error_code=0;
[1585048340] wproc:   stderr line 01: sendmail: invalid option -- 's'
[1585048340] wproc:   stderr line 02: sendmail: invalid option -- 's'
[1585048340] wproc:   stderr line 03: sendmail: fatal: usage: sendmail [options]
[1585048340] wproc:   stderr line 04: /usr/bin/printf: write error: Broken pipe
[1585051803] Auto-save of retention data completed successfully.
[1585051940] SERVICE NOTIFICATION: nagiosadmin;Dial4trade.in;SSH Monitoring;CRITICAL;notify-service-by-email;CHECK_NRPE STATE CRITICAL: Socket timeout after 10 seconds.
[1585051940] wproc: NOTIFY job 55753 from worker Core Worker 23142 is a non-check helper but exited with return code 75
[1585051940] wproc:   host=Dial4trade.in; service=SSH Monitoring; contact=nagiosadmin
[1585051940] wproc:   early_timeout=0; exited_ok=1; wait_status=19200; error_code=0;
[1585051940] wproc:   stderr line 01: sendmail: invalid option -- 's'
[1585051940] wproc:   stderr line 02: sendmail: invalid option -- 's'
[1585051940] wproc:   stderr line 03: sendmail: fatal: usage: sendmail [options]
[1585051940] wproc:   stderr line 04: /usr/bin/printf: write error: Broken pipe
[1585055403] Auto-save of retention data completed successfully.
[1585055540] SERVICE NOTIFICATION: nagiosadmin;Dial4trade.in;SSH Monitoring;CRITICAL;notify-service-by-email;CHECK_NRPE STATE CRITICAL: Socket timeout after 10 seconds.
[1585055540] wproc: NOTIFY job 55801 from worker Core Worker 23139 is a non-check helper but exited with return code 75
[1585055540] wproc:   host=Dial4trade.in; service=SSH Monitoring; contact=nagiosadmin
[1585055540] wproc:   early_timeout=0; exited_ok=1; wait_status=19200; error_code=0;
[1585055540] wproc:   stderr line 01: sendmail: invalid option -- 's'
[1585055540] wproc:   stderr line 02: sendmail: invalid option -- 's'
[1585055540] wproc:   stderr line 03: sendmail: fatal: usage: sendmail [options]
[1585055540] wproc:   stderr line 04: /usr/bin/printf: write error: Broken pipe
[1585059003] Auto-save of retention data completed successfully.
[1585059140] SERVICE NOTIFICATION: nagiosadmin;Dial4trade.in;SSH Monitoring;CRITICAL;notify-service-by-email;CHECK_NRPE STATE CRITICAL: Socket timeout after 10 seconds.
[1585059140] wproc: NOTIFY job 55849 from worker Core Worker 23140 is a non-check helper but exited with return code 75
[1585059140] wproc:   host=Dial4trade.in; service=SSH Monitoring; contact=nagiosadmin
[1585059140] wproc:   early_timeout=0; exited_ok=1; wait_status=19200; error_code=0;
[1585059140] wproc:   stderr line 01: sendmail: invalid option -- 's'
[1585059140] wproc:   stderr line 02: sendmail: invalid option -- 's'
[1585059140] wproc:   stderr line 03: sendmail: fatal: usage: sendmail [options]
[1585059140] wproc:   stderr line 04: /usr/bin/printf: write error: Broken pipe
[1585062603] Auto-save of retention data completed successfully.
[1585062740] SERVICE NOTIFICATION: nagiosadmin;Dial4trade.in;SSH Monitoring;CRITICAL;notify-service-by-email;CHECK_NRPE STATE CRITICAL: Socket timeout after 10 seconds.
[1585062740] wproc: NOTIFY job 55898 from worker Core Worker 23141 is a non-check helper but exited with return code 75
[1585062740] wproc:   host=Dial4trade.in; service=SSH Monitoring; contact=nagiosadmin
[1585062740] wproc:   early_timeout=0; exited_ok=1; wait_status=19200; error_code=0;
[1585062740] wproc:   stderr line 01: sendmail: invalid option -- 's'
[1585062740] wproc:   stderr line 02: sendmail: invalid option -- 's'
[1585062740] wproc:   stderr line 03: sendmail: fatal: usage: sendmail [options]
[1585062740] wproc:   stderr line 04: /usr/bin/printf: write error: Broken pipe
[1585066203] Auto-save of retention data completed successfully.
[1585066340] SERVICE NOTIFICATION: nagiosadmin;Dial4trade.in;SSH Monitoring;CRITICAL;notify-service-by-email;CHECK_NRPE STATE CRITICAL: Socket timeout after 10 seconds.
[1585066340] wproc: NOTIFY job 55946 from worker Core Worker 23142 is a non-check helper but exited with return code 75
[1585066340] wproc:   host=Dial4trade.in; service=SSH Monitoring; contact=nagiosadmin
[1585066340] wproc:   early_timeout=0; exited_ok=1; wait_status=19200; error_code=0;
[1585066340] wproc:   stderr line 01: sendmail: invalid option -- 's'
[1585066340] wproc:   stderr line 02: sendmail: invalid option -- 's'
[1585066340] wproc:   stderr line 03: sendmail: fatal: usage: sendmail [options]
[1585066340] wproc:   stderr line 04: /usr/bin/printf: write error: Broken pipe
[1585069803] Auto-save of retention data completed successfully.
[1585069940] SERVICE NOTIFICATION: nagiosadmin;Dial4trade.in;SSH Monitoring;CRITICAL;notify-service-by-email;CHECK_NRPE STATE CRITICAL: Socket timeout after 10 seconds.
[1585069940] wproc: NOTIFY job 55994 from worker Core Worker 23139 is a non-check helper but exited with return code 75
[1585069940] wproc:   host=Dial4trade.in; service=SSH Monitoring; contact=nagiosadmin
[1585069940] wproc:   early_timeout=0; exited_ok=1; wait_status=19200; error_code=0;
[1585069940] wproc:   stderr line 01: sendmail: invalid option -- 's'
[1585069940] wproc:   stderr line 02: sendmail: invalid option -- 's'
[1585069940] wproc:   stderr line 03: sendmail: fatal: usage: sendmail [options]
[1585069940] wproc:   stderr line 04: /usr/bin/printf: write error: Broken pipe
[1585073403] Auto-save of retention data completed successfully.
[1585073540] SERVICE NOTIFICATION: nagiosadmin;Dial4trade.in;SSH Monitoring;CRITICAL;notify-service-by-email;CHECK_NRPE STATE CRITICAL: Socket timeout after 10 seconds.
[1585073540] wproc: NOTIFY job 56042 from worker Core Worker 23140 is a non-check helper but exited with return code 75
[1585073540] wproc:   host=Dial4trade.in; service=SSH Monitoring; contact=nagiosadmin
[1585073540] wproc:   early_timeout=0; exited_ok=1; wait_status=19200; error_code=0;
[1585073540] wproc:   stderr line 01: sendmail: invalid option -- 's'
[1585073540] wproc:   stderr line 02: sendmail: invalid option -- 's'
[1585073540] wproc:   stderr line 03: sendmail: fatal: usage: sendmail [options]
[1585073540] wproc:   stderr line 04: /usr/bin/printf: write error: Broken pipe
[1585077003] Auto-save of retention data completed successfully.
[1585077140] SERVICE NOTIFICATION: nagiosadmin;Dial4trade.in;SSH Monitoring;CRITICAL;notify-service-by-email;CHECK_NRPE STATE CRITICAL: Socket timeout after 10 seconds.
[1585077140] wproc: NOTIFY job 56091 from worker Core Worker 23141 is a non-check helper but exited with return code 75
[1585077140] wproc:   host=Dial4trade.in; service=SSH Monitoring; contact=nagiosadmin
[1585077140] wproc:   early_timeout=0; exited_ok=1; wait_status=19200; error_code=0;
[1585077140] wproc:   stderr line 01: sendmail: invalid option -- 's'
[1585077140] wproc:   stderr line 02: sendmail: invalid option -- 's'
[1585077140] wproc:   stderr line 03: sendmail: fatal: usage: sendmail [options]
[1585077140] wproc:   stderr line 04: /usr/bin/printf: write error: Broken pipe
[1585080603] Auto-save of retention data completed successfully.
[1585080740] SERVICE NOTIFICATION: nagiosadmin;Dial4trade.in;SSH Monitoring;CRITICAL;notify-service-by-email;CHECK_NRPE STATE CRITICAL: Socket timeout after 10 seconds.
[1585080740] wproc: NOTIFY job 56139 from worker Core Worker 23142 is a non-check helper but exited with return code 75
[1585080740] wproc:   host=Dial4trade.in; service=SSH Monitoring; contact=nagiosadmin
[1585080740] wproc:   early_timeout=0; exited_ok=1; wait_status=19200; error_code=0;
[1585080740] wproc:   stderr line 01: sendmail: invalid option -- 's'
[1585080740] wproc:   stderr line 02: sendmail: invalid option -- 's'
[1585080740] wproc:   stderr line 03: sendmail: fatal: usage: sendmail [options]
[1585080740] wproc:   stderr line 04: /usr/bin/printf: write error: Broken pipe
[1585084203] Auto-save of retention data completed successfully.
[1585084340] SERVICE NOTIFICATION: nagiosadmin;Dial4trade.in;SSH Monitoring;CRITICAL;notify-service-by-email;CHECK_NRPE STATE CRITICAL: Socket timeout after 10 seconds.
[1585084340] wproc: NOTIFY job 56187 from worker Core Worker 23139 is a non-check helper but exited with return code 75
[1585084340] wproc:   host=Dial4trade.in; service=SSH Monitoring; contact=nagiosadmin
[1585084340] wproc:   early_timeout=0; exited_ok=1; wait_status=19200; error_code=0;
[1585084340] wproc:   stderr line 01: sendmail: invalid option -- 's'
[1585084340] wproc:   stderr line 02: sendmail: invalid option -- 's'
[1585084340] wproc:   stderr line 03: sendmail: fatal: usage: sendmail [options]
[1585084340] wproc:   stderr line 04: /usr/bin/printf: write error: Broken pipe
[1585087803] Auto-save of retention data completed successfully.
[1585087940] SERVICE NOTIFICATION: nagiosadmin;Dial4trade.in;SSH Monitoring;CRITICAL;notify-service-by-email;CHECK_NRPE STATE CRITICAL: Socket timeout after 10 seconds.
[1585087940] wproc: NOTIFY job 56235 from worker Core Worker 23140 is a non-check helper but exited with return code 75
[1585087940] wproc:   host=Dial4trade.in; service=SSH Monitoring; contact=nagiosadmin
[1585087940] wproc:   early_timeout=0; exited_ok=1; wait_status=19200; error_code=0;
[1585087940] wproc:   stderr line 01: sendmail: invalid option -- 's'
[1585087940] wproc:   stderr line 02: sendmail: invalid option -- 's'
[1585087940] wproc:   stderr line 03: sendmail: fatal: usage: sendmail [options]
[1585087940] wproc:   stderr line 04: /usr/bin/printf: write error: Broken pipe
[1585091403] Auto-save of retention data completed successfully.
[1585091540] SERVICE NOTIFICATION: nagiosadmin;Dial4trade.in;SSH Monitoring;CRITICAL;notify-service-by-email;CHECK_NRPE STATE CRITICAL: Socket timeout after 10 seconds.
[1585091540] wproc: NOTIFY job 56284 from worker Core Worker 23141 is a non-check helper but exited with return code 75
[1585091540] wproc:   host=Dial4trade.in; service=SSH Monitoring; contact=nagiosadmin
[1585091540] wproc:   early_timeout=0; exited_ok=1; wait_status=19200; error_code=0;
[1585091540] wproc:   stderr line 01: sendmail: invalid option -- 's'
[1585091540] wproc:   stderr line 02: sendmail: invalid option -- 's'
[1585091540] wproc:   stderr line 03: sendmail: fatal: usage: sendmail [options]
[1585091540] wproc:   stderr line 04: /usr/bin/printf: write error: Broken pipe
