[1586908800] LOG ROTATION: DAILY
[1586908800] LOG VERSION: 2.0
[1586908800] CURRENT HOST STATE: Dial4trade.in;UP;HARD;1;PING OK - Packet loss = 0%, RTA = 0.76 ms
[1586908800] CURRENT HOST STATE: localhost;UP;HARD;1;PING OK - Packet loss = 0%, RTA = 0.04 ms
[1586908800] CURRENT SERVICE STATE: Dial4trade.in;Apache Monitoring;OK;HARD;1;httpd is runing ! ! !
[1586908800] CURRENT SERVICE STATE: Dial4trade.in;CPU Load;OK;HARD;1;OK - load average: 0.00, 0.01, 0.05
[1586908800] CURRENT SERVICE STATE: Dial4trade.in;Current Users;OK;HARD;1;USERS OK - 0 users currently logged in
[1586908800] CURRENT SERVICE STATE: Dial4trade.in;FTP Monitoring;OK;HARD;1;vsftpd is running fine ! ! !
[1586908800] CURRENT SERVICE STATE: Dial4trade.in;Memory monitoring;OK;HARD;1;40.81%
[1586908800] CURRENT SERVICE STATE: Dial4trade.in;PHP-FPM;OK;HARD;1;php-fpm is running fine ! ! !
[1586908800] CURRENT SERVICE STATE: Dial4trade.in;ROOT monitoring;OK;HARD;1;OK - 33% of disk space used.
[1586908800] CURRENT SERVICE STATE: Dial4trade.in;SSH Monitoring;CRITICAL;HARD;3;CHECK_NRPE STATE CRITICAL: Socket timeout after 10 seconds.
[1586908800] CURRENT SERVICE STATE: Dial4trade.in;SWAP Monitoring;OK;HARD;1;SWAP OK - 98% free (2003 MB out of 2047 MB)
[1586908800] CURRENT SERVICE STATE: Dial4trade.in;Total Processes;OK;HARD;1;PROCS OK: 122 processes
[1586908800] CURRENT SERVICE STATE: localhost;Current Load;OK;HARD;1;OK - load average: 0.00, 0.01, 0.05
[1586908800] CURRENT SERVICE STATE: localhost;Current Users;OK;HARD;1;USERS OK - 0 users currently logged in
[1586908800] CURRENT SERVICE STATE: localhost;HTTP;OK;HARD;1;HTTP OK: HTTP/1.1 200 OK - 296 bytes in 0.001 second response time
[1586908800] CURRENT SERVICE STATE: localhost;Memory monitoring;OK;HARD;1;9.81%
[1586908800] CURRENT SERVICE STATE: localhost;PING;OK;HARD;1;PING OK - Packet loss = 0%, RTA = 0.04 ms
[1586908800] CURRENT SERVICE STATE: localhost;Root Partition;OK;HARD;1;DISK OK - free space: / 8353 MB (81.66% inode=99%):
[1586908800] CURRENT SERVICE STATE: localhost;SSH;OK;HARD;1;SSH OK - OpenSSH_7.4 (protocol 2.0)
[1586908800] CURRENT SERVICE STATE: localhost;Swap Usage;OK;HARD;1;SWAP OK - 100% free (511 MB out of 511 MB)
[1586908800] CURRENT SERVICE STATE: localhost;Total Processes;OK;HARD;1;PROCS OK: 34 processes with STATE = RSZDT
[1586909403] Auto-save of retention data completed successfully.
[1586910740] SERVICE NOTIFICATION: nagiosadmin;Dial4trade.in;SSH Monitoring;CRITICAL;notify-service-by-email;CHECK_NRPE STATE CRITICAL: Socket timeout after 10 seconds.
[1586910740] wproc: NOTIFY job 80667 from worker Core Worker 23140 is a non-check helper but exited with return code 75
[1586910740] wproc:   host=Dial4trade.in; service=SSH Monitoring; contact=nagiosadmin
[1586910740] wproc:   early_timeout=0; exited_ok=1; wait_status=19200; error_code=0;
[1586910740] wproc:   stderr line 01: sendmail: invalid option -- 's'
[1586910740] wproc:   stderr line 02: sendmail: invalid option -- 's'
[1586910740] wproc:   stderr line 03: sendmail: fatal: usage: sendmail [options]
[1586910740] wproc:   stderr line 04: /usr/bin/printf: write error: Broken pipe
[1586913003] Auto-save of retention data completed successfully.
[1586914340] SERVICE NOTIFICATION: nagiosadmin;Dial4trade.in;SSH Monitoring;CRITICAL;notify-service-by-email;CHECK_NRPE STATE CRITICAL: Socket timeout after 10 seconds.
[1586914340] wproc: NOTIFY job 80716 from worker Core Worker 23141 is a non-check helper but exited with return code 75
[1586914340] wproc:   host=Dial4trade.in; service=SSH Monitoring; contact=nagiosadmin
[1586914340] wproc:   early_timeout=0; exited_ok=1; wait_status=19200; error_code=0;
[1586914340] wproc:   stderr line 01: sendmail: invalid option -- 's'
[1586914340] wproc:   stderr line 02: sendmail: invalid option -- 's'
[1586914340] wproc:   stderr line 03: sendmail: fatal: usage: sendmail [options]
[1586914340] wproc:   stderr line 04: /usr/bin/printf: write error: Broken pipe
[1586916603] Auto-save of retention data completed successfully.
[1586917940] SERVICE NOTIFICATION: nagiosadmin;Dial4trade.in;SSH Monitoring;CRITICAL;notify-service-by-email;CHECK_NRPE STATE CRITICAL: Socket timeout after 10 seconds.
[1586917940] wproc: NOTIFY job 80764 from worker Core Worker 23142 is a non-check helper but exited with return code 75
[1586917940] wproc:   host=Dial4trade.in; service=SSH Monitoring; contact=nagiosadmin
[1586917940] wproc:   early_timeout=0; exited_ok=1; wait_status=19200; error_code=0;
[1586917940] wproc:   stderr line 01: sendmail: invalid option -- 's'
[1586917940] wproc:   stderr line 02: sendmail: invalid option -- 's'
[1586917940] wproc:   stderr line 03: sendmail: fatal: usage: sendmail [options]
[1586917940] wproc:   stderr line 04: /usr/bin/printf: write error: Broken pipe
[1586920203] Auto-save of retention data completed successfully.
[1586921540] SERVICE NOTIFICATION: nagiosadmin;Dial4trade.in;SSH Monitoring;CRITICAL;notify-service-by-email;CHECK_NRPE STATE CRITICAL: Socket timeout after 10 seconds.
[1586921540] wproc: NOTIFY job 80812 from worker Core Worker 23139 is a non-check helper but exited with return code 75
[1586921540] wproc:   host=Dial4trade.in; service=SSH Monitoring; contact=nagiosadmin
[1586921540] wproc:   early_timeout=0; exited_ok=1; wait_status=19200; error_code=0;
[1586921540] wproc:   stderr line 01: sendmail: invalid option -- 's'
[1586921540] wproc:   stderr line 02: sendmail: invalid option -- 's'
[1586921540] wproc:   stderr line 03: sendmail: fatal: usage: sendmail [options]
[1586921540] wproc:   stderr line 04: /usr/bin/printf: write error: Broken pipe
[1586923803] Auto-save of retention data completed successfully.
[1586925140] SERVICE NOTIFICATION: nagiosadmin;Dial4trade.in;SSH Monitoring;CRITICAL;notify-service-by-email;CHECK_NRPE STATE CRITICAL: Socket timeout after 10 seconds.
[1586925140] wproc: NOTIFY job 80860 from worker Core Worker 23140 is a non-check helper but exited with return code 75
[1586925140] wproc:   host=Dial4trade.in; service=SSH Monitoring; contact=nagiosadmin
[1586925140] wproc:   early_timeout=0; exited_ok=1; wait_status=19200; error_code=0;
[1586925140] wproc:   stderr line 01: sendmail: invalid option -- 's'
[1586925140] wproc:   stderr line 02: sendmail: invalid option -- 's'
[1586925140] wproc:   stderr line 03: sendmail: fatal: usage: sendmail [options]
[1586925140] wproc:   stderr line 04: /usr/bin/printf: write error: Broken pipe
[1586927403] Auto-save of retention data completed successfully.
[1586928740] SERVICE NOTIFICATION: nagiosadmin;Dial4trade.in;SSH Monitoring;CRITICAL;notify-service-by-email;CHECK_NRPE STATE CRITICAL: Socket timeout after 10 seconds.
[1586928740] wproc: NOTIFY job 80909 from worker Core Worker 23141 is a non-check helper but exited with return code 75
[1586928740] wproc:   host=Dial4trade.in; service=SSH Monitoring; contact=nagiosadmin
[1586928740] wproc:   early_timeout=0; exited_ok=1; wait_status=19200; error_code=0;
[1586928740] wproc:   stderr line 01: sendmail: invalid option -- 's'
[1586928740] wproc:   stderr line 02: sendmail: invalid option -- 's'
[1586928740] wproc:   stderr line 03: sendmail: fatal: usage: sendmail [options]
[1586928740] wproc:   stderr line 04: /usr/bin/printf: write error: Broken pipe
[1586931003] Auto-save of retention data completed successfully.
[1586932340] SERVICE NOTIFICATION: nagiosadmin;Dial4trade.in;SSH Monitoring;CRITICAL;notify-service-by-email;CHECK_NRPE STATE CRITICAL: Socket timeout after 10 seconds.
[1586932340] wproc: NOTIFY job 80957 from worker Core Worker 23142 is a non-check helper but exited with return code 75
[1586932340] wproc:   host=Dial4trade.in; service=SSH Monitoring; contact=nagiosadmin
[1586932340] wproc:   early_timeout=0; exited_ok=1; wait_status=19200; error_code=0;
[1586932340] wproc:   stderr line 01: sendmail: invalid option -- 's'
[1586932340] wproc:   stderr line 02: sendmail: invalid option -- 's'
[1586932340] wproc:   stderr line 03: sendmail: fatal: usage: sendmail [options]
[1586932340] wproc:   stderr line 04: /usr/bin/printf: write error: Broken pipe
[1586934603] Auto-save of retention data completed successfully.
[1586935940] SERVICE NOTIFICATION: nagiosadmin;Dial4trade.in;SSH Monitoring;CRITICAL;notify-service-by-email;CHECK_NRPE STATE CRITICAL: Socket timeout after 10 seconds.
[1586935940] wproc: NOTIFY job 81005 from worker Core Worker 23139 is a non-check helper but exited with return code 75
[1586935940] wproc:   host=Dial4trade.in; service=SSH Monitoring; contact=nagiosadmin
[1586935940] wproc:   early_timeout=0; exited_ok=1; wait_status=19200; error_code=0;
[1586935940] wproc:   stderr line 01: sendmail: invalid option -- 's'
[1586935940] wproc:   stderr line 02: sendmail: invalid option -- 's'
[1586935940] wproc:   stderr line 03: sendmail: fatal: usage: sendmail [options]
[1586935940] wproc:   stderr line 04: /usr/bin/printf: write error: Broken pipe
[1586938203] Auto-save of retention data completed successfully.
[1586939540] SERVICE NOTIFICATION: nagiosadmin;Dial4trade.in;SSH Monitoring;CRITICAL;notify-service-by-email;CHECK_NRPE STATE CRITICAL: Socket timeout after 10 seconds.
[1586939540] wproc: NOTIFY job 81053 from worker Core Worker 23140 is a non-check helper but exited with return code 75
[1586939540] wproc:   host=Dial4trade.in; service=SSH Monitoring; contact=nagiosadmin
[1586939540] wproc:   early_timeout=0; exited_ok=1; wait_status=19200; error_code=0;
[1586939540] wproc:   stderr line 01: sendmail: invalid option -- 's'
[1586939540] wproc:   stderr line 02: sendmail: invalid option -- 's'
[1586939540] wproc:   stderr line 03: sendmail: fatal: usage: sendmail [options]
[1586939540] wproc:   stderr line 04: /usr/bin/printf: write error: Broken pipe
[1586941803] Auto-save of retention data completed successfully.
[1586943140] SERVICE NOTIFICATION: nagiosadmin;Dial4trade.in;SSH Monitoring;CRITICAL;notify-service-by-email;CHECK_NRPE STATE CRITICAL: Socket timeout after 10 seconds.
[1586943140] wproc: NOTIFY job 81102 from worker Core Worker 23141 is a non-check helper but exited with return code 75
[1586943140] wproc:   host=Dial4trade.in; service=SSH Monitoring; contact=nagiosadmin
[1586943140] wproc:   early_timeout=0; exited_ok=1; wait_status=19200; error_code=0;
[1586943140] wproc:   stderr line 01: sendmail: invalid option -- 's'
[1586943140] wproc:   stderr line 02: sendmail: invalid option -- 's'
[1586943140] wproc:   stderr line 03: sendmail: fatal: usage: sendmail [options]
[1586945403] Auto-save of retention data completed successfully.
[1586946740] SERVICE NOTIFICATION: nagiosadmin;Dial4trade.in;SSH Monitoring;CRITICAL;notify-service-by-email;CHECK_NRPE STATE CRITICAL: Socket timeout after 10 seconds.
[1586946740] wproc: NOTIFY job 81150 from worker Core Worker 23142 is a non-check helper but exited with return code 75
[1586946740] wproc:   host=Dial4trade.in; service=SSH Monitoring; contact=nagiosadmin
[1586946740] wproc:   early_timeout=0; exited_ok=1; wait_status=19200; error_code=0;
[1586946740] wproc:   stderr line 01: sendmail: invalid option -- 's'
[1586946740] wproc:   stderr line 02: sendmail: invalid option -- 's'
[1586946740] wproc:   stderr line 03: sendmail: fatal: usage: sendmail [options]
[1586946740] wproc:   stderr line 04: /usr/bin/printf: write error: Broken pipe
[1586949003] Auto-save of retention data completed successfully.
[1586950340] SERVICE NOTIFICATION: nagiosadmin;Dial4trade.in;SSH Monitoring;CRITICAL;notify-service-by-email;CHECK_NRPE STATE CRITICAL: Socket timeout after 10 seconds.
[1586950340] wproc: NOTIFY job 81198 from worker Core Worker 23139 is a non-check helper but exited with return code 75
[1586950340] wproc:   host=Dial4trade.in; service=SSH Monitoring; contact=nagiosadmin
[1586950340] wproc:   early_timeout=0; exited_ok=1; wait_status=19200; error_code=0;
[1586950340] wproc:   stderr line 01: sendmail: invalid option -- 's'
[1586950340] wproc:   stderr line 02: sendmail: invalid option -- 's'
[1586950340] wproc:   stderr line 03: sendmail: fatal: usage: sendmail [options]
[1586950340] wproc:   stderr line 04: /usr/bin/printf: write error: Broken pipe
[1586952603] Auto-save of retention data completed successfully.
[1586953940] SERVICE NOTIFICATION: nagiosadmin;Dial4trade.in;SSH Monitoring;CRITICAL;notify-service-by-email;CHECK_NRPE STATE CRITICAL: Socket timeout after 10 seconds.
[1586953940] wproc: NOTIFY job 81246 from worker Core Worker 23140 is a non-check helper but exited with return code 75
[1586953940] wproc:   host=Dial4trade.in; service=SSH Monitoring; contact=nagiosadmin
[1586953940] wproc:   early_timeout=0; exited_ok=1; wait_status=19200; error_code=0;
[1586953940] wproc:   stderr line 01: sendmail: invalid option -- 's'
[1586953940] wproc:   stderr line 02: sendmail: invalid option -- 's'
[1586953940] wproc:   stderr line 03: sendmail: fatal: usage: sendmail [options]
[1586953940] wproc:   stderr line 04: /usr/bin/printf: write error: Broken pipe
[1586956203] Auto-save of retention data completed successfully.
[1586957540] SERVICE NOTIFICATION: nagiosadmin;Dial4trade.in;SSH Monitoring;CRITICAL;notify-service-by-email;CHECK_NRPE STATE CRITICAL: Socket timeout after 10 seconds.
[1586957540] wproc: NOTIFY job 81295 from worker Core Worker 23141 is a non-check helper but exited with return code 75
[1586957540] wproc:   host=Dial4trade.in; service=SSH Monitoring; contact=nagiosadmin
[1586957540] wproc:   early_timeout=0; exited_ok=1; wait_status=19200; error_code=0;
[1586957540] wproc:   stderr line 01: sendmail: invalid option -- 's'
[1586957540] wproc:   stderr line 02: sendmail: invalid option -- 's'
[1586957540] wproc:   stderr line 03: sendmail: fatal: usage: sendmail [options]
[1586959803] Auto-save of retention data completed successfully.
[1586961140] SERVICE NOTIFICATION: nagiosadmin;Dial4trade.in;SSH Monitoring;CRITICAL;notify-service-by-email;CHECK_NRPE STATE CRITICAL: Socket timeout after 10 seconds.
[1586961140] wproc: NOTIFY job 81343 from worker Core Worker 23142 is a non-check helper but exited with return code 75
[1586961140] wproc:   host=Dial4trade.in; service=SSH Monitoring; contact=nagiosadmin
[1586961140] wproc:   early_timeout=0; exited_ok=1; wait_status=19200; error_code=0;
[1586961140] wproc:   stderr line 01: sendmail: invalid option -- 's'
[1586961140] wproc:   stderr line 02: sendmail: invalid option -- 's'
[1586961140] wproc:   stderr line 03: sendmail: fatal: usage: sendmail [options]
[1586961140] wproc:   stderr line 04: /usr/bin/printf: write error: Broken pipe
[1586963403] Auto-save of retention data completed successfully.
[1586964740] SERVICE NOTIFICATION: nagiosadmin;Dial4trade.in;SSH Monitoring;CRITICAL;notify-service-by-email;CHECK_NRPE STATE CRITICAL: Socket timeout after 10 seconds.
[1586964740] wproc: NOTIFY job 81391 from worker Core Worker 23139 is a non-check helper but exited with return code 75
[1586964740] wproc:   host=Dial4trade.in; service=SSH Monitoring; contact=nagiosadmin
[1586964740] wproc:   early_timeout=0; exited_ok=1; wait_status=19200; error_code=0;
[1586964740] wproc:   stderr line 01: sendmail: invalid option -- 's'
[1586964740] wproc:   stderr line 02: sendmail: invalid option -- 's'
[1586964740] wproc:   stderr line 03: sendmail: fatal: usage: sendmail [options]
[1586964740] wproc:   stderr line 04: /usr/bin/printf: write error: Broken pipe
[1586967003] Auto-save of retention data completed successfully.
[1586968340] SERVICE NOTIFICATION: nagiosadmin;Dial4trade.in;SSH Monitoring;CRITICAL;notify-service-by-email;CHECK_NRPE STATE CRITICAL: Socket timeout after 10 seconds.
[1586968340] wproc: NOTIFY job 81439 from worker Core Worker 23140 is a non-check helper but exited with return code 75
[1586968340] wproc:   host=Dial4trade.in; service=SSH Monitoring; contact=nagiosadmin
[1586968340] wproc:   early_timeout=0; exited_ok=1; wait_status=19200; error_code=0;
[1586968340] wproc:   stderr line 01: sendmail: invalid option -- 's'
[1586968340] wproc:   stderr line 02: sendmail: invalid option -- 's'
[1586968340] wproc:   stderr line 03: sendmail: fatal: usage: sendmail [options]
[1586968340] wproc:   stderr line 04: /usr/bin/printf: write error: Broken pipe
[1586970603] Auto-save of retention data completed successfully.
[1586971940] SERVICE NOTIFICATION: nagiosadmin;Dial4trade.in;SSH Monitoring;CRITICAL;notify-service-by-email;CHECK_NRPE STATE CRITICAL: Socket timeout after 10 seconds.
[1586971940] wproc: NOTIFY job 81488 from worker Core Worker 23141 is a non-check helper but exited with return code 75
[1586971940] wproc:   host=Dial4trade.in; service=SSH Monitoring; contact=nagiosadmin
[1586971940] wproc:   early_timeout=0; exited_ok=1; wait_status=19200; error_code=0;
[1586971940] wproc:   stderr line 01: sendmail: invalid option -- 's'
[1586971940] wproc:   stderr line 02: sendmail: invalid option -- 's'
[1586971940] wproc:   stderr line 03: sendmail: fatal: usage: sendmail [options]
[1586971940] wproc:   stderr line 04: /usr/bin/printf: write error: Broken pipe
[1586974203] Auto-save of retention data completed successfully.
[1586975540] SERVICE NOTIFICATION: nagiosadmin;Dial4trade.in;SSH Monitoring;CRITICAL;notify-service-by-email;CHECK_NRPE STATE CRITICAL: Socket timeout after 10 seconds.
[1586975540] wproc: NOTIFY job 81536 from worker Core Worker 23142 is a non-check helper but exited with return code 75
[1586975540] wproc:   host=Dial4trade.in; service=SSH Monitoring; contact=nagiosadmin
[1586975540] wproc:   early_timeout=0; exited_ok=1; wait_status=19200; error_code=0;
[1586975540] wproc:   stderr line 01: sendmail: invalid option -- 's'
[1586975540] wproc:   stderr line 02: sendmail: invalid option -- 's'
[1586975540] wproc:   stderr line 03: sendmail: fatal: usage: sendmail [options]
[1586975540] wproc:   stderr line 04: /usr/bin/printf: write error: Broken pipe
[1586977803] Auto-save of retention data completed successfully.
[1586979140] SERVICE NOTIFICATION: nagiosadmin;Dial4trade.in;SSH Monitoring;CRITICAL;notify-service-by-email;CHECK_NRPE STATE CRITICAL: Socket timeout after 10 seconds.
[1586979140] wproc: NOTIFY job 81584 from worker Core Worker 23139 is a non-check helper but exited with return code 75
[1586979140] wproc:   host=Dial4trade.in; service=SSH Monitoring; contact=nagiosadmin
[1586979140] wproc:   early_timeout=0; exited_ok=1; wait_status=19200; error_code=0;
[1586979140] wproc:   stderr line 01: sendmail: invalid option -- 's'
[1586979140] wproc:   stderr line 02: sendmail: invalid option -- 's'
[1586979140] wproc:   stderr line 03: sendmail: fatal: usage: sendmail [options]
[1586979140] wproc:   stderr line 04: /usr/bin/printf: write error: Broken pipe
[1586981403] Auto-save of retention data completed successfully.
[1586982740] SERVICE NOTIFICATION: nagiosadmin;Dial4trade.in;SSH Monitoring;CRITICAL;notify-service-by-email;CHECK_NRPE STATE CRITICAL: Socket timeout after 10 seconds.
[1586982740] wproc: NOTIFY job 81632 from worker Core Worker 23140 is a non-check helper but exited with return code 75
[1586982740] wproc:   host=Dial4trade.in; service=SSH Monitoring; contact=nagiosadmin
[1586982740] wproc:   early_timeout=0; exited_ok=1; wait_status=19200; error_code=0;
[1586982740] wproc:   stderr line 01: sendmail: invalid option -- 's'
[1586982740] wproc:   stderr line 02: sendmail: invalid option -- 's'
[1586982740] wproc:   stderr line 03: sendmail: fatal: usage: sendmail [options]
[1586982740] wproc:   stderr line 04: /usr/bin/printf: write error: Broken pipe
[1586985003] Auto-save of retention data completed successfully.
[1586986340] SERVICE NOTIFICATION: nagiosadmin;Dial4trade.in;SSH Monitoring;CRITICAL;notify-service-by-email;CHECK_NRPE STATE CRITICAL: Socket timeout after 10 seconds.
[1586986340] wproc: NOTIFY job 81681 from worker Core Worker 23141 is a non-check helper but exited with return code 75
[1586986340] wproc:   host=Dial4trade.in; service=SSH Monitoring; contact=nagiosadmin
[1586986340] wproc:   early_timeout=0; exited_ok=1; wait_status=19200; error_code=0;
[1586986340] wproc:   stderr line 01: sendmail: invalid option -- 's'
[1586986340] wproc:   stderr line 02: sendmail: invalid option -- 's'
[1586986340] wproc:   stderr line 03: sendmail: fatal: usage: sendmail [options]
[1586986340] wproc:   stderr line 04: /usr/bin/printf: write error: Broken pipe
[1586988603] Auto-save of retention data completed successfully.
[1586989940] SERVICE NOTIFICATION: nagiosadmin;Dial4trade.in;SSH Monitoring;CRITICAL;notify-service-by-email;CHECK_NRPE STATE CRITICAL: Socket timeout after 10 seconds.
[1586989940] wproc: NOTIFY job 81729 from worker Core Worker 23142 is a non-check helper but exited with return code 75
[1586989940] wproc:   host=Dial4trade.in; service=SSH Monitoring; contact=nagiosadmin
[1586989940] wproc:   early_timeout=0; exited_ok=1; wait_status=19200; error_code=0;
[1586989940] wproc:   stderr line 01: sendmail: invalid option -- 's'
[1586989940] wproc:   stderr line 02: sendmail: invalid option -- 's'
[1586989940] wproc:   stderr line 03: sendmail: fatal: usage: sendmail [options]
[1586989940] wproc:   stderr line 04: /usr/bin/printf: write error: Broken pipe
[1586992203] Auto-save of retention data completed successfully.
[1586993540] SERVICE NOTIFICATION: nagiosadmin;Dial4trade.in;SSH Monitoring;CRITICAL;notify-service-by-email;CHECK_NRPE STATE CRITICAL: Socket timeout after 10 seconds.
[1586993540] wproc: NOTIFY job 81777 from worker Core Worker 23139 is a non-check helper but exited with return code 75
[1586993540] wproc:   host=Dial4trade.in; service=SSH Monitoring; contact=nagiosadmin
[1586993540] wproc:   early_timeout=0; exited_ok=1; wait_status=19200; error_code=0;
[1586993540] wproc:   stderr line 01: sendmail: invalid option -- 's'
[1586993540] wproc:   stderr line 02: sendmail: invalid option -- 's'
[1586993540] wproc:   stderr line 03: sendmail: fatal: usage: sendmail [options]
[1586993540] wproc:   stderr line 04: /usr/bin/printf: write error: Broken pipe
