[1581033600] LOG ROTATION: DAILY
[1581033600] LOG VERSION: 2.0
[1581033600] CURRENT HOST STATE: Dial4trade.in;UP;HARD;1;PING OK - Packet loss = 0%, RTA = 0.79 ms
[1581033600] CURRENT HOST STATE: localhost;UP;HARD;1;PING OK - Packet loss = 0%, RTA = 0.04 ms
[1581033600] CURRENT SERVICE STATE: Dial4trade.in;Apache Monitoring;OK;HARD;1;httpd is runing ! ! !
[1581033600] CURRENT SERVICE STATE: Dial4trade.in;CPU Load;OK;HARD;1;OK - load average: 0.00, 0.01, 0.05
[1581033600] CURRENT SERVICE STATE: Dial4trade.in;Current Users;OK;HARD;1;USERS OK - 0 users currently logged in
[1581033600] CURRENT SERVICE STATE: Dial4trade.in;FTP Monitoring;OK;HARD;1;vsftpd is running fine ! ! !
[1581033600] CURRENT SERVICE STATE: Dial4trade.in;Memory monitoring;OK;HARD;1;38.48%
[1581033600] CURRENT SERVICE STATE: Dial4trade.in;PHP-FPM;OK;HARD;1;php-fpm is running fine ! ! !
[1581033600] CURRENT SERVICE STATE: Dial4trade.in;ROOT monitoring;OK;HARD;1;OK - 42% of disk space used.
[1581033600] CURRENT SERVICE STATE: Dial4trade.in;SSH Monitoring;CRITICAL;HARD;3;CHECK_NRPE STATE CRITICAL: Socket timeout after 10 seconds.
[1581033600] CURRENT SERVICE STATE: Dial4trade.in;SWAP Monitoring;OK;HARD;1;SWAP OK - 97% free (1976 MB out of 2047 MB)
[1581033600] CURRENT SERVICE STATE: Dial4trade.in;Total Processes;OK;HARD;1;PROCS OK: 99 processes
[1581033600] CURRENT SERVICE STATE: localhost;Current Load;OK;HARD;1;OK - load average: 0.00, 0.01, 0.05
[1581033600] CURRENT SERVICE STATE: localhost;Current Users;OK;HARD;1;USERS OK - 0 users currently logged in
[1581033600] CURRENT SERVICE STATE: localhost;HTTP;OK;HARD;1;HTTP OK: HTTP/1.1 200 OK - 296 bytes in 0.000 second response time
[1581033600] CURRENT SERVICE STATE: localhost;Memory monitoring;OK;HARD;1;10.52%
[1581033600] CURRENT SERVICE STATE: localhost;PING;OK;HARD;1;PING OK - Packet loss = 0%, RTA = 0.04 ms
[1581033600] CURRENT SERVICE STATE: localhost;Root Partition;OK;HARD;1;DISK OK - free space: / 8369 MB (81.82% inode=99%):
[1581033600] CURRENT SERVICE STATE: localhost;SSH;OK;HARD;1;SSH OK - OpenSSH_7.4 (protocol 2.0)
[1581033600] CURRENT SERVICE STATE: localhost;Swap Usage;OK;HARD;1;SWAP OK - 100% free (511 MB out of 511 MB)
[1581033600] CURRENT SERVICE STATE: localhost;Total Processes;OK;HARD;1;PROCS OK: 38 processes with STATE = RSZDT
[1581034203] Auto-save of retention data completed successfully.
[1581034666] SERVICE NOTIFICATION: nagiosadmin;Dial4trade.in;SSH Monitoring;CRITICAL;notify-service-by-email;CHECK_NRPE STATE CRITICAL: Socket timeout after 10 seconds.
[1581034666] wproc: NOTIFY job 1891 from worker Core Worker 23140 is a non-check helper but exited with return code 75
[1581034666] wproc:   host=Dial4trade.in; service=SSH Monitoring; contact=nagiosadmin
[1581034666] wproc:   early_timeout=0; exited_ok=1; wait_status=19200; error_code=0;
[1581034666] wproc:   stderr line 01: sendmail: invalid option -- 's'
[1581034666] wproc:   stderr line 02: sendmail: invalid option -- 's'
[1581034666] wproc:   stderr line 03: sendmail: fatal: usage: sendmail [options]
[1581034666] wproc:   stderr line 04: /usr/bin/printf: write error: Broken pipe
[1581037803] Auto-save of retention data completed successfully.
[1581038266] SERVICE NOTIFICATION: nagiosadmin;Dial4trade.in;SSH Monitoring;CRITICAL;notify-service-by-email;CHECK_NRPE STATE CRITICAL: Socket timeout after 10 seconds.
[1581038266] wproc: NOTIFY job 1940 from worker Core Worker 23141 is a non-check helper but exited with return code 75
[1581038266] wproc:   host=Dial4trade.in; service=SSH Monitoring; contact=nagiosadmin
[1581038266] wproc:   early_timeout=0; exited_ok=1; wait_status=19200; error_code=0;
[1581038266] wproc:   stderr line 01: sendmail: invalid option -- 's'
[1581038266] wproc:   stderr line 02: sendmail: invalid option -- 's'
[1581038266] wproc:   stderr line 03: sendmail: fatal: usage: sendmail [options]
[1581038266] wproc:   stderr line 04: /usr/bin/printf: write error: Broken pipe
[1581041403] Auto-save of retention data completed successfully.
[1581041866] SERVICE NOTIFICATION: nagiosadmin;Dial4trade.in;SSH Monitoring;CRITICAL;notify-service-by-email;CHECK_NRPE STATE CRITICAL: Socket timeout after 10 seconds.
[1581041866] wproc: NOTIFY job 1988 from worker Core Worker 23142 is a non-check helper but exited with return code 75
[1581041866] wproc:   host=Dial4trade.in; service=SSH Monitoring; contact=nagiosadmin
[1581041866] wproc:   early_timeout=0; exited_ok=1; wait_status=19200; error_code=0;
[1581041866] wproc:   stderr line 01: sendmail: invalid option -- 's'
[1581041866] wproc:   stderr line 02: sendmail: invalid option -- 's'
[1581041866] wproc:   stderr line 03: sendmail: fatal: usage: sendmail [options]
[1581041866] wproc:   stderr line 04: /usr/bin/printf: write error: Broken pipe
[1581045003] Auto-save of retention data completed successfully.
[1581045466] SERVICE NOTIFICATION: nagiosadmin;Dial4trade.in;SSH Monitoring;CRITICAL;notify-service-by-email;CHECK_NRPE STATE CRITICAL: Socket timeout after 10 seconds.
[1581045466] wproc: NOTIFY job 2036 from worker Core Worker 23139 is a non-check helper but exited with return code 75
[1581045466] wproc:   host=Dial4trade.in; service=SSH Monitoring; contact=nagiosadmin
[1581045466] wproc:   early_timeout=0; exited_ok=1; wait_status=19200; error_code=0;
[1581045466] wproc:   stderr line 01: sendmail: invalid option -- 's'
[1581045466] wproc:   stderr line 02: sendmail: invalid option -- 's'
[1581045466] wproc:   stderr line 03: sendmail: fatal: usage: sendmail [options]
[1581045466] wproc:   stderr line 04: /usr/bin/printf: write error: Broken pipe
[1581048603] Auto-save of retention data completed successfully.
[1581049066] SERVICE NOTIFICATION: nagiosadmin;Dial4trade.in;SSH Monitoring;CRITICAL;notify-service-by-email;CHECK_NRPE STATE CRITICAL: Socket timeout after 10 seconds.
[1581049066] wproc: NOTIFY job 2084 from worker Core Worker 23140 is a non-check helper but exited with return code 75
[1581049066] wproc:   host=Dial4trade.in; service=SSH Monitoring; contact=nagiosadmin
[1581049066] wproc:   early_timeout=0; exited_ok=1; wait_status=19200; error_code=0;
[1581049066] wproc:   stderr line 01: sendmail: invalid option -- 's'
[1581049066] wproc:   stderr line 02: sendmail: invalid option -- 's'
[1581049066] wproc:   stderr line 03: sendmail: fatal: usage: sendmail [options]
[1581049066] wproc:   stderr line 04: /usr/bin/printf: write error: Broken pipe
[1581052203] Auto-save of retention data completed successfully.
[1581052666] SERVICE NOTIFICATION: nagiosadmin;Dial4trade.in;SSH Monitoring;CRITICAL;notify-service-by-email;CHECK_NRPE STATE CRITICAL: Socket timeout after 10 seconds.
[1581052666] wproc: NOTIFY job 2133 from worker Core Worker 23141 is a non-check helper but exited with return code 75
[1581052666] wproc:   host=Dial4trade.in; service=SSH Monitoring; contact=nagiosadmin
[1581052666] wproc:   early_timeout=0; exited_ok=1; wait_status=19200; error_code=0;
[1581052666] wproc:   stderr line 01: sendmail: invalid option -- 's'
[1581052666] wproc:   stderr line 02: sendmail: invalid option -- 's'
[1581052666] wproc:   stderr line 03: sendmail: fatal: usage: sendmail [options]
[1581052666] wproc:   stderr line 04: /usr/bin/printf: write error: Broken pipe
[1581055803] Auto-save of retention data completed successfully.
[1581056266] SERVICE NOTIFICATION: nagiosadmin;Dial4trade.in;SSH Monitoring;CRITICAL;notify-service-by-email;CHECK_NRPE STATE CRITICAL: Socket timeout after 10 seconds.
[1581056266] wproc: NOTIFY job 2181 from worker Core Worker 23142 is a non-check helper but exited with return code 75
[1581056266] wproc:   host=Dial4trade.in; service=SSH Monitoring; contact=nagiosadmin
[1581056266] wproc:   early_timeout=0; exited_ok=1; wait_status=19200; error_code=0;
[1581056266] wproc:   stderr line 01: sendmail: invalid option -- 's'
[1581056266] wproc:   stderr line 02: sendmail: invalid option -- 's'
[1581056266] wproc:   stderr line 03: sendmail: fatal: usage: sendmail [options]
[1581056266] wproc:   stderr line 04: /usr/bin/printf: write error: Broken pipe
[1581059403] Auto-save of retention data completed successfully.
[1581059866] SERVICE NOTIFICATION: nagiosadmin;Dial4trade.in;SSH Monitoring;CRITICAL;notify-service-by-email;CHECK_NRPE STATE CRITICAL: Socket timeout after 10 seconds.
[1581059866] wproc: NOTIFY job 2229 from worker Core Worker 23139 is a non-check helper but exited with return code 75
[1581059866] wproc:   host=Dial4trade.in; service=SSH Monitoring; contact=nagiosadmin
[1581059866] wproc:   early_timeout=0; exited_ok=1; wait_status=19200; error_code=0;
[1581059866] wproc:   stderr line 01: sendmail: invalid option -- 's'
[1581059866] wproc:   stderr line 02: sendmail: invalid option -- 's'
[1581059866] wproc:   stderr line 03: sendmail: fatal: usage: sendmail [options]
[1581059866] wproc:   stderr line 04: /usr/bin/printf: write error: Broken pipe
[1581063003] Auto-save of retention data completed successfully.
[1581063466] SERVICE NOTIFICATION: nagiosadmin;Dial4trade.in;SSH Monitoring;CRITICAL;notify-service-by-email;CHECK_NRPE STATE CRITICAL: Socket timeout after 10 seconds.
[1581063466] wproc: NOTIFY job 2277 from worker Core Worker 23140 is a non-check helper but exited with return code 75
[1581063466] wproc:   host=Dial4trade.in; service=SSH Monitoring; contact=nagiosadmin
[1581063466] wproc:   early_timeout=0; exited_ok=1; wait_status=19200; error_code=0;
[1581063466] wproc:   stderr line 01: sendmail: invalid option -- 's'
[1581063466] wproc:   stderr line 02: sendmail: invalid option -- 's'
[1581063466] wproc:   stderr line 03: sendmail: fatal: usage: sendmail [options]
[1581063466] wproc:   stderr line 04: /usr/bin/printf: write error: Broken pipe
[1581066603] Auto-save of retention data completed successfully.
[1581067066] SERVICE NOTIFICATION: nagiosadmin;Dial4trade.in;SSH Monitoring;CRITICAL;notify-service-by-email;CHECK_NRPE STATE CRITICAL: Socket timeout after 10 seconds.
[1581067066] wproc: NOTIFY job 2326 from worker Core Worker 23141 is a non-check helper but exited with return code 75
[1581067066] wproc:   host=Dial4trade.in; service=SSH Monitoring; contact=nagiosadmin
[1581067066] wproc:   early_timeout=0; exited_ok=1; wait_status=19200; error_code=0;
[1581067066] wproc:   stderr line 01: sendmail: invalid option -- 's'
[1581067066] wproc:   stderr line 02: sendmail: invalid option -- 's'
[1581067066] wproc:   stderr line 03: sendmail: fatal: usage: sendmail [options]
[1581067066] wproc:   stderr line 04: /usr/bin/printf: write error: Broken pipe
[1581070203] Auto-save of retention data completed successfully.
[1581070666] SERVICE NOTIFICATION: nagiosadmin;Dial4trade.in;SSH Monitoring;CRITICAL;notify-service-by-email;CHECK_NRPE STATE CRITICAL: Socket timeout after 10 seconds.
[1581070666] wproc: NOTIFY job 2374 from worker Core Worker 23142 is a non-check helper but exited with return code 75
[1581070666] wproc:   host=Dial4trade.in; service=SSH Monitoring; contact=nagiosadmin
[1581070666] wproc:   early_timeout=0; exited_ok=1; wait_status=19200; error_code=0;
[1581070666] wproc:   stderr line 01: sendmail: invalid option -- 's'
[1581070666] wproc:   stderr line 02: sendmail: invalid option -- 's'
[1581070666] wproc:   stderr line 03: sendmail: fatal: usage: sendmail [options]
[1581070666] wproc:   stderr line 04: /usr/bin/printf: write error: Broken pipe
[1581073803] Auto-save of retention data completed successfully.
[1581074266] SERVICE NOTIFICATION: nagiosadmin;Dial4trade.in;SSH Monitoring;CRITICAL;notify-service-by-email;CHECK_NRPE STATE CRITICAL: Socket timeout after 10 seconds.
[1581074266] wproc: NOTIFY job 2422 from worker Core Worker 23139 is a non-check helper but exited with return code 75
[1581074266] wproc:   host=Dial4trade.in; service=SSH Monitoring; contact=nagiosadmin
[1581074266] wproc:   early_timeout=0; exited_ok=1; wait_status=19200; error_code=0;
[1581074266] wproc:   stderr line 01: sendmail: invalid option -- 's'
[1581074266] wproc:   stderr line 02: sendmail: invalid option -- 's'
[1581074266] wproc:   stderr line 03: sendmail: fatal: usage: sendmail [options]
[1581074266] wproc:   stderr line 04: /usr/bin/printf: write error: Broken pipe
[1581077403] Auto-save of retention data completed successfully.
[1581077867] SERVICE NOTIFICATION: nagiosadmin;Dial4trade.in;SSH Monitoring;CRITICAL;notify-service-by-email;CHECK_NRPE STATE CRITICAL: Socket timeout after 10 seconds.
[1581077867] wproc: NOTIFY job 2470 from worker Core Worker 23140 is a non-check helper but exited with return code 75
[1581077867] wproc:   host=Dial4trade.in; service=SSH Monitoring; contact=nagiosadmin
[1581077867] wproc:   early_timeout=0; exited_ok=1; wait_status=19200; error_code=0;
[1581077867] wproc:   stderr line 01: sendmail: invalid option -- 's'
[1581077867] wproc:   stderr line 02: sendmail: invalid option -- 's'
[1581077867] wproc:   stderr line 03: sendmail: fatal: usage: sendmail [options]
[1581077867] wproc:   stderr line 04: /usr/bin/printf: write error: Broken pipe
[1581081003] Auto-save of retention data completed successfully.
[1581082066] SERVICE NOTIFICATION: nagiosadmin;Dial4trade.in;SSH Monitoring;CRITICAL;notify-service-by-email;CHECK_NRPE STATE CRITICAL: Socket timeout after 10 seconds.
[1581082066] wproc: NOTIFY job 2527 from worker Core Worker 23141 is a non-check helper but exited with return code 75
[1581082066] wproc:   host=Dial4trade.in; service=SSH Monitoring; contact=nagiosadmin
[1581082066] wproc:   early_timeout=0; exited_ok=1; wait_status=19200; error_code=0;
[1581082066] wproc:   stderr line 01: sendmail: invalid option -- 's'
[1581082066] wproc:   stderr line 02: sendmail: invalid option -- 's'
[1581082066] wproc:   stderr line 03: sendmail: fatal: usage: sendmail [options]
[1581082066] wproc:   stderr line 04: /usr/bin/printf: write error: Broken pipe
[1581084603] Auto-save of retention data completed successfully.
[1581085666] SERVICE NOTIFICATION: nagiosadmin;Dial4trade.in;SSH Monitoring;CRITICAL;notify-service-by-email;CHECK_NRPE STATE CRITICAL: Socket timeout after 10 seconds.
[1581085666] wproc: NOTIFY job 2575 from worker Core Worker 23142 is a non-check helper but exited with return code 75
[1581085666] wproc:   host=Dial4trade.in; service=SSH Monitoring; contact=nagiosadmin
[1581085666] wproc:   early_timeout=0; exited_ok=1; wait_status=19200; error_code=0;
[1581085666] wproc:   stderr line 01: sendmail: invalid option -- 's'
[1581085666] wproc:   stderr line 02: sendmail: invalid option -- 's'
[1581085666] wproc:   stderr line 03: sendmail: fatal: usage: sendmail [options]
[1581085666] wproc:   stderr line 04: /usr/bin/printf: write error: Broken pipe
[1581088203] Auto-save of retention data completed successfully.
[1581089266] SERVICE NOTIFICATION: nagiosadmin;Dial4trade.in;SSH Monitoring;CRITICAL;notify-service-by-email;CHECK_NRPE STATE CRITICAL: Socket timeout after 10 seconds.
[1581089266] wproc: NOTIFY job 2623 from worker Core Worker 23139 is a non-check helper but exited with return code 75
[1581089266] wproc:   host=Dial4trade.in; service=SSH Monitoring; contact=nagiosadmin
[1581089266] wproc:   early_timeout=0; exited_ok=1; wait_status=19200; error_code=0;
[1581089266] wproc:   stderr line 01: sendmail: invalid option -- 's'
[1581089266] wproc:   stderr line 02: sendmail: invalid option -- 's'
[1581089266] wproc:   stderr line 03: sendmail: fatal: usage: sendmail [options]
[1581089266] wproc:   stderr line 04: /usr/bin/printf: write error: Broken pipe
[1581091803] Auto-save of retention data completed successfully.
[1581092866] SERVICE NOTIFICATION: nagiosadmin;Dial4trade.in;SSH Monitoring;CRITICAL;notify-service-by-email;CHECK_NRPE STATE CRITICAL: Socket timeout after 10 seconds.
[1581092866] wproc: NOTIFY job 2671 from worker Core Worker 23140 is a non-check helper but exited with return code 75
[1581092866] wproc:   host=Dial4trade.in; service=SSH Monitoring; contact=nagiosadmin
[1581092866] wproc:   early_timeout=0; exited_ok=1; wait_status=19200; error_code=0;
[1581092866] wproc:   stderr line 01: sendmail: invalid option -- 's'
[1581092866] wproc:   stderr line 02: sendmail: invalid option -- 's'
[1581092866] wproc:   stderr line 03: sendmail: fatal: usage: sendmail [options]
[1581092866] wproc:   stderr line 04: /usr/bin/printf: write error: Broken pipe
[1581095403] Auto-save of retention data completed successfully.
[1581096466] SERVICE NOTIFICATION: nagiosadmin;Dial4trade.in;SSH Monitoring;CRITICAL;notify-service-by-email;CHECK_NRPE STATE CRITICAL: Socket timeout after 10 seconds.
[1581096466] wproc: NOTIFY job 2720 from worker Core Worker 23141 is a non-check helper but exited with return code 75
[1581096466] wproc:   host=Dial4trade.in; service=SSH Monitoring; contact=nagiosadmin
[1581096466] wproc:   early_timeout=0; exited_ok=1; wait_status=19200; error_code=0;
[1581096466] wproc:   stderr line 01: sendmail: invalid option -- 's'
[1581096466] wproc:   stderr line 02: sendmail: invalid option -- 's'
[1581096466] wproc:   stderr line 03: sendmail: fatal: usage: sendmail [options]
[1581096466] wproc:   stderr line 04: /usr/bin/printf: write error: Broken pipe
[1581099003] Auto-save of retention data completed successfully.
[1581100066] SERVICE NOTIFICATION: nagiosadmin;Dial4trade.in;SSH Monitoring;CRITICAL;notify-service-by-email;CHECK_NRPE STATE CRITICAL: Socket timeout after 10 seconds.
[1581100066] wproc: NOTIFY job 2768 from worker Core Worker 23142 is a non-check helper but exited with return code 75
[1581100066] wproc:   host=Dial4trade.in; service=SSH Monitoring; contact=nagiosadmin
[1581100066] wproc:   early_timeout=0; exited_ok=1; wait_status=19200; error_code=0;
[1581100066] wproc:   stderr line 01: sendmail: invalid option -- 's'
[1581100066] wproc:   stderr line 02: sendmail: invalid option -- 's'
[1581100066] wproc:   stderr line 03: sendmail: fatal: usage: sendmail [options]
[1581100066] wproc:   stderr line 04: /usr/bin/printf: write error: Broken pipe
[1581102603] Auto-save of retention data completed successfully.
[1581103667] SERVICE NOTIFICATION: nagiosadmin;Dial4trade.in;SSH Monitoring;CRITICAL;notify-service-by-email;CHECK_NRPE STATE CRITICAL: Socket timeout after 10 seconds.
[1581103667] wproc: NOTIFY job 2816 from worker Core Worker 23139 is a non-check helper but exited with return code 75
[1581103667] wproc:   host=Dial4trade.in; service=SSH Monitoring; contact=nagiosadmin
[1581103667] wproc:   early_timeout=0; exited_ok=1; wait_status=19200; error_code=0;
[1581103667] wproc:   stderr line 01: sendmail: invalid option -- 's'
[1581103667] wproc:   stderr line 02: sendmail: invalid option -- 's'
[1581103667] wproc:   stderr line 03: sendmail: fatal: usage: sendmail [options]
[1581103667] wproc:   stderr line 04: /usr/bin/printf: write error: Broken pipe
[1581106203] Auto-save of retention data completed successfully.
[1581107267] SERVICE NOTIFICATION: nagiosadmin;Dial4trade.in;SSH Monitoring;CRITICAL;notify-service-by-email;CHECK_NRPE STATE CRITICAL: Socket timeout after 10 seconds.
[1581107267] wproc: NOTIFY job 2864 from worker Core Worker 23140 is a non-check helper but exited with return code 75
[1581107267] wproc:   host=Dial4trade.in; service=SSH Monitoring; contact=nagiosadmin
[1581107267] wproc:   early_timeout=0; exited_ok=1; wait_status=19200; error_code=0;
[1581107267] wproc:   stderr line 01: sendmail: invalid option -- 's'
[1581107267] wproc:   stderr line 02: sendmail: invalid option -- 's'
[1581107267] wproc:   stderr line 03: sendmail: fatal: usage: sendmail [options]
[1581107267] wproc:   stderr line 04: /usr/bin/printf: write error: Broken pipe
[1581109803] Auto-save of retention data completed successfully.
[1581110867] SERVICE NOTIFICATION: nagiosadmin;Dial4trade.in;SSH Monitoring;CRITICAL;notify-service-by-email;CHECK_NRPE STATE CRITICAL: Socket timeout after 10 seconds.
[1581110867] wproc: NOTIFY job 2913 from worker Core Worker 23141 is a non-check helper but exited with return code 75
[1581110867] wproc:   host=Dial4trade.in; service=SSH Monitoring; contact=nagiosadmin
[1581110867] wproc:   early_timeout=0; exited_ok=1; wait_status=19200; error_code=0;
[1581110867] wproc:   stderr line 01: sendmail: invalid option -- 's'
[1581110867] wproc:   stderr line 02: sendmail: invalid option -- 's'
[1581110867] wproc:   stderr line 03: sendmail: fatal: usage: sendmail [options]
[1581110867] wproc:   stderr line 04: /usr/bin/printf: write error: Broken pipe
[1581113403] Auto-save of retention data completed successfully.
[1581114467] SERVICE NOTIFICATION: nagiosadmin;Dial4trade.in;SSH Monitoring;CRITICAL;notify-service-by-email;CHECK_NRPE STATE CRITICAL: Socket timeout after 10 seconds.
[1581114467] wproc: NOTIFY job 2961 from worker Core Worker 23142 is a non-check helper but exited with return code 75
[1581114467] wproc:   host=Dial4trade.in; service=SSH Monitoring; contact=nagiosadmin
[1581114467] wproc:   early_timeout=0; exited_ok=1; wait_status=19200; error_code=0;
[1581114467] wproc:   stderr line 01: sendmail: invalid option -- 's'
[1581114467] wproc:   stderr line 02: sendmail: invalid option -- 's'
[1581114467] wproc:   stderr line 03: sendmail: fatal: usage: sendmail [options]
[1581114467] wproc:   stderr line 04: /usr/bin/printf: write error: Broken pipe
[1581117003] Auto-save of retention data completed successfully.
[1581118067] SERVICE NOTIFICATION: nagiosadmin;Dial4trade.in;SSH Monitoring;CRITICAL;notify-service-by-email;CHECK_NRPE STATE CRITICAL: Socket timeout after 10 seconds.
[1581118067] wproc: NOTIFY job 3009 from worker Core Worker 23139 is a non-check helper but exited with return code 75
[1581118067] wproc:   host=Dial4trade.in; service=SSH Monitoring; contact=nagiosadmin
[1581118067] wproc:   early_timeout=0; exited_ok=1; wait_status=19200; error_code=0;
[1581118067] wproc:   stderr line 01: sendmail: invalid option -- 's'
[1581118067] wproc:   stderr line 02: sendmail: invalid option -- 's'
[1581118067] wproc:   stderr line 03: sendmail: fatal: usage: sendmail [options]
[1581118067] wproc:   stderr line 04: /usr/bin/printf: write error: Broken pipe
