[1590969600] LOG ROTATION: DAILY
[1590969600] LOG VERSION: 2.0
[1590969600] CURRENT HOST STATE: Dial4trade.in;UP;HARD;1;PING OK - Packet loss = 0%, RTA = 0.81 ms
[1590969600] CURRENT HOST STATE: localhost;UP;HARD;1;PING OK - Packet loss = 0%, RTA = 0.04 ms
[1590969600] CURRENT SERVICE STATE: Dial4trade.in;Apache Monitoring;OK;HARD;1;httpd is runing ! ! !
[1590969600] CURRENT SERVICE STATE: Dial4trade.in;CPU Load;OK;HARD;1;OK - load average: 0.00, 0.01, 0.05
[1590969600] CURRENT SERVICE STATE: Dial4trade.in;Current Users;OK;HARD;1;USERS OK - 0 users currently logged in
[1590969600] CURRENT SERVICE STATE: Dial4trade.in;FTP Monitoring;OK;HARD;1;vsftpd is running fine ! ! !
[1590969600] CURRENT SERVICE STATE: Dial4trade.in;Memory monitoring;OK;HARD;1;36.46%
[1590969600] CURRENT SERVICE STATE: Dial4trade.in;PHP-FPM;OK;HARD;1;php-fpm is running fine ! ! !
[1590969600] CURRENT SERVICE STATE: Dial4trade.in;ROOT monitoring;OK;HARD;1;OK - 32% of disk space used.
[1590969600] CURRENT SERVICE STATE: Dial4trade.in;SSH Monitoring;CRITICAL;HARD;3;CHECK_NRPE STATE CRITICAL: Socket timeout after 10 seconds.
[1590969600] CURRENT SERVICE STATE: Dial4trade.in;SWAP Monitoring;OK;HARD;1;SWAP OK - 98% free (1996 MB out of 2047 MB)
[1590969600] CURRENT SERVICE STATE: Dial4trade.in;Total Processes;OK;HARD;1;PROCS OK: 121 processes
[1590969600] CURRENT SERVICE STATE: localhost;Current Load;OK;HARD;1;OK - load average: 0.00, 0.01, 0.05
[1590969600] CURRENT SERVICE STATE: localhost;Current Users;OK;HARD;1;USERS OK - 0 users currently logged in
[1590969600] CURRENT SERVICE STATE: localhost;HTTP;OK;HARD;1;HTTP OK: HTTP/1.1 200 OK - 296 bytes in 0.000 second response time
[1590969600] CURRENT SERVICE STATE: localhost;Memory monitoring;OK;HARD;1;10.01%
[1590969600] CURRENT SERVICE STATE: localhost;PING;OK;HARD;1;PING OK - Packet loss = 0%, RTA = 0.04 ms
[1590969600] CURRENT SERVICE STATE: localhost;Root Partition;OK;HARD;1;DISK OK - free space: / 8348 MB (81.62% inode=99%):
[1590969600] CURRENT SERVICE STATE: localhost;SSH;OK;HARD;1;SSH OK - OpenSSH_7.4 (protocol 2.0)
[1590969600] CURRENT SERVICE STATE: localhost;Swap Usage;OK;HARD;1;SWAP OK - 100% free (511 MB out of 511 MB)
[1590969600] CURRENT SERVICE STATE: localhost;Total Processes;OK;HARD;1;PROCS OK: 33 processes with STATE = RSZDT
[1590970203] Auto-save of retention data completed successfully.
[1590970942] SERVICE NOTIFICATION: nagiosadmin;Dial4trade.in;SSH Monitoring;CRITICAL;notify-service-by-email;CHECK_NRPE STATE CRITICAL: Socket timeout after 10 seconds.
[1590970942] wproc: NOTIFY job 135094 from worker Core Worker 23140 is a non-check helper but exited with return code 75
[1590970942] wproc:   host=Dial4trade.in; service=SSH Monitoring; contact=nagiosadmin
[1590970942] wproc:   early_timeout=0; exited_ok=1; wait_status=19200; error_code=0;
[1590970942] wproc:   stderr line 01: sendmail: invalid option -- 's'
[1590970942] wproc:   stderr line 02: sendmail: invalid option -- 's'
[1590970942] wproc:   stderr line 03: sendmail: fatal: usage: sendmail [options]
[1590970942] wproc:   stderr line 04: /usr/bin/printf: write error: Broken pipe
[1590973803] Auto-save of retention data completed successfully.
[1590974542] SERVICE NOTIFICATION: nagiosadmin;Dial4trade.in;SSH Monitoring;CRITICAL;notify-service-by-email;CHECK_NRPE STATE CRITICAL: Socket timeout after 10 seconds.
[1590974542] wproc: NOTIFY job 135143 from worker Core Worker 23141 is a non-check helper but exited with return code 75
[1590974542] wproc:   host=Dial4trade.in; service=SSH Monitoring; contact=nagiosadmin
[1590974542] wproc:   early_timeout=0; exited_ok=1; wait_status=19200; error_code=0;
[1590974542] wproc:   stderr line 01: sendmail: invalid option -- 's'
[1590974542] wproc:   stderr line 02: sendmail: invalid option -- 's'
[1590974542] wproc:   stderr line 03: sendmail: fatal: usage: sendmail [options]
[1590974542] wproc:   stderr line 04: /usr/bin/printf: write error: Broken pipe
[1590977403] Auto-save of retention data completed successfully.
[1590978142] SERVICE NOTIFICATION: nagiosadmin;Dial4trade.in;SSH Monitoring;CRITICAL;notify-service-by-email;CHECK_NRPE STATE CRITICAL: Socket timeout after 10 seconds.
[1590978142] wproc: NOTIFY job 135191 from worker Core Worker 23142 is a non-check helper but exited with return code 75
[1590978142] wproc:   host=Dial4trade.in; service=SSH Monitoring; contact=nagiosadmin
[1590978142] wproc:   early_timeout=0; exited_ok=1; wait_status=19200; error_code=0;
[1590978142] wproc:   stderr line 01: sendmail: invalid option -- 's'
[1590978142] wproc:   stderr line 02: sendmail: invalid option -- 's'
[1590978142] wproc:   stderr line 03: sendmail: fatal: usage: sendmail [options]
[1590978142] wproc:   stderr line 04: /usr/bin/printf: write error: Broken pipe
[1590981003] Auto-save of retention data completed successfully.
[1590981742] SERVICE NOTIFICATION: nagiosadmin;Dial4trade.in;SSH Monitoring;CRITICAL;notify-service-by-email;CHECK_NRPE STATE CRITICAL: Socket timeout after 10 seconds.
[1590981742] wproc: NOTIFY job 135239 from worker Core Worker 23139 is a non-check helper but exited with return code 75
[1590981742] wproc:   host=Dial4trade.in; service=SSH Monitoring; contact=nagiosadmin
[1590981742] wproc:   early_timeout=0; exited_ok=1; wait_status=19200; error_code=0;
[1590981742] wproc:   stderr line 01: sendmail: invalid option -- 's'
[1590981742] wproc:   stderr line 02: sendmail: invalid option -- 's'
[1590981742] wproc:   stderr line 03: sendmail: fatal: usage: sendmail [options]
[1590981742] wproc:   stderr line 04: /usr/bin/printf: write error: Broken pipe
[1590984603] Auto-save of retention data completed successfully.
[1590985342] SERVICE NOTIFICATION: nagiosadmin;Dial4trade.in;SSH Monitoring;CRITICAL;notify-service-by-email;CHECK_NRPE STATE CRITICAL: Socket timeout after 10 seconds.
[1590985342] wproc: NOTIFY job 135287 from worker Core Worker 23140 is a non-check helper but exited with return code 75
[1590985342] wproc:   host=Dial4trade.in; service=SSH Monitoring; contact=nagiosadmin
[1590985342] wproc:   early_timeout=0; exited_ok=1; wait_status=19200; error_code=0;
[1590985342] wproc:   stderr line 01: sendmail: invalid option -- 's'
[1590985342] wproc:   stderr line 02: sendmail: invalid option -- 's'
[1590985342] wproc:   stderr line 03: sendmail: fatal: usage: sendmail [options]
[1590985342] wproc:   stderr line 04: /usr/bin/printf: write error: Broken pipe
[1590988203] Auto-save of retention data completed successfully.
[1590988942] SERVICE NOTIFICATION: nagiosadmin;Dial4trade.in;SSH Monitoring;CRITICAL;notify-service-by-email;CHECK_NRPE STATE CRITICAL: Socket timeout after 10 seconds.
[1590988942] wproc: NOTIFY job 135336 from worker Core Worker 23141 is a non-check helper but exited with return code 75
[1590988942] wproc:   host=Dial4trade.in; service=SSH Monitoring; contact=nagiosadmin
[1590988942] wproc:   early_timeout=0; exited_ok=1; wait_status=19200; error_code=0;
[1590988942] wproc:   stderr line 01: sendmail: invalid option -- 's'
[1590988942] wproc:   stderr line 02: sendmail: invalid option -- 's'
[1590988942] wproc:   stderr line 03: sendmail: fatal: usage: sendmail [options]
[1590988942] wproc:   stderr line 04: /usr/bin/printf: write error: Broken pipe
[1590991803] Auto-save of retention data completed successfully.
[1590992543] SERVICE NOTIFICATION: nagiosadmin;Dial4trade.in;SSH Monitoring;CRITICAL;notify-service-by-email;CHECK_NRPE STATE CRITICAL: Socket timeout after 10 seconds.
[1590992543] wproc: NOTIFY job 135384 from worker Core Worker 23142 is a non-check helper but exited with return code 75
[1590992543] wproc:   host=Dial4trade.in; service=SSH Monitoring; contact=nagiosadmin
[1590992543] wproc:   early_timeout=0; exited_ok=1; wait_status=19200; error_code=0;
[1590992543] wproc:   stderr line 01: sendmail: invalid option -- 's'
[1590992543] wproc:   stderr line 02: sendmail: invalid option -- 's'
[1590992543] wproc:   stderr line 03: sendmail: fatal: usage: sendmail [options]
[1590992543] wproc:   stderr line 04: /usr/bin/printf: write error: Broken pipe
[1590995403] Auto-save of retention data completed successfully.
[1590996742] SERVICE NOTIFICATION: nagiosadmin;Dial4trade.in;SSH Monitoring;CRITICAL;notify-service-by-email;CHECK_NRPE STATE CRITICAL: Socket timeout after 10 seconds.
[1590996742] wproc: NOTIFY job 135440 from worker Core Worker 23139 is a non-check helper but exited with return code 75
[1590996742] wproc:   host=Dial4trade.in; service=SSH Monitoring; contact=nagiosadmin
[1590996742] wproc:   early_timeout=0; exited_ok=1; wait_status=19200; error_code=0;
[1590996742] wproc:   stderr line 01: sendmail: invalid option -- 's'
[1590996742] wproc:   stderr line 02: sendmail: invalid option -- 's'
[1590996742] wproc:   stderr line 03: sendmail: fatal: usage: sendmail [options]
[1590996742] wproc:   stderr line 04: /usr/bin/printf: write error: Broken pipe
[1590999003] Auto-save of retention data completed successfully.
[1591000342] SERVICE NOTIFICATION: nagiosadmin;Dial4trade.in;SSH Monitoring;CRITICAL;notify-service-by-email;CHECK_NRPE STATE CRITICAL: Socket timeout after 10 seconds.
[1591000342] wproc: NOTIFY job 135488 from worker Core Worker 23140 is a non-check helper but exited with return code 75
[1591000342] wproc:   host=Dial4trade.in; service=SSH Monitoring; contact=nagiosadmin
[1591000342] wproc:   early_timeout=0; exited_ok=1; wait_status=19200; error_code=0;
[1591000342] wproc:   stderr line 01: sendmail: invalid option -- 's'
[1591000342] wproc:   stderr line 02: sendmail: invalid option -- 's'
[1591000342] wproc:   stderr line 03: sendmail: fatal: usage: sendmail [options]
[1591000342] wproc:   stderr line 04: /usr/bin/printf: write error: Broken pipe
[1591002603] Auto-save of retention data completed successfully.
[1591003942] SERVICE NOTIFICATION: nagiosadmin;Dial4trade.in;SSH Monitoring;CRITICAL;notify-service-by-email;CHECK_NRPE STATE CRITICAL: Socket timeout after 10 seconds.
[1591003942] wproc: NOTIFY job 135537 from worker Core Worker 23141 is a non-check helper but exited with return code 75
[1591003942] wproc:   host=Dial4trade.in; service=SSH Monitoring; contact=nagiosadmin
[1591003942] wproc:   early_timeout=0; exited_ok=1; wait_status=19200; error_code=0;
[1591003942] wproc:   stderr line 01: sendmail: invalid option -- 's'
[1591003942] wproc:   stderr line 02: sendmail: invalid option -- 's'
[1591003942] wproc:   stderr line 03: sendmail: fatal: usage: sendmail [options]
[1591003942] wproc:   stderr line 04: /usr/bin/printf: write error: Broken pipe
[1591006203] Auto-save of retention data completed successfully.
[1591007542] SERVICE NOTIFICATION: nagiosadmin;Dial4trade.in;SSH Monitoring;CRITICAL;notify-service-by-email;CHECK_NRPE STATE CRITICAL: Socket timeout after 10 seconds.
[1591007542] wproc: NOTIFY job 135585 from worker Core Worker 23142 is a non-check helper but exited with return code 75
[1591007542] wproc:   host=Dial4trade.in; service=SSH Monitoring; contact=nagiosadmin
[1591007542] wproc:   early_timeout=0; exited_ok=1; wait_status=19200; error_code=0;
[1591007542] wproc:   stderr line 01: sendmail: invalid option -- 's'
[1591007542] wproc:   stderr line 02: sendmail: invalid option -- 's'
[1591007542] wproc:   stderr line 03: sendmail: fatal: usage: sendmail [options]
[1591007542] wproc:   stderr line 04: /usr/bin/printf: write error: Broken pipe
[1591009803] Auto-save of retention data completed successfully.
[1591011142] SERVICE NOTIFICATION: nagiosadmin;Dial4trade.in;SSH Monitoring;CRITICAL;notify-service-by-email;CHECK_NRPE STATE CRITICAL: Socket timeout after 10 seconds.
[1591011142] wproc: NOTIFY job 135633 from worker Core Worker 23139 is a non-check helper but exited with return code 75
[1591011142] wproc:   host=Dial4trade.in; service=SSH Monitoring; contact=nagiosadmin
[1591011142] wproc:   early_timeout=0; exited_ok=1; wait_status=19200; error_code=0;
[1591011142] wproc:   stderr line 01: sendmail: invalid option -- 's'
[1591011142] wproc:   stderr line 02: sendmail: invalid option -- 's'
[1591011142] wproc:   stderr line 03: sendmail: fatal: usage: sendmail [options]
[1591011142] wproc:   stderr line 04: /usr/bin/printf: write error: Broken pipe
[1591013403] Auto-save of retention data completed successfully.
[1591014742] SERVICE NOTIFICATION: nagiosadmin;Dial4trade.in;SSH Monitoring;CRITICAL;notify-service-by-email;CHECK_NRPE STATE CRITICAL: Socket timeout after 10 seconds.
[1591014742] wproc: NOTIFY job 135681 from worker Core Worker 23140 is a non-check helper but exited with return code 75
[1591014742] wproc:   host=Dial4trade.in; service=SSH Monitoring; contact=nagiosadmin
[1591014742] wproc:   early_timeout=0; exited_ok=1; wait_status=19200; error_code=0;
[1591014742] wproc:   stderr line 01: sendmail: invalid option -- 's'
[1591014742] wproc:   stderr line 02: sendmail: invalid option -- 's'
[1591014742] wproc:   stderr line 03: sendmail: fatal: usage: sendmail [options]
[1591014742] wproc:   stderr line 04: /usr/bin/printf: write error: Broken pipe
[1591017003] Auto-save of retention data completed successfully.
[1591018342] SERVICE NOTIFICATION: nagiosadmin;Dial4trade.in;SSH Monitoring;CRITICAL;notify-service-by-email;CHECK_NRPE STATE CRITICAL: Socket timeout after 10 seconds.
[1591018342] wproc: NOTIFY job 135730 from worker Core Worker 23141 is a non-check helper but exited with return code 75
[1591018342] wproc:   host=Dial4trade.in; service=SSH Monitoring; contact=nagiosadmin
[1591018342] wproc:   early_timeout=0; exited_ok=1; wait_status=19200; error_code=0;
[1591018342] wproc:   stderr line 01: sendmail: invalid option -- 's'
[1591018342] wproc:   stderr line 02: sendmail: invalid option -- 's'
[1591018342] wproc:   stderr line 03: sendmail: fatal: usage: sendmail [options]
[1591018342] wproc:   stderr line 04: /usr/bin/printf: write error: Broken pipe
[1591020603] Auto-save of retention data completed successfully.
[1591021942] SERVICE NOTIFICATION: nagiosadmin;Dial4trade.in;SSH Monitoring;CRITICAL;notify-service-by-email;CHECK_NRPE STATE CRITICAL: Socket timeout after 10 seconds.
[1591021942] wproc: NOTIFY job 135778 from worker Core Worker 23142 is a non-check helper but exited with return code 75
[1591021942] wproc:   host=Dial4trade.in; service=SSH Monitoring; contact=nagiosadmin
[1591021942] wproc:   early_timeout=0; exited_ok=1; wait_status=19200; error_code=0;
[1591021942] wproc:   stderr line 01: sendmail: invalid option -- 's'
[1591021942] wproc:   stderr line 02: sendmail: invalid option -- 's'
[1591021942] wproc:   stderr line 03: sendmail: fatal: usage: sendmail [options]
[1591021942] wproc:   stderr line 04: /usr/bin/printf: write error: Broken pipe
[1591024203] Auto-save of retention data completed successfully.
[1591025542] SERVICE NOTIFICATION: nagiosadmin;Dial4trade.in;SSH Monitoring;CRITICAL;notify-service-by-email;CHECK_NRPE STATE CRITICAL: Socket timeout after 10 seconds.
[1591025542] wproc: NOTIFY job 135826 from worker Core Worker 23139 is a non-check helper but exited with return code 75
[1591025542] wproc:   host=Dial4trade.in; service=SSH Monitoring; contact=nagiosadmin
[1591025542] wproc:   early_timeout=0; exited_ok=1; wait_status=19200; error_code=0;
[1591025542] wproc:   stderr line 01: sendmail: invalid option -- 's'
[1591025542] wproc:   stderr line 02: sendmail: invalid option -- 's'
[1591025542] wproc:   stderr line 03: sendmail: fatal: usage: sendmail [options]
[1591025542] wproc:   stderr line 04: /usr/bin/printf: write error: Broken pipe
[1591027803] Auto-save of retention data completed successfully.
[1591029142] SERVICE NOTIFICATION: nagiosadmin;Dial4trade.in;SSH Monitoring;CRITICAL;notify-service-by-email;CHECK_NRPE STATE CRITICAL: Socket timeout after 10 seconds.
[1591029142] wproc: NOTIFY job 135874 from worker Core Worker 23140 is a non-check helper but exited with return code 75
[1591029142] wproc:   host=Dial4trade.in; service=SSH Monitoring; contact=nagiosadmin
[1591029142] wproc:   early_timeout=0; exited_ok=1; wait_status=19200; error_code=0;
[1591029142] wproc:   stderr line 01: sendmail: invalid option -- 's'
[1591029142] wproc:   stderr line 02: sendmail: invalid option -- 's'
[1591029142] wproc:   stderr line 03: sendmail: fatal: usage: sendmail [options]
[1591029142] wproc:   stderr line 04: /usr/bin/printf: write error: Broken pipe
[1591031403] Auto-save of retention data completed successfully.
[1591032742] SERVICE NOTIFICATION: nagiosadmin;Dial4trade.in;SSH Monitoring;CRITICAL;notify-service-by-email;CHECK_NRPE STATE CRITICAL: Socket timeout after 10 seconds.
[1591032742] wproc: NOTIFY job 135923 from worker Core Worker 23141 is a non-check helper but exited with return code 75
[1591032742] wproc:   host=Dial4trade.in; service=SSH Monitoring; contact=nagiosadmin
[1591032742] wproc:   early_timeout=0; exited_ok=1; wait_status=19200; error_code=0;
[1591032742] wproc:   stderr line 01: sendmail: invalid option -- 's'
[1591032742] wproc:   stderr line 02: sendmail: invalid option -- 's'
[1591032742] wproc:   stderr line 03: sendmail: fatal: usage: sendmail [options]
[1591032742] wproc:   stderr line 04: /usr/bin/printf: write error: Broken pipe
[1591035003] Auto-save of retention data completed successfully.
[1591035427] SERVICE ALERT: Dial4trade.in;CPU Load;WARNING;SOFT;1;WARNING - load average: 0.11, 0.06, 0.06
[1591035547] SERVICE ALERT: Dial4trade.in;CPU Load;OK;SOFT;2;OK - load average: 0.02, 0.04, 0.05
[1591036342] SERVICE NOTIFICATION: nagiosadmin;Dial4trade.in;SSH Monitoring;CRITICAL;notify-service-by-email;CHECK_NRPE STATE CRITICAL: Socket timeout after 10 seconds.
[1591036342] wproc: NOTIFY job 135972 from worker Core Worker 23141 is a non-check helper but exited with return code 75
[1591036342] wproc:   host=Dial4trade.in; service=SSH Monitoring; contact=nagiosadmin
[1591036342] wproc:   early_timeout=0; exited_ok=1; wait_status=19200; error_code=0;
[1591036342] wproc:   stderr line 01: sendmail: invalid option -- 's'
[1591036342] wproc:   stderr line 02: sendmail: invalid option -- 's'
[1591036342] wproc:   stderr line 03: sendmail: fatal: usage: sendmail [options]
[1591036342] wproc:   stderr line 04: /usr/bin/printf: write error: Broken pipe
[1591038603] Auto-save of retention data completed successfully.
[1591039943] SERVICE NOTIFICATION: nagiosadmin;Dial4trade.in;SSH Monitoring;CRITICAL;notify-service-by-email;CHECK_NRPE STATE CRITICAL: Socket timeout after 10 seconds.
[1591039943] wproc: NOTIFY job 136020 from worker Core Worker 23142 is a non-check helper but exited with return code 75
[1591039943] wproc:   host=Dial4trade.in; service=SSH Monitoring; contact=nagiosadmin
[1591039943] wproc:   early_timeout=0; exited_ok=1; wait_status=19200; error_code=0;
[1591039943] wproc:   stderr line 01: sendmail: invalid option -- 's'
[1591039943] wproc:   stderr line 02: sendmail: invalid option -- 's'
[1591039943] wproc:   stderr line 03: sendmail: fatal: usage: sendmail [options]
[1591039943] wproc:   stderr line 04: /usr/bin/printf: write error: Broken pipe
[1591042203] Auto-save of retention data completed successfully.
[1591044142] SERVICE NOTIFICATION: nagiosadmin;Dial4trade.in;SSH Monitoring;CRITICAL;notify-service-by-email;CHECK_NRPE STATE CRITICAL: Socket timeout after 10 seconds.
[1591044142] wproc: NOTIFY job 136076 from worker Core Worker 23139 is a non-check helper but exited with return code 75
[1591044142] wproc:   host=Dial4trade.in; service=SSH Monitoring; contact=nagiosadmin
[1591044142] wproc:   early_timeout=0; exited_ok=1; wait_status=19200; error_code=0;
[1591044142] wproc:   stderr line 01: sendmail: invalid option -- 's'
[1591044142] wproc:   stderr line 02: sendmail: invalid option -- 's'
[1591044142] wproc:   stderr line 03: sendmail: fatal: usage: sendmail [options]
[1591044142] wproc:   stderr line 04: /usr/bin/printf: write error: Broken pipe
[1591045803] Auto-save of retention data completed successfully.
[1591047742] SERVICE NOTIFICATION: nagiosadmin;Dial4trade.in;SSH Monitoring;CRITICAL;notify-service-by-email;CHECK_NRPE STATE CRITICAL: Socket timeout after 10 seconds.
[1591047742] wproc: NOTIFY job 136124 from worker Core Worker 23140 is a non-check helper but exited with return code 75
[1591047742] wproc:   host=Dial4trade.in; service=SSH Monitoring; contact=nagiosadmin
[1591047742] wproc:   early_timeout=0; exited_ok=1; wait_status=19200; error_code=0;
[1591047742] wproc:   stderr line 01: sendmail: invalid option -- 's'
[1591047742] wproc:   stderr line 02: sendmail: invalid option -- 's'
[1591047742] wproc:   stderr line 03: sendmail: fatal: usage: sendmail [options]
[1591047742] wproc:   stderr line 04: /usr/bin/printf: write error: Broken pipe
[1591049403] Auto-save of retention data completed successfully.
[1591051342] SERVICE NOTIFICATION: nagiosadmin;Dial4trade.in;SSH Monitoring;CRITICAL;notify-service-by-email;CHECK_NRPE STATE CRITICAL: Socket timeout after 10 seconds.
[1591051342] wproc: NOTIFY job 136173 from worker Core Worker 23141 is a non-check helper but exited with return code 75
[1591051342] wproc:   host=Dial4trade.in; service=SSH Monitoring; contact=nagiosadmin
[1591051342] wproc:   early_timeout=0; exited_ok=1; wait_status=19200; error_code=0;
[1591051342] wproc:   stderr line 01: sendmail: invalid option -- 's'
[1591051342] wproc:   stderr line 02: sendmail: invalid option -- 's'
[1591051342] wproc:   stderr line 03: sendmail: fatal: usage: sendmail [options]
[1591051342] wproc:   stderr line 04: /usr/bin/printf: write error: Broken pipe
[1591053003] Auto-save of retention data completed successfully.
[1591054942] SERVICE NOTIFICATION: nagiosadmin;Dial4trade.in;SSH Monitoring;CRITICAL;notify-service-by-email;CHECK_NRPE STATE CRITICAL: Socket timeout after 10 seconds.
[1591054942] wproc: NOTIFY job 136221 from worker Core Worker 23142 is a non-check helper but exited with return code 75
[1591054942] wproc:   host=Dial4trade.in; service=SSH Monitoring; contact=nagiosadmin
[1591054942] wproc:   early_timeout=0; exited_ok=1; wait_status=19200; error_code=0;
[1591054942] wproc:   stderr line 01: sendmail: invalid option -- 's'
[1591054942] wproc:   stderr line 02: sendmail: invalid option -- 's'
[1591054942] wproc:   stderr line 03: sendmail: fatal: usage: sendmail [options]
