[1590451200] LOG ROTATION: DAILY
[1590451200] LOG VERSION: 2.0
[1590451200] CURRENT HOST STATE: Dial4trade.in;UP;HARD;1;PING OK - Packet loss = 0%, RTA = 0.86 ms
[1590451200] CURRENT HOST STATE: localhost;UP;HARD;1;PING OK - Packet loss = 0%, RTA = 0.04 ms
[1590451200] CURRENT SERVICE STATE: Dial4trade.in;Apache Monitoring;OK;HARD;1;httpd is runing ! ! !
[1590451200] CURRENT SERVICE STATE: Dial4trade.in;CPU Load;OK;HARD;1;OK - load average: 0.00, 0.01, 0.05
[1590451200] CURRENT SERVICE STATE: Dial4trade.in;Current Users;OK;HARD;1;USERS OK - 0 users currently logged in
[1590451200] CURRENT SERVICE STATE: Dial4trade.in;FTP Monitoring;OK;HARD;1;vsftpd is running fine ! ! !
[1590451200] CURRENT SERVICE STATE: Dial4trade.in;Memory monitoring;OK;HARD;1;36.57%
[1590451200] CURRENT SERVICE STATE: Dial4trade.in;PHP-FPM;OK;HARD;1;php-fpm is running fine ! ! !
[1590451200] CURRENT SERVICE STATE: Dial4trade.in;ROOT monitoring;OK;HARD;1;OK - 32% of disk space used.
[1590451200] CURRENT SERVICE STATE: Dial4trade.in;SSH Monitoring;CRITICAL;HARD;3;CHECK_NRPE STATE CRITICAL: Socket timeout after 10 seconds.
[1590451200] CURRENT SERVICE STATE: Dial4trade.in;SWAP Monitoring;OK;HARD;1;SWAP OK - 98% free (1997 MB out of 2047 MB)
[1590451200] CURRENT SERVICE STATE: Dial4trade.in;Total Processes;OK;HARD;1;PROCS OK: 121 processes
[1590451200] CURRENT SERVICE STATE: localhost;Current Load;OK;HARD;1;OK - load average: 0.00, 0.01, 0.05
[1590451200] CURRENT SERVICE STATE: localhost;Current Users;OK;HARD;1;USERS OK - 0 users currently logged in
[1590451200] CURRENT SERVICE STATE: localhost;HTTP;OK;HARD;1;HTTP OK: HTTP/1.1 200 OK - 296 bytes in 0.001 second response time
[1590451200] CURRENT SERVICE STATE: localhost;Memory monitoring;OK;HARD;1;10.11%
[1590451200] CURRENT SERVICE STATE: localhost;PING;OK;HARD;1;PING OK - Packet loss = 0%, RTA = 0.04 ms
[1590451200] CURRENT SERVICE STATE: localhost;Root Partition;OK;HARD;1;DISK OK - free space: / 8339 MB (81.52% inode=99%):
[1590451200] CURRENT SERVICE STATE: localhost;SSH;OK;HARD;1;SSH OK - OpenSSH_7.4 (protocol 2.0)
[1590451200] CURRENT SERVICE STATE: localhost;Swap Usage;OK;HARD;1;SWAP OK - 100% free (511 MB out of 511 MB)
[1590451200] CURRENT SERVICE STATE: localhost;Total Processes;OK;HARD;1;PROCS OK: 34 processes with STATE = RSZDT
[1590451803] Auto-save of retention data completed successfully.
[1590453741] SERVICE NOTIFICATION: nagiosadmin;Dial4trade.in;SSH Monitoring;CRITICAL;notify-service-by-email;CHECK_NRPE STATE CRITICAL: Socket timeout after 10 seconds.
[1590453741] wproc: NOTIFY job 128162 from worker Core Worker 23142 is a non-check helper but exited with return code 75
[1590453741] wproc:   host=Dial4trade.in; service=SSH Monitoring; contact=nagiosadmin
[1590453741] wproc:   early_timeout=0; exited_ok=1; wait_status=19200; error_code=0;
[1590453741] wproc:   stderr line 01: sendmail: invalid option -- 's'
[1590453741] wproc:   stderr line 02: sendmail: invalid option -- 's'
[1590453741] wproc:   stderr line 03: sendmail: fatal: usage: sendmail [options]
[1590453741] wproc:   stderr line 04: /usr/bin/printf: write error: Broken pipe
[1590455403] Auto-save of retention data completed successfully.
[1590457341] SERVICE NOTIFICATION: nagiosadmin;Dial4trade.in;SSH Monitoring;CRITICAL;notify-service-by-email;CHECK_NRPE STATE CRITICAL: Socket timeout after 10 seconds.
[1590457341] wproc: NOTIFY job 128210 from worker Core Worker 23139 is a non-check helper but exited with return code 75
[1590457341] wproc:   host=Dial4trade.in; service=SSH Monitoring; contact=nagiosadmin
[1590457341] wproc:   early_timeout=0; exited_ok=1; wait_status=19200; error_code=0;
[1590457341] wproc:   stderr line 01: sendmail: invalid option -- 's'
[1590457341] wproc:   stderr line 02: sendmail: invalid option -- 's'
[1590457341] wproc:   stderr line 03: sendmail: fatal: usage: sendmail [options]
[1590457341] wproc:   stderr line 04: /usr/bin/printf: write error: Broken pipe
[1590459003] Auto-save of retention data completed successfully.
[1590460941] SERVICE NOTIFICATION: nagiosadmin;Dial4trade.in;SSH Monitoring;CRITICAL;notify-service-by-email;CHECK_NRPE STATE CRITICAL: Socket timeout after 10 seconds.
[1590460941] wproc: NOTIFY job 128258 from worker Core Worker 23140 is a non-check helper but exited with return code 75
[1590460941] wproc:   host=Dial4trade.in; service=SSH Monitoring; contact=nagiosadmin
[1590460941] wproc:   early_timeout=0; exited_ok=1; wait_status=19200; error_code=0;
[1590460941] wproc:   stderr line 01: sendmail: invalid option -- 's'
[1590460941] wproc:   stderr line 02: sendmail: invalid option -- 's'
[1590460941] wproc:   stderr line 03: sendmail: fatal: usage: sendmail [options]
[1590462603] Auto-save of retention data completed successfully.
[1590464541] SERVICE NOTIFICATION: nagiosadmin;Dial4trade.in;SSH Monitoring;CRITICAL;notify-service-by-email;CHECK_NRPE STATE CRITICAL: Socket timeout after 10 seconds.
[1590464541] wproc: NOTIFY job 128307 from worker Core Worker 23141 is a non-check helper but exited with return code 75
[1590464541] wproc:   host=Dial4trade.in; service=SSH Monitoring; contact=nagiosadmin
[1590464541] wproc:   early_timeout=0; exited_ok=1; wait_status=19200; error_code=0;
[1590464541] wproc:   stderr line 01: sendmail: invalid option -- 's'
[1590464541] wproc:   stderr line 02: sendmail: invalid option -- 's'
[1590464541] wproc:   stderr line 03: sendmail: fatal: usage: sendmail [options]
[1590464541] wproc:   stderr line 04: /usr/bin/printf: write error: Broken pipe
[1590466203] Auto-save of retention data completed successfully.
[1590468141] SERVICE NOTIFICATION: nagiosadmin;Dial4trade.in;SSH Monitoring;CRITICAL;notify-service-by-email;CHECK_NRPE STATE CRITICAL: Socket timeout after 10 seconds.
[1590468141] wproc: NOTIFY job 128355 from worker Core Worker 23142 is a non-check helper but exited with return code 75
[1590468141] wproc:   host=Dial4trade.in; service=SSH Monitoring; contact=nagiosadmin
[1590468141] wproc:   early_timeout=0; exited_ok=1; wait_status=19200; error_code=0;
[1590468141] wproc:   stderr line 01: sendmail: invalid option -- 's'
[1590468141] wproc:   stderr line 02: sendmail: invalid option -- 's'
[1590468141] wproc:   stderr line 03: sendmail: fatal: usage: sendmail [options]
[1590468141] wproc:   stderr line 04: /usr/bin/printf: write error: Broken pipe
[1590469803] Auto-save of retention data completed successfully.
[1590471741] SERVICE NOTIFICATION: nagiosadmin;Dial4trade.in;SSH Monitoring;CRITICAL;notify-service-by-email;CHECK_NRPE STATE CRITICAL: Socket timeout after 10 seconds.
[1590471741] wproc: NOTIFY job 128403 from worker Core Worker 23139 is a non-check helper but exited with return code 75
[1590471741] wproc:   host=Dial4trade.in; service=SSH Monitoring; contact=nagiosadmin
[1590471741] wproc:   early_timeout=0; exited_ok=1; wait_status=19200; error_code=0;
[1590471741] wproc:   stderr line 01: sendmail: invalid option -- 's'
[1590471741] wproc:   stderr line 02: sendmail: invalid option -- 's'
[1590471741] wproc:   stderr line 03: sendmail: fatal: usage: sendmail [options]
[1590471741] wproc:   stderr line 04: /usr/bin/printf: write error: Broken pipe
[1590473403] Auto-save of retention data completed successfully.
[1590475341] SERVICE NOTIFICATION: nagiosadmin;Dial4trade.in;SSH Monitoring;CRITICAL;notify-service-by-email;CHECK_NRPE STATE CRITICAL: Socket timeout after 10 seconds.
[1590475341] wproc: NOTIFY job 128451 from worker Core Worker 23140 is a non-check helper but exited with return code 75
[1590475341] wproc:   host=Dial4trade.in; service=SSH Monitoring; contact=nagiosadmin
[1590475341] wproc:   early_timeout=0; exited_ok=1; wait_status=19200; error_code=0;
[1590475341] wproc:   stderr line 01: sendmail: invalid option -- 's'
[1590475341] wproc:   stderr line 02: sendmail: invalid option -- 's'
[1590475341] wproc:   stderr line 03: sendmail: fatal: usage: sendmail [options]
[1590475341] wproc:   stderr line 04: /usr/bin/printf: write error: Broken pipe
[1590477003] Auto-save of retention data completed successfully.
[1590478941] SERVICE NOTIFICATION: nagiosadmin;Dial4trade.in;SSH Monitoring;CRITICAL;notify-service-by-email;CHECK_NRPE STATE CRITICAL: Socket timeout after 10 seconds.
[1590478941] wproc: NOTIFY job 128500 from worker Core Worker 23141 is a non-check helper but exited with return code 75
[1590478941] wproc:   host=Dial4trade.in; service=SSH Monitoring; contact=nagiosadmin
[1590478941] wproc:   early_timeout=0; exited_ok=1; wait_status=19200; error_code=0;
[1590478941] wproc:   stderr line 01: sendmail: invalid option -- 's'
[1590478941] wproc:   stderr line 02: sendmail: invalid option -- 's'
[1590478941] wproc:   stderr line 03: sendmail: fatal: usage: sendmail [options]
[1590478941] wproc:   stderr line 04: /usr/bin/printf: write error: Broken pipe
[1590480603] Auto-save of retention data completed successfully.
[1590482541] SERVICE NOTIFICATION: nagiosadmin;Dial4trade.in;SSH Monitoring;CRITICAL;notify-service-by-email;CHECK_NRPE STATE CRITICAL: Socket timeout after 10 seconds.
[1590482541] wproc: NOTIFY job 128548 from worker Core Worker 23142 is a non-check helper but exited with return code 75
[1590482541] wproc:   host=Dial4trade.in; service=SSH Monitoring; contact=nagiosadmin
[1590482541] wproc:   early_timeout=0; exited_ok=1; wait_status=19200; error_code=0;
[1590482541] wproc:   stderr line 01: sendmail: invalid option -- 's'
[1590482541] wproc:   stderr line 02: sendmail: invalid option -- 's'
[1590482541] wproc:   stderr line 03: sendmail: fatal: usage: sendmail [options]
[1590482541] wproc:   stderr line 04: /usr/bin/printf: write error: Broken pipe
[1590484203] Auto-save of retention data completed successfully.
[1590486141] SERVICE NOTIFICATION: nagiosadmin;Dial4trade.in;SSH Monitoring;CRITICAL;notify-service-by-email;CHECK_NRPE STATE CRITICAL: Socket timeout after 10 seconds.
[1590486141] wproc: NOTIFY job 128596 from worker Core Worker 23139 is a non-check helper but exited with return code 75
[1590486141] wproc:   host=Dial4trade.in; service=SSH Monitoring; contact=nagiosadmin
[1590486141] wproc:   early_timeout=0; exited_ok=1; wait_status=19200; error_code=0;
[1590486141] wproc:   stderr line 01: sendmail: invalid option -- 's'
[1590486141] wproc:   stderr line 02: sendmail: invalid option -- 's'
[1590486141] wproc:   stderr line 03: sendmail: fatal: usage: sendmail [options]
[1590486141] wproc:   stderr line 04: /usr/bin/printf: write error: Broken pipe
[1590487803] Auto-save of retention data completed successfully.
[1590489741] SERVICE NOTIFICATION: nagiosadmin;Dial4trade.in;SSH Monitoring;CRITICAL;notify-service-by-email;CHECK_NRPE STATE CRITICAL: Socket timeout after 10 seconds.
[1590489741] wproc: NOTIFY job 128644 from worker Core Worker 23140 is a non-check helper but exited with return code 75
[1590489741] wproc:   host=Dial4trade.in; service=SSH Monitoring; contact=nagiosadmin
[1590489741] wproc:   early_timeout=0; exited_ok=1; wait_status=19200; error_code=0;
[1590489741] wproc:   stderr line 01: sendmail: invalid option -- 's'
[1590489741] wproc:   stderr line 02: sendmail: invalid option -- 's'
[1590489741] wproc:   stderr line 03: sendmail: fatal: usage: sendmail [options]
[1590489741] wproc:   stderr line 04: /usr/bin/printf: write error: Broken pipe
[1590491403] Auto-save of retention data completed successfully.
[1590493341] SERVICE NOTIFICATION: nagiosadmin;Dial4trade.in;SSH Monitoring;CRITICAL;notify-service-by-email;CHECK_NRPE STATE CRITICAL: Socket timeout after 10 seconds.
[1590493341] wproc: NOTIFY job 128693 from worker Core Worker 23141 is a non-check helper but exited with return code 75
[1590493341] wproc:   host=Dial4trade.in; service=SSH Monitoring; contact=nagiosadmin
[1590493341] wproc:   early_timeout=0; exited_ok=1; wait_status=19200; error_code=0;
[1590493341] wproc:   stderr line 01: sendmail: invalid option -- 's'
[1590493341] wproc:   stderr line 02: sendmail: invalid option -- 's'
[1590493341] wproc:   stderr line 03: sendmail: fatal: usage: sendmail [options]
[1590493341] wproc:   stderr line 04: /usr/bin/printf: write error: Broken pipe
[1590495003] Auto-save of retention data completed successfully.
[1590496941] SERVICE NOTIFICATION: nagiosadmin;Dial4trade.in;SSH Monitoring;CRITICAL;notify-service-by-email;CHECK_NRPE STATE CRITICAL: Socket timeout after 10 seconds.
[1590496941] wproc: NOTIFY job 128741 from worker Core Worker 23142 is a non-check helper but exited with return code 75
[1590496941] wproc:   host=Dial4trade.in; service=SSH Monitoring; contact=nagiosadmin
[1590496941] wproc:   early_timeout=0; exited_ok=1; wait_status=19200; error_code=0;
[1590496941] wproc:   stderr line 01: sendmail: invalid option -- 's'
[1590496941] wproc:   stderr line 02: sendmail: invalid option -- 's'
[1590496941] wproc:   stderr line 03: sendmail: fatal: usage: sendmail [options]
[1590496941] wproc:   stderr line 04: /usr/bin/printf: write error: Broken pipe
[1590498603] Auto-save of retention data completed successfully.
[1590500541] SERVICE NOTIFICATION: nagiosadmin;Dial4trade.in;SSH Monitoring;CRITICAL;notify-service-by-email;CHECK_NRPE STATE CRITICAL: Socket timeout after 10 seconds.
[1590500541] wproc: NOTIFY job 128789 from worker Core Worker 23139 is a non-check helper but exited with return code 75
[1590500541] wproc:   host=Dial4trade.in; service=SSH Monitoring; contact=nagiosadmin
[1590500541] wproc:   early_timeout=0; exited_ok=1; wait_status=19200; error_code=0;
[1590500541] wproc:   stderr line 01: sendmail: invalid option -- 's'
[1590500541] wproc:   stderr line 02: sendmail: invalid option -- 's'
[1590500541] wproc:   stderr line 03: sendmail: fatal: usage: sendmail [options]
[1590500541] wproc:   stderr line 04: /usr/bin/printf: write error: Broken pipe
[1590502203] Auto-save of retention data completed successfully.
[1590504141] SERVICE NOTIFICATION: nagiosadmin;Dial4trade.in;SSH Monitoring;CRITICAL;notify-service-by-email;CHECK_NRPE STATE CRITICAL: Socket timeout after 10 seconds.
[1590504141] wproc: NOTIFY job 128837 from worker Core Worker 23140 is a non-check helper but exited with return code 75
[1590504141] wproc:   host=Dial4trade.in; service=SSH Monitoring; contact=nagiosadmin
[1590504141] wproc:   early_timeout=0; exited_ok=1; wait_status=19200; error_code=0;
[1590504141] wproc:   stderr line 01: sendmail: invalid option -- 's'
[1590504141] wproc:   stderr line 02: sendmail: invalid option -- 's'
[1590504141] wproc:   stderr line 03: sendmail: fatal: usage: sendmail [options]
[1590504141] wproc:   stderr line 04: /usr/bin/printf: write error: Broken pipe
[1590505803] Auto-save of retention data completed successfully.
[1590507741] SERVICE NOTIFICATION: nagiosadmin;Dial4trade.in;SSH Monitoring;CRITICAL;notify-service-by-email;CHECK_NRPE STATE CRITICAL: Socket timeout after 10 seconds.
[1590507741] wproc: NOTIFY job 128886 from worker Core Worker 23141 is a non-check helper but exited with return code 75
[1590507741] wproc:   host=Dial4trade.in; service=SSH Monitoring; contact=nagiosadmin
[1590507741] wproc:   early_timeout=0; exited_ok=1; wait_status=19200; error_code=0;
[1590507741] wproc:   stderr line 01: sendmail: invalid option -- 's'
[1590507741] wproc:   stderr line 02: sendmail: invalid option -- 's'
[1590507741] wproc:   stderr line 03: sendmail: fatal: usage: sendmail [options]
[1590507741] wproc:   stderr line 04: /usr/bin/printf: write error: Broken pipe
[1590509403] Auto-save of retention data completed successfully.
[1590511341] SERVICE NOTIFICATION: nagiosadmin;Dial4trade.in;SSH Monitoring;CRITICAL;notify-service-by-email;CHECK_NRPE STATE CRITICAL: Socket timeout after 10 seconds.
[1590511341] wproc: NOTIFY job 128934 from worker Core Worker 23142 is a non-check helper but exited with return code 75
[1590511341] wproc:   host=Dial4trade.in; service=SSH Monitoring; contact=nagiosadmin
[1590511341] wproc:   early_timeout=0; exited_ok=1; wait_status=19200; error_code=0;
[1590511341] wproc:   stderr line 01: sendmail: invalid option -- 's'
[1590511341] wproc:   stderr line 02: sendmail: invalid option -- 's'
[1590511341] wproc:   stderr line 03: sendmail: fatal: usage: sendmail [options]
[1590511341] wproc:   stderr line 04: /usr/bin/printf: write error: Broken pipe
[1590513003] Auto-save of retention data completed successfully.
[1590514941] SERVICE NOTIFICATION: nagiosadmin;Dial4trade.in;SSH Monitoring;CRITICAL;notify-service-by-email;CHECK_NRPE STATE CRITICAL: Socket timeout after 10 seconds.
[1590514941] wproc: NOTIFY job 128982 from worker Core Worker 23139 is a non-check helper but exited with return code 75
[1590514941] wproc:   host=Dial4trade.in; service=SSH Monitoring; contact=nagiosadmin
[1590514941] wproc:   early_timeout=0; exited_ok=1; wait_status=19200; error_code=0;
[1590514941] wproc:   stderr line 01: sendmail: invalid option -- 's'
[1590514941] wproc:   stderr line 02: sendmail: invalid option -- 's'
[1590514941] wproc:   stderr line 03: sendmail: fatal: usage: sendmail [options]
[1590514941] wproc:   stderr line 04: /usr/bin/printf: write error: Broken pipe
[1590516603] Auto-save of retention data completed successfully.
[1590518542] SERVICE NOTIFICATION: nagiosadmin;Dial4trade.in;SSH Monitoring;CRITICAL;notify-service-by-email;CHECK_NRPE STATE CRITICAL: Socket timeout after 10 seconds.
[1590518542] wproc: NOTIFY job 129030 from worker Core Worker 23140 is a non-check helper but exited with return code 75
[1590518542] wproc:   host=Dial4trade.in; service=SSH Monitoring; contact=nagiosadmin
[1590518542] wproc:   early_timeout=0; exited_ok=1; wait_status=19200; error_code=0;
[1590518542] wproc:   stderr line 01: sendmail: invalid option -- 's'
[1590518542] wproc:   stderr line 02: sendmail: invalid option -- 's'
[1590518542] wproc:   stderr line 03: sendmail: fatal: usage: sendmail [options]
[1590518542] wproc:   stderr line 04: /usr/bin/printf: write error: Broken pipe
[1590520203] Auto-save of retention data completed successfully.
[1590522741] SERVICE NOTIFICATION: nagiosadmin;Dial4trade.in;SSH Monitoring;CRITICAL;notify-service-by-email;CHECK_NRPE STATE CRITICAL: Socket timeout after 10 seconds.
[1590522741] wproc: NOTIFY job 129087 from worker Core Worker 23141 is a non-check helper but exited with return code 75
[1590522741] wproc:   host=Dial4trade.in; service=SSH Monitoring; contact=nagiosadmin
[1590522741] wproc:   early_timeout=0; exited_ok=1; wait_status=19200; error_code=0;
[1590522741] wproc:   stderr line 01: sendmail: invalid option -- 's'
[1590522741] wproc:   stderr line 02: sendmail: invalid option -- 's'
[1590522741] wproc:   stderr line 03: sendmail: fatal: usage: sendmail [options]
[1590522741] wproc:   stderr line 04: /usr/bin/printf: write error: Broken pipe
[1590523803] Auto-save of retention data completed successfully.
[1590526341] SERVICE NOTIFICATION: nagiosadmin;Dial4trade.in;SSH Monitoring;CRITICAL;notify-service-by-email;CHECK_NRPE STATE CRITICAL: Socket timeout after 10 seconds.
[1590526341] wproc: NOTIFY job 129135 from worker Core Worker 23142 is a non-check helper but exited with return code 75
[1590526341] wproc:   host=Dial4trade.in; service=SSH Monitoring; contact=nagiosadmin
[1590526341] wproc:   early_timeout=0; exited_ok=1; wait_status=19200; error_code=0;
[1590526341] wproc:   stderr line 01: sendmail: invalid option -- 's'
[1590526341] wproc:   stderr line 02: sendmail: invalid option -- 's'
[1590526341] wproc:   stderr line 03: sendmail: fatal: usage: sendmail [options]
[1590526341] wproc:   stderr line 04: /usr/bin/printf: write error: Broken pipe
[1590527403] Auto-save of retention data completed successfully.
[1590529941] SERVICE NOTIFICATION: nagiosadmin;Dial4trade.in;SSH Monitoring;CRITICAL;notify-service-by-email;CHECK_NRPE STATE CRITICAL: Socket timeout after 10 seconds.
[1590529941] wproc: NOTIFY job 129183 from worker Core Worker 23139 is a non-check helper but exited with return code 75
[1590529941] wproc:   host=Dial4trade.in; service=SSH Monitoring; contact=nagiosadmin
[1590529941] wproc:   early_timeout=0; exited_ok=1; wait_status=19200; error_code=0;
[1590529941] wproc:   stderr line 01: sendmail: invalid option -- 's'
[1590529941] wproc:   stderr line 02: sendmail: invalid option -- 's'
[1590529941] wproc:   stderr line 03: sendmail: fatal: usage: sendmail [options]
[1590529941] wproc:   stderr line 04: /usr/bin/printf: write error: Broken pipe
[1590531003] Auto-save of retention data completed successfully.
[1590533541] SERVICE NOTIFICATION: nagiosadmin;Dial4trade.in;SSH Monitoring;CRITICAL;notify-service-by-email;CHECK_NRPE STATE CRITICAL: Socket timeout after 10 seconds.
[1590533541] wproc: NOTIFY job 129231 from worker Core Worker 23140 is a non-check helper but exited with return code 75
[1590533541] wproc:   host=Dial4trade.in; service=SSH Monitoring; contact=nagiosadmin
[1590533541] wproc:   early_timeout=0; exited_ok=1; wait_status=19200; error_code=0;
[1590533541] wproc:   stderr line 01: sendmail: invalid option -- 's'
[1590533541] wproc:   stderr line 02: sendmail: invalid option -- 's'
[1590533541] wproc:   stderr line 03: sendmail: fatal: usage: sendmail [options]
[1590533541] wproc:   stderr line 04: /usr/bin/printf: write error: Broken pipe
[1590534603] Auto-save of retention data completed successfully.
[1590537141] SERVICE NOTIFICATION: nagiosadmin;Dial4trade.in;SSH Monitoring;CRITICAL;notify-service-by-email;CHECK_NRPE STATE CRITICAL: Socket timeout after 10 seconds.
[1590537141] wproc: NOTIFY job 129280 from worker Core Worker 23141 is a non-check helper but exited with return code 75
[1590537141] wproc:   host=Dial4trade.in; service=SSH Monitoring; contact=nagiosadmin
[1590537141] wproc:   early_timeout=0; exited_ok=1; wait_status=19200; error_code=0;
[1590537141] wproc:   stderr line 01: sendmail: invalid option -- 's'
[1590537141] wproc:   stderr line 02: sendmail: invalid option -- 's'
[1590537141] wproc:   stderr line 03: sendmail: fatal: usage: sendmail [options]
[1590537141] wproc:   stderr line 04: /usr/bin/printf: write error: Broken pipe
