[1588291200] LOG ROTATION: DAILY
[1588291200] LOG VERSION: 2.0
[1588291200] CURRENT HOST STATE: Dial4trade.in;UP;HARD;1;PING OK - Packet loss = 0%, RTA = 0.82 ms
[1588291200] CURRENT HOST STATE: localhost;UP;HARD;1;PING OK - Packet loss = 0%, RTA = 0.04 ms
[1588291200] CURRENT SERVICE STATE: Dial4trade.in;Apache Monitoring;OK;HARD;1;httpd is runing ! ! !
[1588291200] CURRENT SERVICE STATE: Dial4trade.in;CPU Load;OK;HARD;1;OK - load average: 0.00, 0.01, 0.05
[1588291200] CURRENT SERVICE STATE: Dial4trade.in;Current Users;OK;HARD;1;USERS OK - 0 users currently logged in
[1588291200] CURRENT SERVICE STATE: Dial4trade.in;FTP Monitoring;OK;HARD;1;vsftpd is running fine ! ! !
[1588291200] CURRENT SERVICE STATE: Dial4trade.in;Memory monitoring;OK;HARD;1;31.31%
[1588291200] CURRENT SERVICE STATE: Dial4trade.in;PHP-FPM;OK;HARD;1;php-fpm is running fine ! ! !
[1588291200] CURRENT SERVICE STATE: Dial4trade.in;ROOT monitoring;OK;HARD;1;OK - 32% of disk space used.
[1588291200] CURRENT SERVICE STATE: Dial4trade.in;SSH Monitoring;CRITICAL;HARD;3;CHECK_NRPE STATE CRITICAL: Socket timeout after 10 seconds.
[1588291200] CURRENT SERVICE STATE: Dial4trade.in;SWAP Monitoring;OK;HARD;1;SWAP OK - 98% free (1999 MB out of 2047 MB)
[1588291200] CURRENT SERVICE STATE: Dial4trade.in;Total Processes;OK;HARD;1;PROCS OK: 121 processes
[1588291200] CURRENT SERVICE STATE: localhost;Current Load;OK;HARD;1;OK - load average: 0.00, 0.01, 0.05
[1588291200] CURRENT SERVICE STATE: localhost;Current Users;OK;HARD;1;USERS OK - 0 users currently logged in
[1588291200] CURRENT SERVICE STATE: localhost;HTTP;OK;HARD;1;HTTP OK: HTTP/1.1 200 OK - 296 bytes in 0.000 second response time
[1588291200] CURRENT SERVICE STATE: localhost;Memory monitoring;OK;HARD;1;9.91%
[1588291200] CURRENT SERVICE STATE: localhost;PING;OK;HARD;1;PING OK - Packet loss = 0%, RTA = 0.04 ms
[1588291200] CURRENT SERVICE STATE: localhost;Root Partition;OK;HARD;1;DISK OK - free space: / 8345 MB (81.58% inode=99%):
[1588291200] CURRENT SERVICE STATE: localhost;SSH;OK;HARD;1;SSH OK - OpenSSH_7.4 (protocol 2.0)
[1588291200] CURRENT SERVICE STATE: localhost;Swap Usage;OK;HARD;1;SWAP OK - 100% free (511 MB out of 511 MB)
[1588291200] CURRENT SERVICE STATE: localhost;Total Processes;OK;HARD;1;PROCS OK: 34 processes with STATE = RSZDT
[1588291340] SERVICE NOTIFICATION: nagiosadmin;Dial4trade.in;SSH Monitoring;CRITICAL;notify-service-by-email;CHECK_NRPE STATE CRITICAL: Socket timeout after 10 seconds.
[1588291340] wproc: NOTIFY job 99176 from worker Core Worker 23141 is a non-check helper but exited with return code 75
[1588291340] wproc:   host=Dial4trade.in; service=SSH Monitoring; contact=nagiosadmin
[1588291340] wproc:   early_timeout=0; exited_ok=1; wait_status=19200; error_code=0;
[1588291340] wproc:   stderr line 01: sendmail: invalid option -- 's'
[1588291340] wproc:   stderr line 02: sendmail: invalid option -- 's'
[1588291340] wproc:   stderr line 03: sendmail: fatal: usage: sendmail [options]
[1588291340] wproc:   stderr line 04: /usr/bin/printf: write error: Broken pipe
[1588291803] Auto-save of retention data completed successfully.
[1588294940] SERVICE NOTIFICATION: nagiosadmin;Dial4trade.in;SSH Monitoring;CRITICAL;notify-service-by-email;CHECK_NRPE STATE CRITICAL: Socket timeout after 10 seconds.
[1588294940] wproc: NOTIFY job 99224 from worker Core Worker 23142 is a non-check helper but exited with return code 75
[1588294940] wproc:   host=Dial4trade.in; service=SSH Monitoring; contact=nagiosadmin
[1588294940] wproc:   early_timeout=0; exited_ok=1; wait_status=19200; error_code=0;
[1588294940] wproc:   stderr line 01: sendmail: invalid option -- 's'
[1588294940] wproc:   stderr line 02: sendmail: invalid option -- 's'
[1588294940] wproc:   stderr line 03: sendmail: fatal: usage: sendmail [options]
[1588294940] wproc:   stderr line 04: /usr/bin/printf: write error: Broken pipe
[1588295403] Auto-save of retention data completed successfully.
[1588298541] SERVICE NOTIFICATION: nagiosadmin;Dial4trade.in;SSH Monitoring;CRITICAL;notify-service-by-email;CHECK_NRPE STATE CRITICAL: Socket timeout after 10 seconds.
[1588298541] wproc: NOTIFY job 99272 from worker Core Worker 23139 is a non-check helper but exited with return code 75
[1588298541] wproc:   host=Dial4trade.in; service=SSH Monitoring; contact=nagiosadmin
[1588298541] wproc:   early_timeout=0; exited_ok=1; wait_status=19200; error_code=0;
[1588298541] wproc:   stderr line 01: sendmail: invalid option -- 's'
[1588298541] wproc:   stderr line 02: sendmail: invalid option -- 's'
[1588298541] wproc:   stderr line 03: sendmail: fatal: usage: sendmail [options]
[1588298541] wproc:   stderr line 04: /usr/bin/printf: write error: Broken pipe
[1588299003] Auto-save of retention data completed successfully.
[1588302603] Auto-save of retention data completed successfully.
[1588302740] SERVICE NOTIFICATION: nagiosadmin;Dial4trade.in;SSH Monitoring;CRITICAL;notify-service-by-email;CHECK_NRPE STATE CRITICAL: Socket timeout after 10 seconds.
[1588302740] wproc: NOTIFY job 99328 from worker Core Worker 23140 is a non-check helper but exited with return code 75
[1588302740] wproc:   host=Dial4trade.in; service=SSH Monitoring; contact=nagiosadmin
[1588302740] wproc:   early_timeout=0; exited_ok=1; wait_status=19200; error_code=0;
[1588302740] wproc:   stderr line 01: sendmail: invalid option -- 's'
[1588302740] wproc:   stderr line 02: sendmail: invalid option -- 's'
[1588302740] wproc:   stderr line 03: sendmail: fatal: usage: sendmail [options]
[1588302740] wproc:   stderr line 04: /usr/bin/printf: write error: Broken pipe
[1588306203] Auto-save of retention data completed successfully.
[1588306340] SERVICE NOTIFICATION: nagiosadmin;Dial4trade.in;SSH Monitoring;CRITICAL;notify-service-by-email;CHECK_NRPE STATE CRITICAL: Socket timeout after 10 seconds.
[1588306340] wproc: NOTIFY job 99377 from worker Core Worker 23141 is a non-check helper but exited with return code 75
[1588306340] wproc:   host=Dial4trade.in; service=SSH Monitoring; contact=nagiosadmin
[1588306340] wproc:   early_timeout=0; exited_ok=1; wait_status=19200; error_code=0;
[1588306340] wproc:   stderr line 01: sendmail: invalid option -- 's'
[1588306340] wproc:   stderr line 02: sendmail: invalid option -- 's'
[1588306340] wproc:   stderr line 03: sendmail: fatal: usage: sendmail [options]
[1588306340] wproc:   stderr line 04: /usr/bin/printf: write error: Broken pipe
[1588309803] Auto-save of retention data completed successfully.
[1588309940] SERVICE NOTIFICATION: nagiosadmin;Dial4trade.in;SSH Monitoring;CRITICAL;notify-service-by-email;CHECK_NRPE STATE CRITICAL: Socket timeout after 10 seconds.
[1588309940] wproc: NOTIFY job 99425 from worker Core Worker 23142 is a non-check helper but exited with return code 75
[1588309940] wproc:   host=Dial4trade.in; service=SSH Monitoring; contact=nagiosadmin
[1588309940] wproc:   early_timeout=0; exited_ok=1; wait_status=19200; error_code=0;
[1588309940] wproc:   stderr line 01: sendmail: invalid option -- 's'
[1588309940] wproc:   stderr line 02: sendmail: invalid option -- 's'
[1588309940] wproc:   stderr line 03: sendmail: fatal: usage: sendmail [options]
[1588309940] wproc:   stderr line 04: /usr/bin/printf: write error: Broken pipe
[1588313403] Auto-save of retention data completed successfully.
[1588313540] SERVICE NOTIFICATION: nagiosadmin;Dial4trade.in;SSH Monitoring;CRITICAL;notify-service-by-email;CHECK_NRPE STATE CRITICAL: Socket timeout after 10 seconds.
[1588313540] wproc: NOTIFY job 99473 from worker Core Worker 23139 is a non-check helper but exited with return code 75
[1588313540] wproc:   host=Dial4trade.in; service=SSH Monitoring; contact=nagiosadmin
[1588313540] wproc:   early_timeout=0; exited_ok=1; wait_status=19200; error_code=0;
[1588313540] wproc:   stderr line 01: sendmail: invalid option -- 's'
[1588313540] wproc:   stderr line 02: sendmail: invalid option -- 's'
[1588313540] wproc:   stderr line 03: sendmail: fatal: usage: sendmail [options]
[1588313540] wproc:   stderr line 04: /usr/bin/printf: write error: Broken pipe
[1588317003] Auto-save of retention data completed successfully.
[1588317140] SERVICE NOTIFICATION: nagiosadmin;Dial4trade.in;SSH Monitoring;CRITICAL;notify-service-by-email;CHECK_NRPE STATE CRITICAL: Socket timeout after 10 seconds.
[1588317140] wproc: NOTIFY job 99521 from worker Core Worker 23140 is a non-check helper but exited with return code 75
[1588317140] wproc:   host=Dial4trade.in; service=SSH Monitoring; contact=nagiosadmin
[1588317140] wproc:   early_timeout=0; exited_ok=1; wait_status=19200; error_code=0;
[1588317140] wproc:   stderr line 01: sendmail: invalid option -- 's'
[1588317140] wproc:   stderr line 02: sendmail: invalid option -- 's'
[1588317140] wproc:   stderr line 03: sendmail: fatal: usage: sendmail [options]
[1588317140] wproc:   stderr line 04: /usr/bin/printf: write error: Broken pipe
[1588320603] Auto-save of retention data completed successfully.
[1588320740] SERVICE NOTIFICATION: nagiosadmin;Dial4trade.in;SSH Monitoring;CRITICAL;notify-service-by-email;CHECK_NRPE STATE CRITICAL: Socket timeout after 10 seconds.
[1588320740] wproc: NOTIFY job 99570 from worker Core Worker 23141 is a non-check helper but exited with return code 75
[1588320740] wproc:   host=Dial4trade.in; service=SSH Monitoring; contact=nagiosadmin
[1588320740] wproc:   early_timeout=0; exited_ok=1; wait_status=19200; error_code=0;
[1588320740] wproc:   stderr line 01: sendmail: invalid option -- 's'
[1588320740] wproc:   stderr line 02: sendmail: invalid option -- 's'
[1588320740] wproc:   stderr line 03: sendmail: fatal: usage: sendmail [options]
[1588320740] wproc:   stderr line 04: /usr/bin/printf: write error: Broken pipe
[1588324203] Auto-save of retention data completed successfully.
[1588324340] SERVICE NOTIFICATION: nagiosadmin;Dial4trade.in;SSH Monitoring;CRITICAL;notify-service-by-email;CHECK_NRPE STATE CRITICAL: Socket timeout after 10 seconds.
[1588324340] wproc: NOTIFY job 99618 from worker Core Worker 23142 is a non-check helper but exited with return code 75
[1588324340] wproc:   host=Dial4trade.in; service=SSH Monitoring; contact=nagiosadmin
[1588324340] wproc:   early_timeout=0; exited_ok=1; wait_status=19200; error_code=0;
[1588324340] wproc:   stderr line 01: sendmail: invalid option -- 's'
[1588324340] wproc:   stderr line 02: sendmail: invalid option -- 's'
[1588324340] wproc:   stderr line 03: sendmail: fatal: usage: sendmail [options]
[1588324340] wproc:   stderr line 04: /usr/bin/printf: write error: Broken pipe
[1588327803] Auto-save of retention data completed successfully.
[1588327940] SERVICE NOTIFICATION: nagiosadmin;Dial4trade.in;SSH Monitoring;CRITICAL;notify-service-by-email;CHECK_NRPE STATE CRITICAL: Socket timeout after 10 seconds.
[1588327940] wproc: NOTIFY job 99666 from worker Core Worker 23139 is a non-check helper but exited with return code 75
[1588327940] wproc:   host=Dial4trade.in; service=SSH Monitoring; contact=nagiosadmin
[1588327940] wproc:   early_timeout=0; exited_ok=1; wait_status=19200; error_code=0;
[1588327940] wproc:   stderr line 01: sendmail: invalid option -- 's'
[1588327940] wproc:   stderr line 02: sendmail: invalid option -- 's'
[1588327940] wproc:   stderr line 03: sendmail: fatal: usage: sendmail [options]
[1588327940] wproc:   stderr line 04: /usr/bin/printf: write error: Broken pipe
[1588331403] Auto-save of retention data completed successfully.
[1588331540] SERVICE NOTIFICATION: nagiosadmin;Dial4trade.in;SSH Monitoring;CRITICAL;notify-service-by-email;CHECK_NRPE STATE CRITICAL: Socket timeout after 10 seconds.
[1588331540] wproc: NOTIFY job 99714 from worker Core Worker 23140 is a non-check helper but exited with return code 75
[1588331540] wproc:   host=Dial4trade.in; service=SSH Monitoring; contact=nagiosadmin
[1588331540] wproc:   early_timeout=0; exited_ok=1; wait_status=19200; error_code=0;
[1588331540] wproc:   stderr line 01: sendmail: invalid option -- 's'
[1588331540] wproc:   stderr line 02: sendmail: invalid option -- 's'
[1588331540] wproc:   stderr line 03: sendmail: fatal: usage: sendmail [options]
[1588331540] wproc:   stderr line 04: /usr/bin/printf: write error: Broken pipe
[1588335003] Auto-save of retention data completed successfully.
[1588335140] SERVICE NOTIFICATION: nagiosadmin;Dial4trade.in;SSH Monitoring;CRITICAL;notify-service-by-email;CHECK_NRPE STATE CRITICAL: Socket timeout after 10 seconds.
[1588335140] wproc: NOTIFY job 99763 from worker Core Worker 23141 is a non-check helper but exited with return code 75
[1588335140] wproc:   host=Dial4trade.in; service=SSH Monitoring; contact=nagiosadmin
[1588335140] wproc:   early_timeout=0; exited_ok=1; wait_status=19200; error_code=0;
[1588335140] wproc:   stderr line 01: sendmail: invalid option -- 's'
[1588335140] wproc:   stderr line 02: sendmail: invalid option -- 's'
[1588335140] wproc:   stderr line 03: sendmail: fatal: usage: sendmail [options]
[1588335140] wproc:   stderr line 04: /usr/bin/printf: write error: Broken pipe
[1588338603] Auto-save of retention data completed successfully.
[1588338740] SERVICE NOTIFICATION: nagiosadmin;Dial4trade.in;SSH Monitoring;CRITICAL;notify-service-by-email;CHECK_NRPE STATE CRITICAL: Socket timeout after 10 seconds.
[1588338740] wproc: NOTIFY job 99811 from worker Core Worker 23142 is a non-check helper but exited with return code 75
[1588338740] wproc:   host=Dial4trade.in; service=SSH Monitoring; contact=nagiosadmin
[1588338740] wproc:   early_timeout=0; exited_ok=1; wait_status=19200; error_code=0;
[1588338740] wproc:   stderr line 01: sendmail: invalid option -- 's'
[1588338740] wproc:   stderr line 02: sendmail: invalid option -- 's'
[1588338740] wproc:   stderr line 03: sendmail: fatal: usage: sendmail [options]
[1588338740] wproc:   stderr line 04: /usr/bin/printf: write error: Broken pipe
[1588342203] Auto-save of retention data completed successfully.
[1588342340] SERVICE NOTIFICATION: nagiosadmin;Dial4trade.in;SSH Monitoring;CRITICAL;notify-service-by-email;CHECK_NRPE STATE CRITICAL: Socket timeout after 10 seconds.
[1588342340] wproc: NOTIFY job 99859 from worker Core Worker 23139 is a non-check helper but exited with return code 75
[1588342340] wproc:   host=Dial4trade.in; service=SSH Monitoring; contact=nagiosadmin
[1588342340] wproc:   early_timeout=0; exited_ok=1; wait_status=19200; error_code=0;
[1588342340] wproc:   stderr line 01: sendmail: invalid option -- 's'
[1588342340] wproc:   stderr line 02: sendmail: invalid option -- 's'
[1588342340] wproc:   stderr line 03: sendmail: fatal: usage: sendmail [options]
[1588342340] wproc:   stderr line 04: /usr/bin/printf: write error: Broken pipe
[1588345803] Auto-save of retention data completed successfully.
[1588345940] SERVICE NOTIFICATION: nagiosadmin;Dial4trade.in;SSH Monitoring;CRITICAL;notify-service-by-email;CHECK_NRPE STATE CRITICAL: Socket timeout after 10 seconds.
[1588345940] wproc: NOTIFY job 99907 from worker Core Worker 23140 is a non-check helper but exited with return code 75
[1588345940] wproc:   host=Dial4trade.in; service=SSH Monitoring; contact=nagiosadmin
[1588345940] wproc:   early_timeout=0; exited_ok=1; wait_status=19200; error_code=0;
[1588345940] wproc:   stderr line 01: sendmail: invalid option -- 's'
[1588345940] wproc:   stderr line 02: sendmail: invalid option -- 's'
[1588345940] wproc:   stderr line 03: sendmail: fatal: usage: sendmail [options]
[1588345940] wproc:   stderr line 04: /usr/bin/printf: write error: Broken pipe
[1588349403] Auto-save of retention data completed successfully.
[1588349540] SERVICE NOTIFICATION: nagiosadmin;Dial4trade.in;SSH Monitoring;CRITICAL;notify-service-by-email;CHECK_NRPE STATE CRITICAL: Socket timeout after 10 seconds.
[1588349540] wproc: NOTIFY job 99956 from worker Core Worker 23141 is a non-check helper but exited with return code 75
[1588349540] wproc:   host=Dial4trade.in; service=SSH Monitoring; contact=nagiosadmin
[1588349540] wproc:   early_timeout=0; exited_ok=1; wait_status=19200; error_code=0;
[1588349540] wproc:   stderr line 01: sendmail: invalid option -- 's'
[1588349540] wproc:   stderr line 02: sendmail: invalid option -- 's'
[1588349540] wproc:   stderr line 03: sendmail: fatal: usage: sendmail [options]
[1588349540] wproc:   stderr line 04: /usr/bin/printf: write error: Broken pipe
[1588353003] Auto-save of retention data completed successfully.
[1588353140] SERVICE NOTIFICATION: nagiosadmin;Dial4trade.in;SSH Monitoring;CRITICAL;notify-service-by-email;CHECK_NRPE STATE CRITICAL: Socket timeout after 10 seconds.
[1588353140] wproc: NOTIFY job 100004 from worker Core Worker 23142 is a non-check helper but exited with return code 75
[1588353140] wproc:   host=Dial4trade.in; service=SSH Monitoring; contact=nagiosadmin
[1588353140] wproc:   early_timeout=0; exited_ok=1; wait_status=19200; error_code=0;
[1588353140] wproc:   stderr line 01: sendmail: invalid option -- 's'
[1588353140] wproc:   stderr line 02: sendmail: invalid option -- 's'
[1588353140] wproc:   stderr line 03: sendmail: fatal: usage: sendmail [options]
[1588353140] wproc:   stderr line 04: /usr/bin/printf: write error: Broken pipe
[1588356603] Auto-save of retention data completed successfully.
[1588356740] SERVICE NOTIFICATION: nagiosadmin;Dial4trade.in;SSH Monitoring;CRITICAL;notify-service-by-email;CHECK_NRPE STATE CRITICAL: Socket timeout after 10 seconds.
[1588356740] wproc: NOTIFY job 100052 from worker Core Worker 23139 is a non-check helper but exited with return code 75
[1588356740] wproc:   host=Dial4trade.in; service=SSH Monitoring; contact=nagiosadmin
[1588356740] wproc:   early_timeout=0; exited_ok=1; wait_status=19200; error_code=0;
[1588356740] wproc:   stderr line 01: sendmail: invalid option -- 's'
[1588356740] wproc:   stderr line 02: sendmail: invalid option -- 's'
[1588356740] wproc:   stderr line 03: sendmail: fatal: usage: sendmail [options]
[1588356740] wproc:   stderr line 04: /usr/bin/printf: write error: Broken pipe
[1588360203] Auto-save of retention data completed successfully.
[1588360340] SERVICE NOTIFICATION: nagiosadmin;Dial4trade.in;SSH Monitoring;CRITICAL;notify-service-by-email;CHECK_NRPE STATE CRITICAL: Socket timeout after 10 seconds.
[1588360340] wproc: NOTIFY job 100100 from worker Core Worker 23140 is a non-check helper but exited with return code 75
[1588360340] wproc:   host=Dial4trade.in; service=SSH Monitoring; contact=nagiosadmin
[1588360340] wproc:   early_timeout=0; exited_ok=1; wait_status=19200; error_code=0;
[1588360340] wproc:   stderr line 01: sendmail: invalid option -- 's'
[1588360340] wproc:   stderr line 02: sendmail: invalid option -- 's'
[1588360340] wproc:   stderr line 03: sendmail: fatal: usage: sendmail [options]
[1588360340] wproc:   stderr line 04: /usr/bin/printf: write error: Broken pipe
[1588363803] Auto-save of retention data completed successfully.
[1588363940] SERVICE NOTIFICATION: nagiosadmin;Dial4trade.in;SSH Monitoring;CRITICAL;notify-service-by-email;CHECK_NRPE STATE CRITICAL: Socket timeout after 10 seconds.
[1588363940] wproc: NOTIFY job 100149 from worker Core Worker 23141 is a non-check helper but exited with return code 75
[1588363940] wproc:   host=Dial4trade.in; service=SSH Monitoring; contact=nagiosadmin
[1588363940] wproc:   early_timeout=0; exited_ok=1; wait_status=19200; error_code=0;
[1588363940] wproc:   stderr line 01: sendmail: invalid option -- 's'
[1588363940] wproc:   stderr line 02: sendmail: invalid option -- 's'
[1588363940] wproc:   stderr line 03: sendmail: fatal: usage: sendmail [options]
[1588363940] wproc:   stderr line 04: /usr/bin/printf: write error: Broken pipe
[1588367403] Auto-save of retention data completed successfully.
[1588367540] SERVICE NOTIFICATION: nagiosadmin;Dial4trade.in;SSH Monitoring;CRITICAL;notify-service-by-email;CHECK_NRPE STATE CRITICAL: Socket timeout after 10 seconds.
[1588367540] wproc: NOTIFY job 100197 from worker Core Worker 23142 is a non-check helper but exited with return code 75
[1588367540] wproc:   host=Dial4trade.in; service=SSH Monitoring; contact=nagiosadmin
[1588367540] wproc:   early_timeout=0; exited_ok=1; wait_status=19200; error_code=0;
[1588367540] wproc:   stderr line 01: sendmail: invalid option -- 's'
[1588367540] wproc:   stderr line 02: sendmail: invalid option -- 's'
[1588367540] wproc:   stderr line 03: sendmail: fatal: usage: sendmail [options]
[1588367540] wproc:   stderr line 04: /usr/bin/printf: write error: Broken pipe
[1588371003] Auto-save of retention data completed successfully.
[1588371140] SERVICE NOTIFICATION: nagiosadmin;Dial4trade.in;SSH Monitoring;CRITICAL;notify-service-by-email;CHECK_NRPE STATE CRITICAL: Socket timeout after 10 seconds.
[1588371140] wproc: NOTIFY job 100245 from worker Core Worker 23139 is a non-check helper but exited with return code 75
[1588371140] wproc:   host=Dial4trade.in; service=SSH Monitoring; contact=nagiosadmin
[1588371140] wproc:   early_timeout=0; exited_ok=1; wait_status=19200; error_code=0;
[1588371140] wproc:   stderr line 01: sendmail: invalid option -- 's'
[1588371140] wproc:   stderr line 02: sendmail: invalid option -- 's'
[1588371140] wproc:   stderr line 03: sendmail: fatal: usage: sendmail [options]
[1588371140] wproc:   stderr line 04: /usr/bin/printf: write error: Broken pipe
[1588374603] Auto-save of retention data completed successfully.
[1588374740] SERVICE NOTIFICATION: nagiosadmin;Dial4trade.in;SSH Monitoring;CRITICAL;notify-service-by-email;CHECK_NRPE STATE CRITICAL: Socket timeout after 10 seconds.
[1588374740] wproc: NOTIFY job 100293 from worker Core Worker 23140 is a non-check helper but exited with return code 75
[1588374740] wproc:   host=Dial4trade.in; service=SSH Monitoring; contact=nagiosadmin
[1588374740] wproc:   early_timeout=0; exited_ok=1; wait_status=19200; error_code=0;
[1588374740] wproc:   stderr line 01: sendmail: invalid option -- 's'
[1588374740] wproc:   stderr line 02: sendmail: invalid option -- 's'
[1588374740] wproc:   stderr line 03: sendmail: fatal: usage: sendmail [options]
[1588374740] wproc:   stderr line 04: /usr/bin/printf: write error: Broken pipe
