[1588809600] LOG ROTATION: DAILY
[1588809600] LOG VERSION: 2.0
[1588809600] CURRENT HOST STATE: Dial4trade.in;UP;HARD;1;PING OK - Packet loss = 0%, RTA = 0.80 ms
[1588809600] CURRENT HOST STATE: localhost;UP;HARD;1;PING OK - Packet loss = 0%, RTA = 0.04 ms
[1588809600] CURRENT SERVICE STATE: Dial4trade.in;Apache Monitoring;OK;HARD;1;httpd is runing ! ! !
[1588809600] CURRENT SERVICE STATE: Dial4trade.in;CPU Load;OK;HARD;1;OK - load average: 0.00, 0.01, 0.05
[1588809600] CURRENT SERVICE STATE: Dial4trade.in;Current Users;OK;HARD;1;USERS OK - 0 users currently logged in
[1588809600] CURRENT SERVICE STATE: Dial4trade.in;FTP Monitoring;OK;HARD;1;vsftpd is running fine ! ! !
[1588809600] CURRENT SERVICE STATE: Dial4trade.in;Memory monitoring;OK;HARD;1;42.53%
[1588809600] CURRENT SERVICE STATE: Dial4trade.in;PHP-FPM;OK;HARD;1;php-fpm is running fine ! ! !
[1588809600] CURRENT SERVICE STATE: Dial4trade.in;ROOT monitoring;OK;HARD;1;OK - 32% of disk space used.
[1588809600] CURRENT SERVICE STATE: Dial4trade.in;SSH Monitoring;CRITICAL;HARD;3;CHECK_NRPE STATE CRITICAL: Socket timeout after 10 seconds.
[1588809600] CURRENT SERVICE STATE: Dial4trade.in;SWAP Monitoring;OK;HARD;1;SWAP OK - 98% free (1999 MB out of 2047 MB)
[1588809600] CURRENT SERVICE STATE: Dial4trade.in;Total Processes;OK;HARD;1;PROCS OK: 121 processes
[1588809600] CURRENT SERVICE STATE: localhost;Current Load;OK;HARD;1;OK - load average: 0.00, 0.01, 0.05
[1588809600] CURRENT SERVICE STATE: localhost;Current Users;OK;HARD;1;USERS OK - 0 users currently logged in
[1588809600] CURRENT SERVICE STATE: localhost;HTTP;OK;HARD;1;HTTP OK: HTTP/1.1 200 OK - 296 bytes in 0.001 second response time
[1588809600] CURRENT SERVICE STATE: localhost;Memory monitoring;OK;HARD;1;9.81%
[1588809600] CURRENT SERVICE STATE: localhost;PING;OK;HARD;1;PING OK - Packet loss = 0%, RTA = 0.05 ms
[1588809600] CURRENT SERVICE STATE: localhost;Root Partition;OK;HARD;1;DISK OK - free space: / 8353 MB (81.66% inode=99%):
[1588809600] CURRENT SERVICE STATE: localhost;SSH;OK;HARD;1;SSH OK - OpenSSH_7.4 (protocol 2.0)
[1588809600] CURRENT SERVICE STATE: localhost;Swap Usage;OK;HARD;1;SWAP OK - 100% free (511 MB out of 511 MB)
[1588809600] CURRENT SERVICE STATE: localhost;Total Processes;OK;HARD;1;PROCS OK: 33 processes with STATE = RSZDT
[1588810203] Auto-save of retention data completed successfully.
[1588812140] SERVICE NOTIFICATION: nagiosadmin;Dial4trade.in;SSH Monitoring;CRITICAL;notify-service-by-email;CHECK_NRPE STATE CRITICAL: Socket timeout after 10 seconds.
[1588812140] wproc: NOTIFY job 106157 from worker Core Worker 23140 is a non-check helper but exited with return code 75
[1588812140] wproc:   host=Dial4trade.in; service=SSH Monitoring; contact=nagiosadmin
[1588812140] wproc:   early_timeout=0; exited_ok=1; wait_status=19200; error_code=0;
[1588812140] wproc:   stderr line 01: sendmail: invalid option -- 's'
[1588812140] wproc:   stderr line 02: sendmail: invalid option -- 's'
[1588812140] wproc:   stderr line 03: sendmail: fatal: usage: sendmail [options]
[1588812140] wproc:   stderr line 04: /usr/bin/printf: write error: Broken pipe
[1588813803] Auto-save of retention data completed successfully.
[1588815740] SERVICE NOTIFICATION: nagiosadmin;Dial4trade.in;SSH Monitoring;CRITICAL;notify-service-by-email;CHECK_NRPE STATE CRITICAL: Socket timeout after 10 seconds.
[1588815740] wproc: NOTIFY job 106206 from worker Core Worker 23141 is a non-check helper but exited with return code 75
[1588815740] wproc:   host=Dial4trade.in; service=SSH Monitoring; contact=nagiosadmin
[1588815740] wproc:   early_timeout=0; exited_ok=1; wait_status=19200; error_code=0;
[1588815740] wproc:   stderr line 01: sendmail: invalid option -- 's'
[1588815740] wproc:   stderr line 02: sendmail: invalid option -- 's'
[1588815740] wproc:   stderr line 03: sendmail: fatal: usage: sendmail [options]
[1588815740] wproc:   stderr line 04: /usr/bin/printf: write error: Broken pipe
[1588817403] Auto-save of retention data completed successfully.
[1588819340] SERVICE NOTIFICATION: nagiosadmin;Dial4trade.in;SSH Monitoring;CRITICAL;notify-service-by-email;CHECK_NRPE STATE CRITICAL: Socket timeout after 10 seconds.
[1588819340] wproc: NOTIFY job 106254 from worker Core Worker 23142 is a non-check helper but exited with return code 75
[1588819340] wproc:   host=Dial4trade.in; service=SSH Monitoring; contact=nagiosadmin
[1588819340] wproc:   early_timeout=0; exited_ok=1; wait_status=19200; error_code=0;
[1588819340] wproc:   stderr line 01: sendmail: invalid option -- 's'
[1588819340] wproc:   stderr line 02: sendmail: invalid option -- 's'
[1588819340] wproc:   stderr line 03: sendmail: fatal: usage: sendmail [options]
[1588819340] wproc:   stderr line 04: /usr/bin/printf: write error: Broken pipe
[1588821003] Auto-save of retention data completed successfully.
[1588822940] SERVICE NOTIFICATION: nagiosadmin;Dial4trade.in;SSH Monitoring;CRITICAL;notify-service-by-email;CHECK_NRPE STATE CRITICAL: Socket timeout after 10 seconds.
[1588822940] wproc: NOTIFY job 106302 from worker Core Worker 23139 is a non-check helper but exited with return code 75
[1588822940] wproc:   host=Dial4trade.in; service=SSH Monitoring; contact=nagiosadmin
[1588822940] wproc:   early_timeout=0; exited_ok=1; wait_status=19200; error_code=0;
[1588822940] wproc:   stderr line 01: sendmail: invalid option -- 's'
[1588822940] wproc:   stderr line 02: sendmail: invalid option -- 's'
[1588822940] wproc:   stderr line 03: sendmail: fatal: usage: sendmail [options]
[1588822940] wproc:   stderr line 04: /usr/bin/printf: write error: Broken pipe
[1588824603] Auto-save of retention data completed successfully.
[1588826540] SERVICE NOTIFICATION: nagiosadmin;Dial4trade.in;SSH Monitoring;CRITICAL;notify-service-by-email;CHECK_NRPE STATE CRITICAL: Socket timeout after 10 seconds.
[1588826540] wproc: NOTIFY job 106350 from worker Core Worker 23140 is a non-check helper but exited with return code 75
[1588826540] wproc:   host=Dial4trade.in; service=SSH Monitoring; contact=nagiosadmin
[1588826540] wproc:   early_timeout=0; exited_ok=1; wait_status=19200; error_code=0;
[1588826540] wproc:   stderr line 01: sendmail: invalid option -- 's'
[1588826540] wproc:   stderr line 02: sendmail: invalid option -- 's'
[1588826540] wproc:   stderr line 03: sendmail: fatal: usage: sendmail [options]
[1588826540] wproc:   stderr line 04: /usr/bin/printf: write error: Broken pipe
[1588828203] Auto-save of retention data completed successfully.
[1588830140] SERVICE NOTIFICATION: nagiosadmin;Dial4trade.in;SSH Monitoring;CRITICAL;notify-service-by-email;CHECK_NRPE STATE CRITICAL: Socket timeout after 10 seconds.
[1588830140] wproc: NOTIFY job 106399 from worker Core Worker 23141 is a non-check helper but exited with return code 75
[1588830140] wproc:   host=Dial4trade.in; service=SSH Monitoring; contact=nagiosadmin
[1588830140] wproc:   early_timeout=0; exited_ok=1; wait_status=19200; error_code=0;
[1588830140] wproc:   stderr line 01: sendmail: invalid option -- 's'
[1588830140] wproc:   stderr line 02: sendmail: invalid option -- 's'
[1588830140] wproc:   stderr line 03: sendmail: fatal: usage: sendmail [options]
[1588830140] wproc:   stderr line 04: /usr/bin/printf: write error: Broken pipe
[1588831803] Auto-save of retention data completed successfully.
[1588833740] SERVICE NOTIFICATION: nagiosadmin;Dial4trade.in;SSH Monitoring;CRITICAL;notify-service-by-email;CHECK_NRPE STATE CRITICAL: Socket timeout after 10 seconds.
[1588833740] wproc: NOTIFY job 106447 from worker Core Worker 23142 is a non-check helper but exited with return code 75
[1588833740] wproc:   host=Dial4trade.in; service=SSH Monitoring; contact=nagiosadmin
[1588833740] wproc:   early_timeout=0; exited_ok=1; wait_status=19200; error_code=0;
[1588833740] wproc:   stderr line 01: sendmail: invalid option -- 's'
[1588833740] wproc:   stderr line 02: sendmail: invalid option -- 's'
[1588833740] wproc:   stderr line 03: sendmail: fatal: usage: sendmail [options]
[1588833740] wproc:   stderr line 04: /usr/bin/printf: write error: Broken pipe
[1588835403] Auto-save of retention data completed successfully.
[1588837340] SERVICE NOTIFICATION: nagiosadmin;Dial4trade.in;SSH Monitoring;CRITICAL;notify-service-by-email;CHECK_NRPE STATE CRITICAL: Socket timeout after 10 seconds.
[1588837340] wproc: NOTIFY job 106495 from worker Core Worker 23139 is a non-check helper but exited with return code 75
[1588837340] wproc:   host=Dial4trade.in; service=SSH Monitoring; contact=nagiosadmin
[1588837340] wproc:   early_timeout=0; exited_ok=1; wait_status=19200; error_code=0;
[1588837340] wproc:   stderr line 01: sendmail: invalid option -- 's'
[1588837340] wproc:   stderr line 02: sendmail: invalid option -- 's'
[1588837340] wproc:   stderr line 03: sendmail: fatal: usage: sendmail [options]
[1588837340] wproc:   stderr line 04: /usr/bin/printf: write error: Broken pipe
[1588839003] Auto-save of retention data completed successfully.
[1588840940] SERVICE NOTIFICATION: nagiosadmin;Dial4trade.in;SSH Monitoring;CRITICAL;notify-service-by-email;CHECK_NRPE STATE CRITICAL: Socket timeout after 10 seconds.
[1588840940] wproc: NOTIFY job 106543 from worker Core Worker 23140 is a non-check helper but exited with return code 75
[1588840940] wproc:   host=Dial4trade.in; service=SSH Monitoring; contact=nagiosadmin
[1588840940] wproc:   early_timeout=0; exited_ok=1; wait_status=19200; error_code=0;
[1588840940] wproc:   stderr line 01: sendmail: invalid option -- 's'
[1588840940] wproc:   stderr line 02: sendmail: invalid option -- 's'
[1588840940] wproc:   stderr line 03: sendmail: fatal: usage: sendmail [options]
[1588840940] wproc:   stderr line 04: /usr/bin/printf: write error: Broken pipe
[1588842603] Auto-save of retention data completed successfully.
[1588844540] SERVICE NOTIFICATION: nagiosadmin;Dial4trade.in;SSH Monitoring;CRITICAL;notify-service-by-email;CHECK_NRPE STATE CRITICAL: Socket timeout after 10 seconds.
[1588844540] wproc: NOTIFY job 106592 from worker Core Worker 23141 is a non-check helper but exited with return code 75
[1588844540] wproc:   host=Dial4trade.in; service=SSH Monitoring; contact=nagiosadmin
[1588844540] wproc:   early_timeout=0; exited_ok=1; wait_status=19200; error_code=0;
[1588844540] wproc:   stderr line 01: sendmail: invalid option -- 's'
[1588844540] wproc:   stderr line 02: sendmail: invalid option -- 's'
[1588844540] wproc:   stderr line 03: sendmail: fatal: usage: sendmail [options]
[1588844540] wproc:   stderr line 04: /usr/bin/printf: write error: Broken pipe
[1588845302] SERVICE ALERT: Dial4trade.in;CPU Load;WARNING;SOFT;1;WARNING - load average: 0.15, 0.05, 0.06
[1588845422] SERVICE ALERT: Dial4trade.in;CPU Load;OK;SOFT;2;OK - load average: 0.02, 0.03, 0.05
[1588846203] Auto-save of retention data completed successfully.
[1588848140] SERVICE NOTIFICATION: nagiosadmin;Dial4trade.in;SSH Monitoring;CRITICAL;notify-service-by-email;CHECK_NRPE STATE CRITICAL: Socket timeout after 10 seconds.
[1588848140] wproc: NOTIFY job 106640 from worker Core Worker 23140 is a non-check helper but exited with return code 75
[1588848140] wproc:   host=Dial4trade.in; service=SSH Monitoring; contact=nagiosadmin
[1588848140] wproc:   early_timeout=0; exited_ok=1; wait_status=19200; error_code=0;
[1588848140] wproc:   stderr line 01: sendmail: invalid option -- 's'
[1588848140] wproc:   stderr line 02: sendmail: invalid option -- 's'
[1588848140] wproc:   stderr line 03: sendmail: fatal: usage: sendmail [options]
[1588848140] wproc:   stderr line 04: /usr/bin/printf: write error: Broken pipe
[1588849803] Auto-save of retention data completed successfully.
[1588851740] SERVICE NOTIFICATION: nagiosadmin;Dial4trade.in;SSH Monitoring;CRITICAL;notify-service-by-email;CHECK_NRPE STATE CRITICAL: Socket timeout after 10 seconds.
[1588851740] wproc: NOTIFY job 106689 from worker Core Worker 23141 is a non-check helper but exited with return code 75
[1588851740] wproc:   host=Dial4trade.in; service=SSH Monitoring; contact=nagiosadmin
[1588851740] wproc:   early_timeout=0; exited_ok=1; wait_status=19200; error_code=0;
[1588851740] wproc:   stderr line 01: sendmail: invalid option -- 's'
[1588851740] wproc:   stderr line 02: sendmail: invalid option -- 's'
[1588851740] wproc:   stderr line 03: sendmail: fatal: usage: sendmail [options]
[1588851740] wproc:   stderr line 04: /usr/bin/printf: write error: Broken pipe
[1588853403] Auto-save of retention data completed successfully.
[1588855340] SERVICE NOTIFICATION: nagiosadmin;Dial4trade.in;SSH Monitoring;CRITICAL;notify-service-by-email;CHECK_NRPE STATE CRITICAL: Socket timeout after 10 seconds.
[1588855340] wproc: NOTIFY job 106737 from worker Core Worker 23142 is a non-check helper but exited with return code 75
[1588855340] wproc:   host=Dial4trade.in; service=SSH Monitoring; contact=nagiosadmin
[1588855340] wproc:   early_timeout=0; exited_ok=1; wait_status=19200; error_code=0;
[1588855340] wproc:   stderr line 01: sendmail: invalid option -- 's'
[1588855340] wproc:   stderr line 02: sendmail: invalid option -- 's'
[1588855340] wproc:   stderr line 03: sendmail: fatal: usage: sendmail [options]
[1588855340] wproc:   stderr line 04: /usr/bin/printf: write error: Broken pipe
[1588857003] Auto-save of retention data completed successfully.
[1588858940] SERVICE NOTIFICATION: nagiosadmin;Dial4trade.in;SSH Monitoring;CRITICAL;notify-service-by-email;CHECK_NRPE STATE CRITICAL: Socket timeout after 10 seconds.
[1588858940] wproc: NOTIFY job 106785 from worker Core Worker 23139 is a non-check helper but exited with return code 75
[1588858940] wproc:   host=Dial4trade.in; service=SSH Monitoring; contact=nagiosadmin
[1588858940] wproc:   early_timeout=0; exited_ok=1; wait_status=19200; error_code=0;
[1588858940] wproc:   stderr line 01: sendmail: invalid option -- 's'
[1588858940] wproc:   stderr line 02: sendmail: invalid option -- 's'
[1588858940] wproc:   stderr line 03: sendmail: fatal: usage: sendmail [options]
[1588858940] wproc:   stderr line 04: /usr/bin/printf: write error: Broken pipe
[1588860603] Auto-save of retention data completed successfully.
[1588862541] SERVICE NOTIFICATION: nagiosadmin;Dial4trade.in;SSH Monitoring;CRITICAL;notify-service-by-email;CHECK_NRPE STATE CRITICAL: Socket timeout after 10 seconds.
[1588862541] wproc: NOTIFY job 106833 from worker Core Worker 23140 is a non-check helper but exited with return code 75
[1588862541] wproc:   host=Dial4trade.in; service=SSH Monitoring; contact=nagiosadmin
[1588862541] wproc:   early_timeout=0; exited_ok=1; wait_status=19200; error_code=0;
[1588862541] wproc:   stderr line 01: sendmail: invalid option -- 's'
[1588862541] wproc:   stderr line 02: sendmail: invalid option -- 's'
[1588862541] wproc:   stderr line 03: sendmail: fatal: usage: sendmail [options]
[1588862541] wproc:   stderr line 04: /usr/bin/printf: write error: Broken pipe
[1588864203] Auto-save of retention data completed successfully.
[1588866740] SERVICE NOTIFICATION: nagiosadmin;Dial4trade.in;SSH Monitoring;CRITICAL;notify-service-by-email;CHECK_NRPE STATE CRITICAL: Socket timeout after 10 seconds.
[1588866740] wproc: NOTIFY job 106890 from worker Core Worker 23141 is a non-check helper but exited with return code 75
[1588866740] wproc:   host=Dial4trade.in; service=SSH Monitoring; contact=nagiosadmin
[1588866740] wproc:   early_timeout=0; exited_ok=1; wait_status=19200; error_code=0;
[1588866740] wproc:   stderr line 01: sendmail: invalid option -- 's'
[1588866740] wproc:   stderr line 02: sendmail: invalid option -- 's'
[1588866740] wproc:   stderr line 03: sendmail: fatal: usage: sendmail [options]
[1588866740] wproc:   stderr line 04: /usr/bin/printf: write error: Broken pipe
[1588867803] Auto-save of retention data completed successfully.
[1588870340] SERVICE NOTIFICATION: nagiosadmin;Dial4trade.in;SSH Monitoring;CRITICAL;notify-service-by-email;CHECK_NRPE STATE CRITICAL: Socket timeout after 10 seconds.
[1588870340] wproc: NOTIFY job 106938 from worker Core Worker 23142 is a non-check helper but exited with return code 75
[1588870340] wproc:   host=Dial4trade.in; service=SSH Monitoring; contact=nagiosadmin
[1588870340] wproc:   early_timeout=0; exited_ok=1; wait_status=19200; error_code=0;
[1588870340] wproc:   stderr line 01: sendmail: invalid option -- 's'
[1588870340] wproc:   stderr line 02: sendmail: invalid option -- 's'
[1588870340] wproc:   stderr line 03: sendmail: fatal: usage: sendmail [options]
[1588870340] wproc:   stderr line 04: /usr/bin/printf: write error: Broken pipe
[1588871403] Auto-save of retention data completed successfully.
[1588873940] SERVICE NOTIFICATION: nagiosadmin;Dial4trade.in;SSH Monitoring;CRITICAL;notify-service-by-email;CHECK_NRPE STATE CRITICAL: Socket timeout after 10 seconds.
[1588873940] wproc: NOTIFY job 106986 from worker Core Worker 23139 is a non-check helper but exited with return code 75
[1588873940] wproc:   host=Dial4trade.in; service=SSH Monitoring; contact=nagiosadmin
[1588873940] wproc:   early_timeout=0; exited_ok=1; wait_status=19200; error_code=0;
[1588873940] wproc:   stderr line 01: sendmail: invalid option -- 's'
[1588873940] wproc:   stderr line 02: sendmail: invalid option -- 's'
[1588873940] wproc:   stderr line 03: sendmail: fatal: usage: sendmail [options]
[1588873940] wproc:   stderr line 04: /usr/bin/printf: write error: Broken pipe
[1588875003] Auto-save of retention data completed successfully.
[1588877540] SERVICE NOTIFICATION: nagiosadmin;Dial4trade.in;SSH Monitoring;CRITICAL;notify-service-by-email;CHECK_NRPE STATE CRITICAL: Socket timeout after 10 seconds.
[1588877540] wproc: NOTIFY job 107034 from worker Core Worker 23140 is a non-check helper but exited with return code 75
[1588877540] wproc:   host=Dial4trade.in; service=SSH Monitoring; contact=nagiosadmin
[1588877540] wproc:   early_timeout=0; exited_ok=1; wait_status=19200; error_code=0;
[1588877540] wproc:   stderr line 01: sendmail: invalid option -- 's'
[1588877540] wproc:   stderr line 02: sendmail: invalid option -- 's'
[1588877540] wproc:   stderr line 03: sendmail: fatal: usage: sendmail [options]
[1588877540] wproc:   stderr line 04: /usr/bin/printf: write error: Broken pipe
[1588878603] Auto-save of retention data completed successfully.
[1588881140] SERVICE NOTIFICATION: nagiosadmin;Dial4trade.in;SSH Monitoring;CRITICAL;notify-service-by-email;CHECK_NRPE STATE CRITICAL: Socket timeout after 10 seconds.
[1588881140] wproc: NOTIFY job 107083 from worker Core Worker 23141 is a non-check helper but exited with return code 75
[1588881140] wproc:   host=Dial4trade.in; service=SSH Monitoring; contact=nagiosadmin
[1588881140] wproc:   early_timeout=0; exited_ok=1; wait_status=19200; error_code=0;
[1588881140] wproc:   stderr line 01: sendmail: invalid option -- 's'
[1588881140] wproc:   stderr line 02: sendmail: invalid option -- 's'
[1588881140] wproc:   stderr line 03: sendmail: fatal: usage: sendmail [options]
[1588882203] Auto-save of retention data completed successfully.
[1588884740] SERVICE NOTIFICATION: nagiosadmin;Dial4trade.in;SSH Monitoring;CRITICAL;notify-service-by-email;CHECK_NRPE STATE CRITICAL: Socket timeout after 10 seconds.
[1588884740] wproc: NOTIFY job 107131 from worker Core Worker 23142 is a non-check helper but exited with return code 75
[1588884740] wproc:   host=Dial4trade.in; service=SSH Monitoring; contact=nagiosadmin
[1588884740] wproc:   early_timeout=0; exited_ok=1; wait_status=19200; error_code=0;
[1588884740] wproc:   stderr line 01: sendmail: invalid option -- 's'
[1588884740] wproc:   stderr line 02: sendmail: invalid option -- 's'
[1588884740] wproc:   stderr line 03: sendmail: fatal: usage: sendmail [options]
[1588884740] wproc:   stderr line 04: /usr/bin/printf: write error: Broken pipe
[1588885803] Auto-save of retention data completed successfully.
[1588888340] SERVICE NOTIFICATION: nagiosadmin;Dial4trade.in;SSH Monitoring;CRITICAL;notify-service-by-email;CHECK_NRPE STATE CRITICAL: Socket timeout after 10 seconds.
[1588888340] wproc: NOTIFY job 107179 from worker Core Worker 23139 is a non-check helper but exited with return code 75
[1588888340] wproc:   host=Dial4trade.in; service=SSH Monitoring; contact=nagiosadmin
[1588888340] wproc:   early_timeout=0; exited_ok=1; wait_status=19200; error_code=0;
[1588888340] wproc:   stderr line 01: sendmail: invalid option -- 's'
[1588888340] wproc:   stderr line 02: sendmail: invalid option -- 's'
[1588888340] wproc:   stderr line 03: sendmail: fatal: usage: sendmail [options]
[1588888340] wproc:   stderr line 04: /usr/bin/printf: write error: Broken pipe
[1588889403] Auto-save of retention data completed successfully.
[1588891940] SERVICE NOTIFICATION: nagiosadmin;Dial4trade.in;SSH Monitoring;CRITICAL;notify-service-by-email;CHECK_NRPE STATE CRITICAL: Socket timeout after 10 seconds.
[1588891940] wproc: NOTIFY job 107227 from worker Core Worker 23140 is a non-check helper but exited with return code 75
[1588891940] wproc:   host=Dial4trade.in; service=SSH Monitoring; contact=nagiosadmin
[1588891940] wproc:   early_timeout=0; exited_ok=1; wait_status=19200; error_code=0;
[1588891940] wproc:   stderr line 01: sendmail: invalid option -- 's'
[1588891940] wproc:   stderr line 02: sendmail: invalid option -- 's'
[1588891940] wproc:   stderr line 03: sendmail: fatal: usage: sendmail [options]
[1588891940] wproc:   stderr line 04: /usr/bin/printf: write error: Broken pipe
[1588893003] Auto-save of retention data completed successfully.
[1588895540] SERVICE NOTIFICATION: nagiosadmin;Dial4trade.in;SSH Monitoring;CRITICAL;notify-service-by-email;CHECK_NRPE STATE CRITICAL: Socket timeout after 10 seconds.
[1588895540] wproc: NOTIFY job 107276 from worker Core Worker 23141 is a non-check helper but exited with return code 75
[1588895540] wproc:   host=Dial4trade.in; service=SSH Monitoring; contact=nagiosadmin
[1588895540] wproc:   early_timeout=0; exited_ok=1; wait_status=19200; error_code=0;
[1588895540] wproc:   stderr line 01: sendmail: invalid option -- 's'
[1588895540] wproc:   stderr line 02: sendmail: invalid option -- 's'
[1588895540] wproc:   stderr line 03: sendmail: fatal: usage: sendmail [options]
[1588895540] wproc:   stderr line 04: /usr/bin/printf: write error: Broken pipe
