[1586649600] LOG ROTATION: DAILY
[1586649600] LOG VERSION: 2.0
[1586649600] CURRENT HOST STATE: Dial4trade.in;UP;HARD;1;PING OK - Packet loss = 0%, RTA = 1.13 ms
[1586649600] CURRENT HOST STATE: localhost;UP;HARD;1;PING OK - Packet loss = 0%, RTA = 0.04 ms
[1586649600] CURRENT SERVICE STATE: Dial4trade.in;Apache Monitoring;OK;HARD;1;httpd is runing ! ! !
[1586649600] CURRENT SERVICE STATE: Dial4trade.in;CPU Load;OK;HARD;1;OK - load average: 0.00, 0.01, 0.05
[1586649600] CURRENT SERVICE STATE: Dial4trade.in;Current Users;OK;HARD;1;USERS OK - 0 users currently logged in
[1586649600] CURRENT SERVICE STATE: Dial4trade.in;FTP Monitoring;OK;HARD;1;vsftpd is running fine ! ! !
[1586649600] CURRENT SERVICE STATE: Dial4trade.in;Memory monitoring;OK;HARD;1;32.02%
[1586649600] CURRENT SERVICE STATE: Dial4trade.in;PHP-FPM;OK;HARD;1;php-fpm is running fine ! ! !
[1586649600] CURRENT SERVICE STATE: Dial4trade.in;ROOT monitoring;OK;HARD;1;OK - 33% of disk space used.
[1586649600] CURRENT SERVICE STATE: Dial4trade.in;SSH Monitoring;CRITICAL;HARD;3;CHECK_NRPE STATE CRITICAL: Socket timeout after 10 seconds.
[1586649600] CURRENT SERVICE STATE: Dial4trade.in;SWAP Monitoring;OK;HARD;1;SWAP OK - 98% free (2003 MB out of 2047 MB)
[1586649600] CURRENT SERVICE STATE: Dial4trade.in;Total Processes;OK;HARD;1;PROCS OK: 121 processes
[1586649600] CURRENT SERVICE STATE: localhost;Current Load;OK;HARD;1;OK - load average: 0.00, 0.01, 0.05
[1586649600] CURRENT SERVICE STATE: localhost;Current Users;OK;HARD;1;USERS OK - 0 users currently logged in
[1586649600] CURRENT SERVICE STATE: localhost;HTTP;OK;HARD;1;HTTP OK: HTTP/1.1 200 OK - 296 bytes in 0.000 second response time
[1586649600] CURRENT SERVICE STATE: localhost;Memory monitoring;OK;HARD;1;9.71%
[1586649600] CURRENT SERVICE STATE: localhost;PING;OK;HARD;1;PING OK - Packet loss = 0%, RTA = 0.04 ms
[1586649600] CURRENT SERVICE STATE: localhost;Root Partition;OK;HARD;1;DISK OK - free space: / 8346 MB (81.60% inode=99%):
[1586649600] CURRENT SERVICE STATE: localhost;SSH;OK;HARD;1;SSH OK - OpenSSH_7.4 (protocol 2.0)
[1586649600] CURRENT SERVICE STATE: localhost;Swap Usage;OK;HARD;1;SWAP OK - 100% free (511 MB out of 511 MB)
[1586649600] CURRENT SERVICE STATE: localhost;Total Processes;OK;HARD;1;PROCS OK: 33 processes with STATE = RSZDT
[1586650203] Auto-save of retention data completed successfully.
[1586650940] SERVICE NOTIFICATION: nagiosadmin;Dial4trade.in;SSH Monitoring;CRITICAL;notify-service-by-email;CHECK_NRPE STATE CRITICAL: Socket timeout after 10 seconds.
[1586650940] wproc: NOTIFY job 77185 from worker Core Worker 23140 is a non-check helper but exited with return code 75
[1586650940] wproc:   host=Dial4trade.in; service=SSH Monitoring; contact=nagiosadmin
[1586650940] wproc:   early_timeout=0; exited_ok=1; wait_status=19200; error_code=0;
[1586650940] wproc:   stderr line 01: sendmail: invalid option -- 's'
[1586650940] wproc:   stderr line 02: sendmail: invalid option -- 's'
[1586650940] wproc:   stderr line 03: sendmail: fatal: usage: sendmail [options]
[1586650940] wproc:   stderr line 04: /usr/bin/printf: write error: Broken pipe
[1586653803] Auto-save of retention data completed successfully.
[1586654540] SERVICE NOTIFICATION: nagiosadmin;Dial4trade.in;SSH Monitoring;CRITICAL;notify-service-by-email;CHECK_NRPE STATE CRITICAL: Socket timeout after 10 seconds.
[1586654540] wproc: NOTIFY job 77234 from worker Core Worker 23141 is a non-check helper but exited with return code 75
[1586654540] wproc:   host=Dial4trade.in; service=SSH Monitoring; contact=nagiosadmin
[1586654540] wproc:   early_timeout=0; exited_ok=1; wait_status=19200; error_code=0;
[1586654540] wproc:   stderr line 01: sendmail: invalid option -- 's'
[1586654540] wproc:   stderr line 02: sendmail: invalid option -- 's'
[1586654540] wproc:   stderr line 03: sendmail: fatal: usage: sendmail [options]
[1586654540] wproc:   stderr line 04: /usr/bin/printf: write error: Broken pipe
[1586657403] Auto-save of retention data completed successfully.
[1586658140] SERVICE NOTIFICATION: nagiosadmin;Dial4trade.in;SSH Monitoring;CRITICAL;notify-service-by-email;CHECK_NRPE STATE CRITICAL: Socket timeout after 10 seconds.
[1586658140] wproc: NOTIFY job 77282 from worker Core Worker 23142 is a non-check helper but exited with return code 75
[1586658140] wproc:   host=Dial4trade.in; service=SSH Monitoring; contact=nagiosadmin
[1586658140] wproc:   early_timeout=0; exited_ok=1; wait_status=19200; error_code=0;
[1586658140] wproc:   stderr line 01: sendmail: invalid option -- 's'
[1586658140] wproc:   stderr line 02: sendmail: invalid option -- 's'
[1586658140] wproc:   stderr line 03: sendmail: fatal: usage: sendmail [options]
[1586658140] wproc:   stderr line 04: /usr/bin/printf: write error: Broken pipe
[1586661003] Auto-save of retention data completed successfully.
[1586661740] SERVICE NOTIFICATION: nagiosadmin;Dial4trade.in;SSH Monitoring;CRITICAL;notify-service-by-email;CHECK_NRPE STATE CRITICAL: Socket timeout after 10 seconds.
[1586661740] wproc: NOTIFY job 77330 from worker Core Worker 23139 is a non-check helper but exited with return code 75
[1586661740] wproc:   host=Dial4trade.in; service=SSH Monitoring; contact=nagiosadmin
[1586661740] wproc:   early_timeout=0; exited_ok=1; wait_status=19200; error_code=0;
[1586661740] wproc:   stderr line 01: sendmail: invalid option -- 's'
[1586661740] wproc:   stderr line 02: sendmail: invalid option -- 's'
[1586661740] wproc:   stderr line 03: sendmail: fatal: usage: sendmail [options]
[1586661740] wproc:   stderr line 04: /usr/bin/printf: write error: Broken pipe
[1586664603] Auto-save of retention data completed successfully.
[1586665340] SERVICE NOTIFICATION: nagiosadmin;Dial4trade.in;SSH Monitoring;CRITICAL;notify-service-by-email;CHECK_NRPE STATE CRITICAL: Socket timeout after 10 seconds.
[1586665340] wproc: NOTIFY job 77378 from worker Core Worker 23140 is a non-check helper but exited with return code 75
[1586665340] wproc:   host=Dial4trade.in; service=SSH Monitoring; contact=nagiosadmin
[1586665340] wproc:   early_timeout=0; exited_ok=1; wait_status=19200; error_code=0;
[1586665340] wproc:   stderr line 01: sendmail: invalid option -- 's'
[1586665340] wproc:   stderr line 02: sendmail: invalid option -- 's'
[1586665340] wproc:   stderr line 03: sendmail: fatal: usage: sendmail [options]
[1586665340] wproc:   stderr line 04: /usr/bin/printf: write error: Broken pipe
[1586668203] Auto-save of retention data completed successfully.
[1586668940] SERVICE NOTIFICATION: nagiosadmin;Dial4trade.in;SSH Monitoring;CRITICAL;notify-service-by-email;CHECK_NRPE STATE CRITICAL: Socket timeout after 10 seconds.
[1586668940] wproc: NOTIFY job 77427 from worker Core Worker 23141 is a non-check helper but exited with return code 75
[1586668940] wproc:   host=Dial4trade.in; service=SSH Monitoring; contact=nagiosadmin
[1586668940] wproc:   early_timeout=0; exited_ok=1; wait_status=19200; error_code=0;
[1586668940] wproc:   stderr line 01: sendmail: invalid option -- 's'
[1586668940] wproc:   stderr line 02: sendmail: invalid option -- 's'
[1586668940] wproc:   stderr line 03: sendmail: fatal: usage: sendmail [options]
[1586668940] wproc:   stderr line 04: /usr/bin/printf: write error: Broken pipe
[1586671803] Auto-save of retention data completed successfully.
[1586672540] SERVICE NOTIFICATION: nagiosadmin;Dial4trade.in;SSH Monitoring;CRITICAL;notify-service-by-email;CHECK_NRPE STATE CRITICAL: Socket timeout after 10 seconds.
[1586672540] wproc: NOTIFY job 77475 from worker Core Worker 23142 is a non-check helper but exited with return code 75
[1586672540] wproc:   host=Dial4trade.in; service=SSH Monitoring; contact=nagiosadmin
[1586672540] wproc:   early_timeout=0; exited_ok=1; wait_status=19200; error_code=0;
[1586672540] wproc:   stderr line 01: sendmail: invalid option -- 's'
[1586672540] wproc:   stderr line 02: sendmail: invalid option -- 's'
[1586672540] wproc:   stderr line 03: sendmail: fatal: usage: sendmail [options]
[1586672540] wproc:   stderr line 04: /usr/bin/printf: write error: Broken pipe
[1586675403] Auto-save of retention data completed successfully.
[1586676140] SERVICE NOTIFICATION: nagiosadmin;Dial4trade.in;SSH Monitoring;CRITICAL;notify-service-by-email;CHECK_NRPE STATE CRITICAL: Socket timeout after 10 seconds.
[1586676140] wproc: NOTIFY job 77523 from worker Core Worker 23139 is a non-check helper but exited with return code 75
[1586676140] wproc:   host=Dial4trade.in; service=SSH Monitoring; contact=nagiosadmin
[1586676140] wproc:   early_timeout=0; exited_ok=1; wait_status=19200; error_code=0;
[1586676140] wproc:   stderr line 01: sendmail: invalid option -- 's'
[1586676140] wproc:   stderr line 02: sendmail: invalid option -- 's'
[1586676140] wproc:   stderr line 03: sendmail: fatal: usage: sendmail [options]
[1586676140] wproc:   stderr line 04: /usr/bin/printf: write error: Broken pipe
[1586679003] Auto-save of retention data completed successfully.
[1586679740] SERVICE NOTIFICATION: nagiosadmin;Dial4trade.in;SSH Monitoring;CRITICAL;notify-service-by-email;CHECK_NRPE STATE CRITICAL: Socket timeout after 10 seconds.
[1586679740] wproc: NOTIFY job 77571 from worker Core Worker 23140 is a non-check helper but exited with return code 75
[1586679740] wproc:   host=Dial4trade.in; service=SSH Monitoring; contact=nagiosadmin
[1586679740] wproc:   early_timeout=0; exited_ok=1; wait_status=19200; error_code=0;
[1586679740] wproc:   stderr line 01: sendmail: invalid option -- 's'
[1586679740] wproc:   stderr line 02: sendmail: invalid option -- 's'
[1586679740] wproc:   stderr line 03: sendmail: fatal: usage: sendmail [options]
[1586679740] wproc:   stderr line 04: /usr/bin/printf: write error: Broken pipe
[1586682603] Auto-save of retention data completed successfully.
[1586683340] SERVICE NOTIFICATION: nagiosadmin;Dial4trade.in;SSH Monitoring;CRITICAL;notify-service-by-email;CHECK_NRPE STATE CRITICAL: Socket timeout after 10 seconds.
[1586683340] wproc: NOTIFY job 77620 from worker Core Worker 23141 is a non-check helper but exited with return code 75
[1586683340] wproc:   host=Dial4trade.in; service=SSH Monitoring; contact=nagiosadmin
[1586683340] wproc:   early_timeout=0; exited_ok=1; wait_status=19200; error_code=0;
[1586683340] wproc:   stderr line 01: sendmail: invalid option -- 's'
[1586683340] wproc:   stderr line 02: sendmail: invalid option -- 's'
[1586683340] wproc:   stderr line 03: sendmail: fatal: usage: sendmail [options]
[1586683340] wproc:   stderr line 04: /usr/bin/printf: write error: Broken pipe
[1586686203] Auto-save of retention data completed successfully.
[1586686941] SERVICE NOTIFICATION: nagiosadmin;Dial4trade.in;SSH Monitoring;CRITICAL;notify-service-by-email;CHECK_NRPE STATE CRITICAL: Socket timeout after 10 seconds.
[1586686941] wproc: NOTIFY job 77668 from worker Core Worker 23142 is a non-check helper but exited with return code 75
[1586686941] wproc:   host=Dial4trade.in; service=SSH Monitoring; contact=nagiosadmin
[1586686941] wproc:   early_timeout=0; exited_ok=1; wait_status=19200; error_code=0;
[1586686941] wproc:   stderr line 01: sendmail: invalid option -- 's'
[1586686941] wproc:   stderr line 02: sendmail: invalid option -- 's'
[1586686941] wproc:   stderr line 03: sendmail: fatal: usage: sendmail [options]
[1586686941] wproc:   stderr line 04: /usr/bin/printf: write error: Broken pipe
[1586689803] Auto-save of retention data completed successfully.
[1586691140] SERVICE NOTIFICATION: nagiosadmin;Dial4trade.in;SSH Monitoring;CRITICAL;notify-service-by-email;CHECK_NRPE STATE CRITICAL: Socket timeout after 10 seconds.
[1586691140] wproc: NOTIFY job 77724 from worker Core Worker 23139 is a non-check helper but exited with return code 75
[1586691140] wproc:   host=Dial4trade.in; service=SSH Monitoring; contact=nagiosadmin
[1586691140] wproc:   early_timeout=0; exited_ok=1; wait_status=19200; error_code=0;
[1586691140] wproc:   stderr line 01: sendmail: invalid option -- 's'
[1586691140] wproc:   stderr line 02: sendmail: invalid option -- 's'
[1586691140] wproc:   stderr line 03: sendmail: fatal: usage: sendmail [options]
[1586691140] wproc:   stderr line 04: /usr/bin/printf: write error: Broken pipe
[1586693403] Auto-save of retention data completed successfully.
[1586694740] SERVICE NOTIFICATION: nagiosadmin;Dial4trade.in;SSH Monitoring;CRITICAL;notify-service-by-email;CHECK_NRPE STATE CRITICAL: Socket timeout after 10 seconds.
[1586694740] wproc: NOTIFY job 77772 from worker Core Worker 23140 is a non-check helper but exited with return code 75
[1586694740] wproc:   host=Dial4trade.in; service=SSH Monitoring; contact=nagiosadmin
[1586694740] wproc:   early_timeout=0; exited_ok=1; wait_status=19200; error_code=0;
[1586694740] wproc:   stderr line 01: sendmail: invalid option -- 's'
[1586694740] wproc:   stderr line 02: sendmail: invalid option -- 's'
[1586694740] wproc:   stderr line 03: sendmail: fatal: usage: sendmail [options]
[1586694740] wproc:   stderr line 04: /usr/bin/printf: write error: Broken pipe
[1586697003] Auto-save of retention data completed successfully.
[1586698340] SERVICE NOTIFICATION: nagiosadmin;Dial4trade.in;SSH Monitoring;CRITICAL;notify-service-by-email;CHECK_NRPE STATE CRITICAL: Socket timeout after 10 seconds.
[1586698340] wproc: NOTIFY job 77821 from worker Core Worker 23141 is a non-check helper but exited with return code 75
[1586698340] wproc:   host=Dial4trade.in; service=SSH Monitoring; contact=nagiosadmin
[1586698340] wproc:   early_timeout=0; exited_ok=1; wait_status=19200; error_code=0;
[1586698340] wproc:   stderr line 01: sendmail: invalid option -- 's'
[1586698340] wproc:   stderr line 02: sendmail: invalid option -- 's'
[1586698340] wproc:   stderr line 03: sendmail: fatal: usage: sendmail [options]
[1586698340] wproc:   stderr line 04: /usr/bin/printf: write error: Broken pipe
[1586700603] Auto-save of retention data completed successfully.
[1586701940] SERVICE NOTIFICATION: nagiosadmin;Dial4trade.in;SSH Monitoring;CRITICAL;notify-service-by-email;CHECK_NRPE STATE CRITICAL: Socket timeout after 10 seconds.
[1586701940] wproc: NOTIFY job 77869 from worker Core Worker 23142 is a non-check helper but exited with return code 75
[1586701940] wproc:   host=Dial4trade.in; service=SSH Monitoring; contact=nagiosadmin
[1586701940] wproc:   early_timeout=0; exited_ok=1; wait_status=19200; error_code=0;
[1586701940] wproc:   stderr line 01: sendmail: invalid option -- 's'
[1586701940] wproc:   stderr line 02: sendmail: invalid option -- 's'
[1586701940] wproc:   stderr line 03: sendmail: fatal: usage: sendmail [options]
[1586701940] wproc:   stderr line 04: /usr/bin/printf: write error: Broken pipe
[1586704203] Auto-save of retention data completed successfully.
[1586705540] SERVICE NOTIFICATION: nagiosadmin;Dial4trade.in;SSH Monitoring;CRITICAL;notify-service-by-email;CHECK_NRPE STATE CRITICAL: Socket timeout after 10 seconds.
[1586705540] wproc: NOTIFY job 77917 from worker Core Worker 23139 is a non-check helper but exited with return code 75
[1586705540] wproc:   host=Dial4trade.in; service=SSH Monitoring; contact=nagiosadmin
[1586705540] wproc:   early_timeout=0; exited_ok=1; wait_status=19200; error_code=0;
[1586705540] wproc:   stderr line 01: sendmail: invalid option -- 's'
[1586705540] wproc:   stderr line 02: sendmail: invalid option -- 's'
[1586705540] wproc:   stderr line 03: sendmail: fatal: usage: sendmail [options]
[1586705540] wproc:   stderr line 04: /usr/bin/printf: write error: Broken pipe
[1586707803] Auto-save of retention data completed successfully.
[1586709140] SERVICE NOTIFICATION: nagiosadmin;Dial4trade.in;SSH Monitoring;CRITICAL;notify-service-by-email;CHECK_NRPE STATE CRITICAL: Socket timeout after 10 seconds.
[1586709140] wproc: NOTIFY job 77965 from worker Core Worker 23140 is a non-check helper but exited with return code 75
[1586709140] wproc:   host=Dial4trade.in; service=SSH Monitoring; contact=nagiosadmin
[1586709140] wproc:   early_timeout=0; exited_ok=1; wait_status=19200; error_code=0;
[1586709140] wproc:   stderr line 01: sendmail: invalid option -- 's'
[1586709140] wproc:   stderr line 02: sendmail: invalid option -- 's'
[1586709140] wproc:   stderr line 03: sendmail: fatal: usage: sendmail [options]
[1586709140] wproc:   stderr line 04: /usr/bin/printf: write error: Broken pipe
[1586711403] Auto-save of retention data completed successfully.
[1586712740] SERVICE NOTIFICATION: nagiosadmin;Dial4trade.in;SSH Monitoring;CRITICAL;notify-service-by-email;CHECK_NRPE STATE CRITICAL: Socket timeout after 10 seconds.
[1586712740] wproc: NOTIFY job 78014 from worker Core Worker 23141 is a non-check helper but exited with return code 75
[1586712740] wproc:   host=Dial4trade.in; service=SSH Monitoring; contact=nagiosadmin
[1586712740] wproc:   early_timeout=0; exited_ok=1; wait_status=19200; error_code=0;
[1586712740] wproc:   stderr line 01: sendmail: invalid option -- 's'
[1586712740] wproc:   stderr line 02: sendmail: invalid option -- 's'
[1586712740] wproc:   stderr line 03: sendmail: fatal: usage: sendmail [options]
[1586712740] wproc:   stderr line 04: /usr/bin/printf: write error: Broken pipe
[1586715003] Auto-save of retention data completed successfully.
[1586716340] SERVICE NOTIFICATION: nagiosadmin;Dial4trade.in;SSH Monitoring;CRITICAL;notify-service-by-email;CHECK_NRPE STATE CRITICAL: Socket timeout after 10 seconds.
[1586716340] wproc: NOTIFY job 78062 from worker Core Worker 23142 is a non-check helper but exited with return code 75
[1586716340] wproc:   host=Dial4trade.in; service=SSH Monitoring; contact=nagiosadmin
[1586716340] wproc:   early_timeout=0; exited_ok=1; wait_status=19200; error_code=0;
[1586716340] wproc:   stderr line 01: sendmail: invalid option -- 's'
[1586716340] wproc:   stderr line 02: sendmail: invalid option -- 's'
[1586716340] wproc:   stderr line 03: sendmail: fatal: usage: sendmail [options]
[1586716340] wproc:   stderr line 04: /usr/bin/printf: write error: Broken pipe
[1586718603] Auto-save of retention data completed successfully.
[1586719940] SERVICE NOTIFICATION: nagiosadmin;Dial4trade.in;SSH Monitoring;CRITICAL;notify-service-by-email;CHECK_NRPE STATE CRITICAL: Socket timeout after 10 seconds.
[1586719940] wproc: NOTIFY job 78110 from worker Core Worker 23139 is a non-check helper but exited with return code 75
[1586719940] wproc:   host=Dial4trade.in; service=SSH Monitoring; contact=nagiosadmin
[1586719940] wproc:   early_timeout=0; exited_ok=1; wait_status=19200; error_code=0;
[1586719940] wproc:   stderr line 01: sendmail: invalid option -- 's'
[1586719940] wproc:   stderr line 02: sendmail: invalid option -- 's'
[1586719940] wproc:   stderr line 03: sendmail: fatal: usage: sendmail [options]
[1586719940] wproc:   stderr line 04: /usr/bin/printf: write error: Broken pipe
[1586722203] Auto-save of retention data completed successfully.
[1586723540] SERVICE NOTIFICATION: nagiosadmin;Dial4trade.in;SSH Monitoring;CRITICAL;notify-service-by-email;CHECK_NRPE STATE CRITICAL: Socket timeout after 10 seconds.
[1586723540] wproc: NOTIFY job 78158 from worker Core Worker 23140 is a non-check helper but exited with return code 75
[1586723540] wproc:   host=Dial4trade.in; service=SSH Monitoring; contact=nagiosadmin
[1586723540] wproc:   early_timeout=0; exited_ok=1; wait_status=19200; error_code=0;
[1586723540] wproc:   stderr line 01: sendmail: invalid option -- 's'
[1586723540] wproc:   stderr line 02: sendmail: invalid option -- 's'
[1586723540] wproc:   stderr line 03: sendmail: fatal: usage: sendmail [options]
[1586723540] wproc:   stderr line 04: /usr/bin/printf: write error: Broken pipe
[1586725803] Auto-save of retention data completed successfully.
[1586727140] SERVICE NOTIFICATION: nagiosadmin;Dial4trade.in;SSH Monitoring;CRITICAL;notify-service-by-email;CHECK_NRPE STATE CRITICAL: Socket timeout after 10 seconds.
[1586727140] wproc: NOTIFY job 78207 from worker Core Worker 23141 is a non-check helper but exited with return code 75
[1586727140] wproc:   host=Dial4trade.in; service=SSH Monitoring; contact=nagiosadmin
[1586727140] wproc:   early_timeout=0; exited_ok=1; wait_status=19200; error_code=0;
[1586727140] wproc:   stderr line 01: sendmail: invalid option -- 's'
[1586727140] wproc:   stderr line 02: sendmail: invalid option -- 's'
[1586727140] wproc:   stderr line 03: sendmail: fatal: usage: sendmail [options]
[1586727140] wproc:   stderr line 04: /usr/bin/printf: write error: Broken pipe
[1586729403] Auto-save of retention data completed successfully.
[1586730740] SERVICE NOTIFICATION: nagiosadmin;Dial4trade.in;SSH Monitoring;CRITICAL;notify-service-by-email;CHECK_NRPE STATE CRITICAL: Socket timeout after 10 seconds.
[1586730740] wproc: NOTIFY job 78255 from worker Core Worker 23142 is a non-check helper but exited with return code 75
[1586730740] wproc:   host=Dial4trade.in; service=SSH Monitoring; contact=nagiosadmin
[1586730740] wproc:   early_timeout=0; exited_ok=1; wait_status=19200; error_code=0;
[1586730740] wproc:   stderr line 01: sendmail: invalid option -- 's'
[1586730740] wproc:   stderr line 02: sendmail: invalid option -- 's'
[1586730740] wproc:   stderr line 03: sendmail: fatal: usage: sendmail [options]
[1586730740] wproc:   stderr line 04: /usr/bin/printf: write error: Broken pipe
[1586733003] Auto-save of retention data completed successfully.
[1586734340] SERVICE NOTIFICATION: nagiosadmin;Dial4trade.in;SSH Monitoring;CRITICAL;notify-service-by-email;CHECK_NRPE STATE CRITICAL: Socket timeout after 10 seconds.
[1586734340] wproc: NOTIFY job 78303 from worker Core Worker 23139 is a non-check helper but exited with return code 75
[1586734340] wproc:   host=Dial4trade.in; service=SSH Monitoring; contact=nagiosadmin
[1586734340] wproc:   early_timeout=0; exited_ok=1; wait_status=19200; error_code=0;
[1586734340] wproc:   stderr line 01: sendmail: invalid option -- 's'
[1586734340] wproc:   stderr line 02: sendmail: invalid option -- 's'
[1586734340] wproc:   stderr line 03: sendmail: fatal: usage: sendmail [options]
[1586734340] wproc:   stderr line 04: /usr/bin/printf: write error: Broken pipe
